vrp_101_10_1
Solving: data/vrp_101_10_1
greedy 123.024118141 

divideNconquer 201.404148034 

greedy 192.613401373 

linear 216.865995022 

divideNconquer 174.44625984 

insertInBetween 265.098600709 

insertNearestInBetween 188.053633415 

insertInBetween 161.629522936 

greedy 192.221320189 

linear 67.082039325 

1776.89736908 0
0 74 63 6 16 15 0
0 54 57 93 93 25 0
0 7 2 13 38 32 46 56 0
0 58 70 81 85 88 95 8 0
0 34 18 17 12 97 1 1 21 22 28 0
0 75 82 71 78 62 53 60 42 37 39 0
0 20 23 19 14 11 10 9 4 3 5 98 100 92 84 87 0
0 24 26 27 30 29 36 35 52 49 47 43 41 40 59 55 44 45 48 51 50 0
0 67 65 66 69 68 64 61 72 80 79 77 73 76 83 86 90 89 91 94 96 0
0 99 0

vrp_101_14_2
Solving: data/vrp_101_14_2
insertInBetween 98.6447278462 

greedy 185.214265161 

greedy 156.424136929 

divideNconquer 117.851932792 

greedy 167.861235003 

greedy 152.472777852 

greedy 186.143377364 

insertNearestInBetween 177.347275814 

greedy 158.318529104 

divideNconquer 158.582993752 

greedy 196.174485307 

divideNconquer 238.233792967 

insertNearestInBetween 290.767830695 

linear 36.7695526217 

2428.99476935 0
0 48 86 85 0
0 39 68 71 49 0
0 31 47 46 59 23 0
0 5 87 2 81 2 0
0 13 72 67 34 66 0
0 14 93 6 32 30 79 0
0 89 16 95 4 12 65 0
0 58 44 22 75 54 24 62 0
0 27 26 3 9 10 19 100 0
0 43 53 43 28 77 50 82 45 0
0 76 33 25 21 97 96 61 83 18 11 0
0 8 64 63 88 1 20 51 29 73 40 88 52 0
0 35 78 80 55 56 74 41 15 57 42 91 37 99 60 84 17 36 7 90 70 69 0
0 92 0

vrp_151_14_1
Solving: data/vrp_151_14_1
greedy 293.71542763 

greedy 395.633941081 

greedy 471.080102762 

greedy 229.032312548 

greedy 226.317970847 

greedy 459.289137043 

divideNconquer 402.264335761 

divideNconquer 425.623617878 

insertNearestInBetween 444.389289785 

greedy 355.480261484 

insertNearestInBetween 599.344035528 

insertInBetween 551.10579311 

insertInBetween 799.810237769 

greedy 866.026498083 

6673.85576658 0
0 25 114 74 0
0 57 38 5 0
0 63 33 3 99 0
0 17 92 95 0
0 15 101 102 0
0 61 67 42 76 90 106 0
0 66 1 138 128 1 0
0 56 146 56 14 26 6 0
0 89 111 118 109 71 78 0
0 119 70 48 39 35 54 65 149 0
0 24 20 2 8 7 82 30 69 117 113 0
0 147 51 32 28 80 72 112 104 23 11 19 127 125 13 0
0 126 12 123 22 108 115 77 47 43 45 60 68 50 87 86 150 9 105 97 93 98 91 96 100 136 132 133 141 148 142 0
0 144 84 83 85 81 4 10 94 88 103 107 75 73 110 116 79 46 37 34 31 40 41 44 58 59 49 62 53 55 52 64 145 139 140 18 129 121 120 134 131 137 122 135 130 124 16 21 27 143 0

vrp_200_16_1
Solving: data/vrp_200_16_1
insertInBetween 147.123156343 

greedy 228.720019633 

greedy 158.273585062 

divideNconquer 168.93866053 

insertNearestInBetween 177.390815457 

greedy 196.261457629 

greedy 209.714850804 

insertInBetween 210.536430718 

greedy 182.0124689 

divideNconquer 148.60951896 

divideNconquer 177.950102419 

greedy 231.850786773 

greedy 240.207920532 

greedy 246.47847993 

greedy 290.600025221 

divideNconquer 391.265004552 

3452.7911191 0
0 68 161 48 8 118 85 0
0 86 49 190 1 102 164 39 0
0 159 112 5 59 178 23 154 0
0 94 2 171 2 120 31 182 47 0
0 196 81 34 134 87 141 174 183 0
0 147 13 152 72 67 66 181 160 0
0 93 113 19 108 32 188 79 170 133 0
0 95 14 114 30 65 3 195 155 180 105 0
0 156 16 15 198 4 130 12 111 107 62 167 0
0 151 58 22 75 197 54 184 149 26 26 166 0
0 100 193 194 148 10 71 135 9 176 177 28 27 0
0 89 45 38 144 21 116 158 103 162 189 123 82 106 0
0 53 187 139 138 76 77 169 157 50 128 175 127 17 61 191 0
0 132 131 11 143 168 153 18 83 96 97 142 172 186 179 109 163 33 0
0 40 137 115 145 73 55 150 29 185 35 51 20 63 64 124 88 52 99 104 119 192 98 0
0 92 117 6 36 46 199 60 173 84 91 146 7 126 90 70 101 69 122 136 78 129 121 80 24 165 25 110 56 74 41 57 42 43 140 91 0

vrp_22_4_1
Solving: data/vrp_22_4_1
greedy 165.607069614 

linear 154.110178967 

divideNconquer 176.528210638 

divideNconquer 192.980647684 

729.002852656 0
0 19 4 5 0
0 16 20 12 3 0
0 9 17 15 9 1 11 0
0 18 8 6 2 7 10 8 14 0

vrp_256_14_1
Solving: data/vrp_256_14_1
greedy 12.9574173292 

divideNconquer 15.8901997215 

greedy 18.9705627485 

insertInBetween 30.1816652994 

greedy 34.6439558274 

greedy 48.0832611207 

divideNconquer 47.2548339959 

greedy 63.5572106664 

greedy 70.5509223678 

insertNearestInBetween 66.2253967444 

insertNearestInBetween 72.9447659043 

greedy 81.1959594929 

insertNearestInBetween 93.0801446809 

greedy 71.1504827579 

739.036125446 0
0 1 3 9 255 0
0 6 11 7 13 4 13 0
0 8 12 17 23 16 15 10 5 0
0 25 19 18 24 31 39 30 22 21 20 14 0
0 26 33 41 32 40 49 59 48 38 29 47 37 28 0
0 54 27 36 46 57 69 58 70 83 71 60 50 61 51 42 34 0
0 45 56 68 81 95 82 96 111 97 84 98 85 72 73 62 52 43 98 0
0 53 63 74 86 99 113 128 112 127 142 126 141 110 125 109 94 80 67 90 44 55 0
0 64 75 87 100 114 129 144 158 171 183 182 169 155 140 124 108 93 79 66 156 170 157 143 0
0 76 88 101 115 130 145 159 172 184 195 205 194 214 204 193 181 168 154 139 123 107 92 78 77 65 0
0 89 103 117 102 116 131 146 160 173 185 196 206 215 223 230 222 213 203 192 180 167 153 138 122 121 105 91 106 0
0 104 120 136 151 137 152 166 179 191 202 212 221 229 236 242 237 231 224 216 207 197 186 174 161 147 132 162 148 133 118 0
0 119 135 150 164 177 165 189 178 190 201 211 220 228 235 241 246 250 247 243 238 232 225 217 208 198 199 188 176 163 149 134 175 187 0
0 200 210 219 227 234 240 245 249 252 254 253 251 248 244 239 233 226 218 209 0

vrp_31_9_1
Solving: data/vrp_31_9_1
linear 67.5877828359 

greedy 101.129932828 

divideNconquer 88.630888189 

divideNconquer 105.883869852 

greedy 126.056370546 

greedy 102.501899908 

greedy 102.424192308 

greedy 72.3874023612 

greedy 150.113105882 

901.675835356 0
0 11 14 0
0 4 15 9 0
0 21 28 3 0
0 24 7 7 0
0 17 10 20 0
0 5 30 23 6 0
0 26 18 16 1 0
0 12 8 19 27 0
0 13 29 22 25 0

vrp_36_11_1
Solving: data/vrp_36_11_1
linear 67.8486038878 

linear 129.681450672 

linear 90.6304088333 

greedy 117.588292173 

greedy 94.3806885638 

greedy 92.1799387796 

greedy 77.0337456361 

greedy 92.5286522286 

greedy 88.3289020176 

greedy 71.0898376765 

greedy 105.962754521 

1027.25327499 0
0 11 4 0
0 14 9 23 0
0 28 21 35 0
0 24 32 13 0
0 2 33 25 0
0 8 10 31 0
0 30 5 20 0
0 17 16 6 15 0
0 26 34 22 1 0
0 12 7 19 27 0
0 29 3 18 0

vrp_421_41_1
Solving: data/vrp_421_41_1
linear 34.6410080763 

linear 60.0001592177 

linear 44.0717290979 

linear 66.3673807318 

greedy 62.0473521598 

linear 69.7515266897 

linear 93.7498374155 

linear 67.6582307329 

divideNconquer 111.954092934 

linear 91.5131301575 

greedy 119.305421653 

greedy 127.981005204 

linear 105.716133725 

linear 183.105541586 

linear 134.496209027 

linear 202.537521951 

greedy 158.53305205 

linear 51.8222816696 

linear 64.7778588945 

linear 77.2000475246 

linear 93.4192062704 

divideNconquer 112.922900485 

linear 136.340028983 

linear 158.148915843 

linear 197.686132224 

insertNearestInBetween 106.120189323 

greedy 52.7916253451 

greedy 70.2100025332 

greedy 77.8044229887 

greedy 82.4865648953 

insertInBetween 105.084825178 

divideNconquer 108.581952468 

insertInBetween 128.450606767 

insertNearestInBetween 137.12891143 

greedy 161.497438699 

greedy 161.106516826 

greedy 214.263973763 

greedy 187.339473085 

4277.15148038 0
0 1 2 3 4 5 0
0 6 7 8 9 10 0
0 11 60 61 62 63 0
0 64 65 66 67 68 0
0 121 120 71 70 69 0
0 122 123 124 125 126 0
0 127 128 129 130 131 0
0 180 181 182 183 184 0
0 188 187 186 185 189 0
0 190 191 240 241 242 0
0 245 244 243 247 246 0
0 300 251 250 249 248 0
0 301 302 303 304 305 0
0 306 307 308 309 310 0
0 311 360 361 362 363 0
0 364 365 366 367 368 0
0 18 420 15 371 370 369 0
0 23 26 31 34 39 42 47 50 55 58 0
0 75 78 83 86 91 94 99 102 107 110 0
0 115 118 135 138 143 146 151 154 159 162 0
0 167 170 175 178 195 198 203 206 211 214 0
0 222 219 266 266 263 258 255 238 235 230 0
0 271 274 279 282 287 290 295 298 315 318 0
0 323 326 331 334 339 342 347 350 355 358 0
0 375 378 383 386 391 394 399 402 407 410 0
0 29 28 21 30 32 27 25 20 13 22 24 19 17 12 14 16 418 415 0
0 33 35 40 38 36 41 43 48 46 37 44 49 51 56 54 45 52 57 59 53 0
0 76 74 72 77 79 84 82 73 80 85 87 92 90 81 88 93 95 89 96 97 0
0 100 98 101 103 108 106 104 109 111 116 114 105 112 117 119 136 134 113 132 133 0
0 137 139 144 142 140 145 147 152 150 141 148 153 155 160 158 149 156 161 163 157 0
0 168 166 164 169 176 171 174 165 172 177 179 196 194 173 192 197 199 193 200 201 0
0 216 209 218 220 215 213 208 210 212 207 205 202 204 228 225 224 217 226 228 223 0
0 229 231 236 234 232 237 239 256 254 233 252 257 264 259 262 253 260 265 267 261 0
0 272 270 268 273 275 280 278 269 276 281 283 288 286 277 284 289 291 285 292 293 0
0 296 294 297 299 316 314 312 317 319 324 322 313 320 325 327 332 330 321 328 329 0
0 353 359 357 352 345 354 356 351 349 344 337 346 348 343 341 336 338 340 335 333 0
0 376 374 372 377 379 384 382 373 380 385 387 392 390 381 388 393 395 389 396 397 0
0 400 398 401 403 408 406 404 409 411 416 414 405 412 417 419 413 0
0  0
0  0
0  0

vrp_51_5_1
Solving: data/vrp_51_5_1
greedy 127.508518939 

greedy 169.303055246 

insertNearestInBetween 183.288111317 

greedy 193.86653083 

insertInBetween 280.796786687 

954.76300302 0
0 25 18 17 12 2 20 0
0 47 13 41 42 33 34 8 0
0 48 7 14 4 5 49 30 35 11 0
0 27 6 23 28 3 16 9 39 44 38 32 0
0 46 37 19 40 15 45 10 50 21 29 36 1 22 31 26 43 24 0

vrp_76_15_1
Solving: data/vrp_76_15_1
greedy 101.457695459 

greedy 128.08421743 

greedy 124.317701872 

greedy 150.443789499 

greedy 96.2173112521 

greedy 196.446841757 

greedy 160.509496496 

greedy 99.6356719705 

insertNearestInBetween 91.2964591319 

greedy 125.01819152 

greedy 136.35361218 

greedy 193.325835265 

greedy 154.890415956 

greedy 213.375982473 

1971.37322226 0
0 2 11 66 0
0 23 40 14 4 0
0 67 13 28 9 0
0 8 21 64 32 0
0 24 33 6 46 0
0 72 10 31 56 20 0
0 30 15 59 38 50 0
0 45 5 7 53 58 0
0 75 48 34 17 16 0
0 26 52 47 69 43 1 0
0 12 39 44 62 27 54 0
0 19 57 37 61 41 18 25 0
0 51 3 49 63 42 22 36 60 29 0
0 68 73 74 71 70 35 65 55 0
0  0

vrp_76_9_2
Solving: data/vrp_76_9_2
linear 196.821649066 

greedy 81.9636117525 

linear 114.526040035 

divideNconquer 77.5407104075 

linear 236.385630707 

divideNconquer 245.040422259 

divideNconquer 344.870668673 

greedy 579.825033804 

insertNearestInBetween 590.510340464 

2738.81667938 0
0 29 4 0
0 52 54 23 0
0 71 35 2 0
0 6 6 3 44 0
0 47 30 42 55 0
0 19 63 32 57 32 33 0
0 67 26 50 48 58 59 64 49 48 0
0 74 36 28 73 60 37 43 40 11 13 14 25 66 69 8 0
0 10 31 39 41 34 45 38 62 1 53 7 5 9 21 61 51 46 17 16 24 22 20 18 12 68 70 65 72 56 0

vrp_101_11_1
Solving: data/vrp_101_11_1
linear 166.023506996 

divideNconquer 375.223885207 

greedy 390.642729697 

greedy 307.56551905 

greedy 278.830244692 

divideNconquer 404.754803145 

greedy 342.983580569 

greedy 408.52298618 

greedy 295.971168237 

greedy 450.189296399 

greedy 686.658982016 

4107.36670219 0
0 97 14 0
0 65 10 82 0
0 25 71 3 93 0
0 33 59 2 96 0
0 55 19 38 41 0
0 28 72 51 5 86 0
0 53 62 58 50 79 95 0
0 18 35 44 48 17 16 90 0
0 60 27 36 31 66 15 8 13 0
0 22 54 74 39 46 45 49 11 12 1 92 84 83 87 0
0 61 64 34 21 20 26 30 32 23 24 37 29 73 67 69 70 68 43 40 47 42 4 9 89 78 81 91 88 75 94 85 77 76 80 6 100 7 99 98 57 56 63 52 0

vrp_101_8_1
Solving: data/vrp_101_8_1
divideNconquer 186.668127174 

divideNconquer 188.522801207 

greedy 224.849679477 

insertNearestInBetween 216.514816717 

greedy 242.178272324 

insertInBetween 227.679742022 

greedy 293.767317376 

insertNearestInBetween 248.284451048 

1885.70031966 0
0 86 48 30 68 39 30 0
0 5 47 49 31 25 25 23 94 0
0 6 46 32 66 81 79 67 72 87 13 0
0 62 65 12 4 56 22 14 44 16 93 95 0
0 27 19 10 71 9 54 75 38 100 58 26 28 0
0 33 34 3 77 76 50 11 82 45 61 91 97 21 53 89 18 0
0 40 73 74 2 57 15 43 37 98 99 96 83 8 64 63 20 35 29 24 51 1 88 52 0
0 69 70 90 7 36 17 84 60 92 42 41 55 80 78 0

vrp_151_14_2
Solving: data/vrp_151_14_2
greedy 34.6858279434 

greedy 247.41780851 

greedy 143.932787226 

greedy 268.303369606 

greedy 86.436725235 

greedy 519.044987523 

greedy 496.048397308 

greedy 622.792470102 

greedy 91.7008738655 

divideNconquer 247.972095112 

insertNearestInBetween 207.35448019 

divideNconquer 625.210454175 

insertNearestInBetween 751.926379838 

greedy 1161.9316669 

5878.1946826 0
0 7 75 103 0
0 150 48 31 17 0
0 1 131 136 0
0 109 34 18 43 0
0 108 93 85 96 0
0 73 62 65 22 0
0 3 72 122 80 0
0 12 2 19 119 60 0
0 47 87 52 42 37 0
0 63 49 6 63 104 98 0
0 88 50 40 133 99 74 69 0
0 36 64 26 28 123 124 112 100 106 64 0
0 4 68 57 56 121 117 116 130 138 27 15 21 82 95 5 0
0 13 53 41 89 84 97 92 86 90 91 94 35 39 51 45 44 46 141 140 139 137 142 25 33 23 16 30 24 20 29 32 77 81 83 78 79 66 58 61 59 55 54 143 149 147 145 144 148 67 118 120 115 127 128 126 132 134 135 125 129 111 113 114 110 105 101 107 102 71 76 14 8 70 11 9 10 0

vrp_200_16_2
Solving: data/vrp_200_16_2
insertInBetween 144.974236653 

divideNconquer 197.164185584 

insertInBetween 168.348653084 

greedy 131.180633972 

greedy 184.079793678 

greedy 196.604352754 

greedy 210.264217266 

insertInBetween 175.657630731 

divideNconquer 211.756043288 

greedy 171.189635558 

greedy 216.761140197 

greedy 223.785363955 

greedy 228.132155056 

greedy 260.813865204 

greedy 287.78858132 

greedy 393.959565435 

3411.71608677 0
0 167 11 147 67 184 53 0
0 185 138 4 35 14 51 40 0
0 2 122 21 28 61 148 9 0
0 33 158 74 24 32 50 69 46 0
0 193 90 104 146 25 130 10 83 0
0 96 186 171 166 180 165 31 57 0
0 131 38 178 27 20 82 30 112 62 0
0 17 129 18 63 192 113 48 5 45 54 0
0 16 56 164 60 34 79 15 103 47 15 6 0
0 26 161 44 115 143 43 1 121 98 153 111 0
0 157 174 199 118 97 39 12 52 84 7 8 125 0
0 127 19 108 109 72 181 144 41 137 93 55 3 126 0
0 152 37 88 29 87 65 176 102 133 170 77 76 188 116 91 0
0 81 149 175 58 13 132 80 110 92 117 182 160 42 22 196 36 120 0
0 139 86 64 94 172 154 99 70 128 150 119 100 151 187 162 163 73 107 68 197 198 195 0
0 95 168 71 85 134 177 78 179 123 124 59 155 173 140 114 142 89 141 156 101 66 105 191 136 190 23 183 145 135 75 189 169 106 49 159 0

vrp_22_6_1
Solving: data/vrp_22_6_1
greedy 136.828357472 

linear 130.851894535 

linear 62.7126095412 

linear 122.982643161 

greedy 153.090927606 

greedy 166.146956089 

772.613388405 0
0 8 4 19 0
0 5 20 0
0 16 12 10 0
0 13 11 1 6 0
0 14 17 18 15 3 0
0 2 7 9 21 0

vrp_26_8_1
Solving: data/vrp_26_8_1
linear 79.3256281873 

linear 94.3367843986 

divideNconquer 140.645642815 

greedy 112.05373444 

greedy 135.29715956 

greedy 78.895556251 

greedy 168.2474571 

greedy 181.656055563 

990.639186631 0
0 3 11 0
0 5 15 0
0 2 20 2 0
0 8 14 19 0
0 1 18 9 0
0 23 13 12 0
0 16 17 24 4 0
0 25 22 6 21 7 0

vrp_321_30_1
Solving: data/vrp_321_30_1
greedy 22.5422181186 

greedy 28.6491106407 

linear 29.8519793271 

greedy 27.8901997215 

greedy 29.0659958276 

greedy 33.4450456746 

greedy 37.5367852783 

linear 32.7838915213 

greedy 28.9705627485 

greedy 28.9705627485 

greedy 39.3282304066 

linear 44.9871973047 

linear 40.803508502 

linear 43.4558441227 

linear 46.4428517793 

linear 48.0768096208 

linear 46.1660919472 

linear 44.803508502 

linear 50.9121929523 

linear 52.0768096208 

linear 52.6833281283 

linear 59.3097607592 

linear 64.9857113691 

linear 67.2021504755 

linear 69.6988664826 

linear 78.7131986579 

linear 77.6493912903 

linear 73.6201603725 

linear 70.9827216483 

linear 34.0587727319 

1405.66345828 0
0 3 2 1 60 0
0 6 5 4 61 0
0 7 8 9 62 0
0 10 11 63 320 0
0 12 13 64 14 15 16 0
0 21 20 19 18 17 65 0
0 26 25 24 23 22 66 0
0 27 28 29 30 31 67 0
0 32 33 34 35 36 37 68 38 0
0 45 44 43 42 41 40 69 39 0
0 52 51 50 49 48 47 46 70 0
0 53 54 55 56 57 58 59 71 0
0 72 73 74 75 76 77 78 79 80 81 0
0 82 83 84 85 86 87 88 89 90 91 0
0 92 93 94 95 96 97 98 99 100 101 102 0
0 103 104 105 106 107 108 109 110 111 112 113 114 0
0 115 116 117 118 119 120 121 122 123 124 125 126 0
0 127 128 129 130 131 132 133 134 135 136 137 138 0
0 139 140 141 142 143 144 145 146 147 148 149 150 151 152 0
0 153 154 155 156 157 158 159 160 161 162 163 164 165 166 0
0 167 168 169 170 171 172 173 174 175 176 177 178 179 180 0
0 181 182 183 184 185 186 187 188 189 190 191 192 193 194 195 0
0 196 197 198 199 200 201 202 203 204 205 206 207 208 209 210 211 0
0 212 213 214 215 216 217 218 219 220 221 222 223 224 225 226 227 0
0 228 229 230 231 232 233 234 235 236 237 238 239 240 241 242 243 0
0 244 245 246 247 248 249 250 251 252 253 254 255 256 257 258 259 260 261 0
0 262 263 264 265 266 267 268 269 270 271 272 273 274 275 276 277 278 279 280 0
0 281 282 283 284 285 286 287 288 289 290 291 292 293 294 295 296 297 298 299 0
0 300 301 302 303 304 305 306 307 308 309 310 311 312 313 314 315 316 317 318 0
0 319 0

vrp_361_33_1
Solving: data/vrp_361_33_1
linear 34.6410080763 

linear 60.0001592177 

linear 44.0717290979 

linear 66.3673807318 

greedy 62.0473521598 

linear 69.7515266897 

linear 93.7498374155 

linear 67.6582307329 

divideNconquer 111.954092934 

linear 91.5131301575 

greedy 119.305421653 

greedy 127.981005204 

linear 105.716133725 

linear 183.105541586 

divideNconquer 81.2967472663 

linear 57.8166614997 

linear 69.8061255483 

linear 80.9722270099 

linear 101.21531658 

linear 120.624735609 

linear 145.967515675 

insertNearestInBetween 124.883004948 

greedy 55.5941538876 

insertInBetween 63.4366439351 

greedy 70.2100229857 

greedy 82.6866918954 

greedy 82.4865994332 

greedy 109.703039886 

greedy 121.569547181 

insertNearestInBetween 128.885263571 

insertInBetween 164.195310935 

divideNconquer 169.659734084 

divideNconquer 92.5427475666 

3264.13165952 0
0 1 2 3 4 5 0
0 6 7 8 9 10 0
0 11 60 61 62 63 0
0 64 65 66 67 68 0
0 121 120 71 70 69 0
0 122 123 124 125 126 0
0 127 128 129 130 131 0
0 180 181 182 183 184 0
0 188 187 186 185 189 0
0 190 191 240 241 242 0
0 245 244 243 247 246 0
0 300 251 250 249 248 0
0 301 302 303 304 305 0
0 306 307 308 309 310 0
0 360 15 311 18 23 26 31 34 0
0 39 42 47 50 55 58 75 78 83 86 0
0 91 94 99 102 107 110 115 118 135 138 0
0 143 146 151 154 159 162 167 170 175 178 0
0 195 198 203 206 211 214 219 222 227 230 0
0 235 238 255 258 263 266 271 274 279 282 0
0 287 290 295 298 315 318 323 326 331 334 0
0 21 339 342 347 350 355 358 16 14 12 17 19 13 20 0
0 24 22 25 27 32 30 28 33 35 40 38 29 36 41 43 48 46 37 44 45 0
0 49 51 56 54 52 57 59 76 74 53 72 77 79 84 82 73 80 85 87 81 0
0 113 112 105 111 109 104 97 106 108 103 101 96 89 98 100 95 93 88 90 92 0
0 149 148 141 150 152 147 145 140 133 142 144 139 137 132 134 136 119 117 114 116 0
0 173 179 177 172 165 174 176 171 169 164 157 166 168 163 161 156 158 160 155 153 0
0 196 194 192 197 199 204 202 193 200 205 207 212 210 201 208 213 215 209 216 217 0
0 220 218 221 223 228 226 224 229 231 236 234 225 232 237 239 256 254 233 252 253 0
0 257 259 264 262 260 265 267 272 270 261 268 273 275 280 278 269 276 281 283 277 0
0 288 286 284 289 296 291 294 285 292 297 299 316 314 293 312 317 319 313 320 321 0
0 336 329 338 340 335 333 328 330 332 327 325 322 324 348 345 344 337 346 348 343 0
0 351 356 354 352 357 359 353 359 0

vrp_45_4_1
Solving: data/vrp_45_4_1
greedy 228.101929719 

greedy 144.045100608 

insertInBetween 451.473434242 

insertNearestInBetween 448.205700826 

1271.8261654 0
0 24 2 32 26 0
0 9 16 25 23 0
0 20 19 8 28 27 34 41 30 36 14 10 0
0 44 43 33 29 6 5 7 4 3 35 31 40 39 42 38 37 13 12 11 17 18 22 21 15 1 0

vrp_72_4_1
Solving: data/vrp_72_4_1
greedy 71.3498753977 

greedy 71.543387949 

greedy 125.138289952 

insertInBetween 183.029175167 

451.060728466 0
0 3 11 56 22 0
0 34 33 1 62 70 47 28 0
0 9 4 8 71 18 35 32 60 66 57 46 43 21 24 0
0 5 7 10 6 12 16 17 13 2 15 19 14 36 31 61 58 63 64 65 68 38 40 37 69 67 39 59 54 55 41 50 52 45 53 44 42 48 49 51 27 25 26 23 30 29 20 0

vrp_76_7_1
Solving: data/vrp_76_7_1
greedy 154.586620857 

greedy 186.319535272 

divideNconquer 196.004681581 

insertNearestInBetween 139.614085429 

insertNearestInBetween 172.532697175 

insertInBetween 268.523024546 

divideNconquer 216.100313705 

1419.2171345 0
0 4 20 14 66 11 40 67 0
0 33 28 21 64 24 32 9 38 0
0 56 50 31 10 59 53 46 53 30 0
0 75 45 48 47 5 52 34 58 72 17 16 6 0
0 27 54 19 8 7 26 12 39 44 49 41 43 1 62 0
0 35 13 57 37 70 60 36 74 61 22 42 63 3 18 25 51 68 29 0
0 23 55 65 71 15 71 69 0

vrp_76_9_3
Solving: data/vrp_76_9_3
greedy 150.769896008 

greedy 227.542578046 

greedy 344.058933001 

greedy 354.394004743 

greedy 295.81280544 

divideNconquer 305.813780949 

greedy 282.880604794 

greedy 417.354908501 

greedy 507.558233989 

2922.48537732 0
0 56 44 24 0
0 20 6 2 60 0
0 41 27 11 64 0
0 45 53 25 17 75 0
0 50 26 34 21 1 0
0 52 49 31 4 57 57 0
0 39 63 68 8 18 0
0 47 54 30 29 36 12 15 22 19 23 70 74 9 62 65 0
0 46 51 43 55 40 58 42 38 28 32 35 37 33 13 14 16 69 73 71 72 10 5 7 3 66 61 67 59 0

vrp_101_11_2
Solving: data/vrp_101_11_2
greedy 379.524821234 

linear 169.35418714 

greedy 255.182222003 

greedy 387.624500487 

divideNconquer 312.941196167 

insertInBetween 345.770490039 

greedy 252.784497973 

greedy 384.812902721 

greedy 400.042258599 

insertNearestInBetween 435.856717661 

greedy 754.746147033 

4061.50201668 0
0 5 17 74 72 0
0 38 25 27 0
0 63 65 21 99 0
0 76 78 33 95 0
0 34 34 92 15 0
0 61 29 16 3 90 0
0 26 14 36 30 67 66 0
0 23 89 70 71 35 54 40 0
0 20 24 69 57 48 39 28 6 8 0
0 19 12 11 97 96 91 2 7 82 32 77 80 51 55 0
0 68 59 49 45 43 42 37 46 58 44 41 31 47 56 79 62 53 52 64 13 83 50 87 84 85 81 86 100 9 4 1 10 98 94 88 93 75 73 18 22 0

vrp_121_7_1
Solving: data/vrp_121_7_1
greedy 273.260845753 

greedy 291.171601154 

greedy 288.298213553 

greedy 313.253309199 

greedy 327.90012753 

insertInBetween 318.42976571 

greedy 364.409118715 

2176.72298161 0
0 119 87 1 7 8 41 51 77 75 0
0 97 67 59 61 65 40 37 24 19 17 12 15 0
0 92 89 90 5 10 11 25 26 38 43 63 58 70 0
0 114 109 3 13 16 23 42 48 66 64 55 52 68 72 69 0
0 120 82 83 14 22 30 34 46 39 54 53 74 98 103 96 108 18 86 0
0 105 99 116 115 73 80 56 57 45 44 29 31 2 113 84 112 85 94 95 101 102 0
0 88 111 81 117 91 93 71 76 78 79 60 62 50 47 49 36 33 27 28 35 32 20 21 9 4 6 118 110 100 104 107 106 0

vrp_151_14_3
Solving: data/vrp_151_14_3
linear 395.523602415 

divideNconquer 307.5299407 

greedy 281.378478451 

linear 149.265330109 

linear 264.57181001 

greedy 232.020544711 

greedy 149.670714021 

greedy 237.799726095 

greedy 584.347647599 

divideNconquer 298.908627092 

insertInBetween 365.034565357 

greedy 542.637039051 

greedy 791.577281734 

greedy 1017.84461992 

5894.75876782 0
0 29 127 22 0
0 114 143 87 0
0 147 121 13 0
0 78 23 0
0 113 138 149 0
0 63 103 71 0
0 3 94 97 74 0
0 6 125 42 47 137 0
0 54 93 83 111 135 0
0 12 52 12 139 35 44 0
0 8 19 27 17 130 128 33 30 96 0
0 67 117 110 15 26 131 49 107 142 148 59 64 50 0
0 4 58 150 57 60 37 43 36 126 122 11 20 14 25 86 89 66 69 133 105 28 79 73 0
0 77 75 72 80 76 31 106 100 99 104 101 102 134 136 65 70 68 90 91 88 92 120 109 108 119 116 118 115 18 24 16 21 9 10 56 1 5 7 2 61 53 55 62 51 46 40 81 85 124 123 132 129 84 82 48 45 34 38 41 32 39 95 98 141 146 140 144 145 0

vrp_200_17_1
Solving: data/vrp_200_17_1
insertInBetween 147.123156343 

greedy 228.720019633 

greedy 158.273585062 

divideNconquer 168.93866053 

insertNearestInBetween 177.390815457 

greedy 196.261457629 

greedy 209.714850804 

insertInBetween 210.536430718 

greedy 182.0124689 

divideNconquer 148.60951896 

divideNconquer 177.950102419 

greedy 231.850786773 

greedy 240.207920532 

greedy 246.47847993 

greedy 290.600025221 

divideNconquer 391.265004552 

3452.7911191 0
0 68 161 48 8 118 85 0
0 86 49 190 1 102 164 39 0
0 159 112 5 59 178 23 154 0
0 94 2 171 2 120 31 182 47 0
0 196 81 34 134 87 141 174 183 0
0 147 13 152 72 67 66 181 160 0
0 93 113 19 108 32 188 79 170 133 0
0 95 14 114 30 65 3 195 155 180 105 0
0 156 16 15 198 4 130 12 111 107 62 167 0
0 151 58 22 75 197 54 184 149 26 26 166 0
0 100 193 194 148 10 71 135 9 176 177 28 27 0
0 89 45 38 144 21 116 158 103 162 189 123 82 106 0
0 53 187 139 138 76 77 169 157 50 128 175 127 17 61 191 0
0 132 131 11 143 168 153 18 83 96 97 142 172 186 179 109 163 33 0
0 40 137 115 145 73 55 150 29 185 35 51 20 63 64 124 88 52 99 104 119 192 98 0
0 92 117 6 36 46 199 60 173 84 91 146 7 126 90 70 101 69 122 136 78 129 121 80 24 165 25 110 56 74 41 57 42 43 140 91 0
0  0

vrp_23_3_1
Solving: data/vrp_23_3_1
linear 84.1145057094 

greedy 310.162379821 

insertNearestInBetween 386.439900053 

780.716785584 0
0 10 7 0
0 12 5 4 9 13 6 14 17 20 19 0
0 18 22 15 16 3 2 1 11 8 21 0

vrp_262_25_1
Solving: data/vrp_262_25_1
insertNearestInBetween 655.128458049 

greedy 474.182012397 

greedy 504.331867454 

greedy 478.759454288 

insertInBetween 426.149502054 

greedy 549.897033782 

greedy 551.84882995 

greedy 514.162655109 

greedy 515.539828201 

divideNconquer 577.33520642 

insertNearestInBetween 550.109741136 

divideNconquer 511.411960948 

greedy 511.44592161 

divideNconquer 612.789079041 

insertInBetween 655.131252411 

greedy 459.300116137 

greedy 590.190024281 

divideNconquer 628.172531489 

insertNearestInBetween 596.957842675 

insertNearestInBetween 593.185726549 

greedy 644.96668086 

insertInBetween 564.375920445 

insertNearestInBetween 789.549674829 

insertNearestInBetween 1053.17880038 

greedy 913.435080912 

15283.2104385 0
0 260 255 261 252 142 76 100 256 259 250 187 253 257 258 254 82 57 251 0
0 224 201 92 86 35 186 0
0 163 32 243 156 154 220 0
0 65 170 38 162 239 123 0
0 3 117 25 7 104 90 191 0
0 18 202 192 196 245 59 0
0 125 129 19 149 227 15 0
0 137 108 180 98 102 113 0
0 150 217 145 14 178 37 225 0
0 53 121 203 131 40 48 63 203 0
0 185 244 212 158 157 114 26 0
0 198 169 190 169 20 103 36 0
0 73 155 95 45 132 214 2 0
0 124 112 184 109 97 24 136 153 0
0 58 205 115 81 246 247 175 10 0
0 64 183 96 72 218 216 179 171 181 0
0 206 13 42 66 67 60 222 34 33 0
0 68 189 9 68 226 174 128 88 28 140 0
0 12 31 138 160 22 85 240 110 134 17 0
0 54 207 79 21 215 141 91 159 146 249 11 0
0 69 43 39 219 6 111 107 168 230 248 106 61 0
0 8 16 52 161 119 94 143 147 197 56 242 223 62 177 0
0 237 135 213 166 30 139 209 4 182 152 46 120 105 78 127 101 89 83 0
0 167 194 176 118 84 75 51 41 210 236 44 200 151 144 208 188 164 172 99 70 231 229 234 211 130 133 173 195 193 241 235 0
0 204 27 228 5 71 1 87 74 126 116 165 199 50 77 93 23 29 233 55 47 80 238 148 122 0

vrp_324_16_1
Solving: data/vrp_324_16_1
greedy 12.9574173292 

divideNconquer 15.8901997215 

greedy 18.9705627485 

insertInBetween 30.1816652994 

greedy 34.6439558274 

greedy 48.0832611207 

divideNconquer 47.2548339959 

greedy 63.5572106664 

greedy 70.5509223678 

insertNearestInBetween 81.0383366515 

insertNearestInBetween 72.9447659043 

insertNearestInBetween 88.2406855445 

insertNearestInBetween 93.0801446809 

divideNconquer 105.548702221 

divideNconquer 114.526444156 

greedy 73.6198692518 

1030.84101397 0
0 1 3 9 323 0
0 6 11 7 13 4 13 0
0 8 12 17 23 16 15 10 5 0
0 25 19 18 24 31 39 30 22 21 20 14 0
0 26 33 41 32 40 49 59 48 38 29 47 37 28 0
0 54 27 36 46 57 69 58 70 83 71 60 50 61 51 42 34 0
0 45 56 68 81 95 82 96 111 97 84 98 85 72 73 62 52 43 98 0
0 53 63 74 86 99 113 128 112 127 143 126 142 110 125 109 94 80 67 90 44 55 0
0 64 75 87 100 114 129 145 162 179 195 194 177 159 141 124 108 93 79 66 160 178 161 144 0
0 76 88 101 115 130 146 163 180 196 211 225 210 238 224 209 193 176 158 140 123 107 152 77 65 78 92 0
0 89 103 117 102 116 131 147 164 181 197 212 226 239 251 262 250 237 223 208 192 175 157 139 122 121 105 91 106 0
0 132 149 133 118 169 166 148 165 182 198 213 227 240 252 263 273 282 272 261 249 236 222 207 191 174 156 138 155 137 120 104 0
0 119 136 154 172 189 173 205 190 206 221 235 248 260 271 281 290 298 291 283 274 264 253 241 228 214 215 200 184 167 150 134 183 199 0
0 153 246 233 234 247 259 270 280 289 297 304 310 305 299 292 284 275 265 254 255 243 229 242 230 216 201 185 168 151 255 220 219 204 188 171 0
0 187 278 287 279 288 295 296 303 309 314 318 315 311 306 300 293 285 294 286 277 266 276 267 256 244 231 217 202 186 295 258 269 268 257 245 232 218 203 0
0 301 307 312 316 319 321 322 320 317 313 308 302 0

vrp_386_47_1
Solving: data/vrp_386_47_1
linear 713.59907004 

linear 355.64363607 

linear 1390.35007438 

linear 185.196233848 

linear 1428.17490693 

greedy 739.532022198 

linear 370.356621837 

linear 461.520479563 

greedy 929.398103628 

linear 776.833461498 

linear 798.410515021 

linear 634.91582443 

divideNconquer 765.266657246 

linear 559.812409528 

greedy 1568.83887012 

greedy 942.22265011 

greedy 591.088746497 

linear 704.344934381 

linear 499.519693751 

divideNconquer 1053.14351143 

linear 755.116736105 

linear 959.738232788 

linear 604.310133617 

greedy 1138.43262836 

greedy 1011.1586142 

greedy 1378.99041681 

greedy 1054.59822377 

divideNconquer 1508.79481123 

divideNconquer 692.043970694 

divideNconquer 1598.03347084 

greedy 1315.44435332 

greedy 1429.5020361 

divideNconquer 1891.40447109 

divideNconquer 2444.16913483 

divideNconquer 1891.08787388 

greedy 1483.77660012 

insertInBetween 2236.4597217 

insertNearestInBetween 2198.71999592 

insertNearestInBetween 1960.66313774 

insertNearestInBetween 1715.9239147 

insertNearestInBetween 2076.11433849 

insertNearestInBetween 2075.01808824 

insertInBetween 2668.03364681 

greedy 2164.90625163 

insertNearestInBetween 3128.42688579 

insertNearestInBetween 2513.71490019 

60600.2869311 0
0 317 7 0
0 314 182 0
0 358 216 0
0 313 99 0
0 360 32 0
0 322 5 4 0
0 318 267 0
0 70 108 0
0 100 12 194 0
0 19 6 0
0 118 264 0
0 308 328 0
0 352 310 0
0 331 316 0
0 385 13 39 0
0 311 259 14 0
0 302 1 228 0
0 326 94 0
0 332 269 0
0 347 347 0
0 227 299 0
0 329 58 0
0 127 333 0
0 204 359 268 0
0 307 8 335 334 0
0 298 18 89 353 0
0 138 139 272 351 0
0 288 10 273 10 104 0
0 257 280 303 232 263 0
0 233 33 378 296 296 0
0 297 9 249 238 239 294 0
0 91 50 350 356 354 336 0
0 309 11 301 361 383 202 11 0
0 278 283 34 137 340 357 34 59 0
0 321 16 348 375 382 362 323 372 315 0
0 132 2 153 15 102 105 55 49 3 221 0
0 327 48 28 93 53 252 235 231 226 247 0
0 224 236 250 277 187 101 133 106 25 40 183 185 0
0 293 287 262 266 240 223 325 184 145 121 369 20 17 128 0
0 87 78 75 107 65 120 27 115 21 43 165 140 134 125 130 126 136 0
0 312 304 276 261 241 245 254 380 56 26 22 23 31 178 180 346 330 274 0
0 92 95 190 179 197 35 147 155 167 144 151 122 66 68 64 69 57 229 237 243 242 86 0
0 270 300 337 324 363 341 344 37 42 41 36 71 60 51 281 248 355 256 279 286 284 289 306 305 0
0 96 97 98 123 159 201 219 214 213 212 206 186 181 173 142 174 175 172 166 149 24 119 111 109 74 77 80 82 88 84 85 244 230 0
0 290 292 295 285 320 265 251 246 258 54 52 83 79 76 61 63 62 73 72 124 103 81 90 129 131 135 141 143 381 110 67 112 113 114 146 148 116 117 29 30 46 47 44 384 45 38 342 345 364 271 0
0 225 253 255 379 282 319 291 188 376 371 370 377 154 150 152 164 163 162 156 161 157 158 160 198 366 199 195 191 196 192 200 207 368 373 217 220 218 365 215 211 210 205 209 203 193 168 170 171 169 176 177 349 343 208 367 189 339 338 0
0  0

vrp_48_4_1
Solving: data/vrp_48_4_1
divideNconquer 22081.2780261 

insertNearestInBetween 21048.1534014 

greedy 22836.1187925 

linear 5153.42505523 

76956.7445715 0
0 7 12 11 10 4 2 5 15 13 14 3 1 8 9 15 0
0 23 22 16 30 18 27 19 17 26 29 20 21 24 25 28 0
0 38 31 44 34 41 33 40 39 37 42 36 35 43 45 32 0
0 46 47 0

vrp_76_10_1
Solving: data/vrp_76_10_1
greedy 96.0955369344 

divideNconquer 140.680711466 

greedy 151.035236252 

divideNconquer 156.884717147 

greedy 182.661060576 

insertNearestInBetween 108.327512673 

greedy 125.971465841 

greedy 115.270432741 

greedy 197.228608477 

greedy 265.64509131 

1599.77313465 0
0 40 72 66 11 14 0
0 20 4 67 20 9 0
0 32 24 64 21 33 0
0 56 31 10 35 46 35 0
0 30 5 59 53 38 50 49 0
0 58 17 16 6 48 45 75 0
0 26 3 43 1 62 47 52 34 0
0 44 39 12 7 8 19 54 13 27 0
0 29 57 37 60 71 36 61 22 41 18 25 0
0 68 51 63 23 42 73 74 69 70 15 65 55 0

vrp_76_7_2
Solving: data/vrp_76_7_2
greedy 154.586620857 

greedy 186.319535272 

divideNconquer 196.004681581 

insertNearestInBetween 139.614085429 

insertNearestInBetween 172.532697175 

insertInBetween 268.523024546 

divideNconquer 216.100313705 

1419.2171345 0
0 4 20 14 66 11 40 67 0
0 33 28 21 64 24 32 9 38 0
0 56 50 31 10 59 53 46 53 30 0
0 75 45 48 47 5 52 34 58 72 17 16 6 0
0 27 54 19 8 7 26 12 39 44 49 41 43 1 62 0
0 35 13 57 37 70 60 36 74 61 22 42 63 3 18 25 51 68 29 0
0 23 55 65 71 15 71 69 0

vrp_101_11_3
Solving: data/vrp_101_11_3
linear 197.828998394 

greedy 37.0271707798 

greedy 200.709338647 

greedy 69.4601182908 

greedy 397.362976538 

greedy 265.866349518 

greedy 379.902173127 

divideNconquer 231.866531823 

greedy 272.640480833 

greedy 562.343996352 

greedy 705.587265985 

3470.23021063 0
0 75 17 48 50 0
0 1 100 91 6 0
0 74 18 43 0
0 14 93 49 96 0
0 10 62 65 22 0
0 7 3 45 19 80 0
0 26 87 47 60 0
0 85 69 15 98 15 0
0 99 40 28 82 37 38 88 0
0 68 57 56 66 79 78 77 21 20 27 23 16 36 41 89 5 2 70 8 4 9 0
0 25 33 30 34 24 31 32 29 81 83 64 63 58 61 59 55 54 52 84 97 86 90 72 67 35 73 11 71 76 44 46 53 95 92 94 51 39 13 12 0

vrp_135_7_1
Solving: data/vrp_135_7_1
greedy 232.423999709 

greedy 275.048069602 

divideNconquer 408.370849456 

divideNconquer 221.060832115 

greedy 397.884198689 

divideNconquer 584.735310239 

insertNearestInBetween 482.576477198 

2788.30288736 0
0 30 6 95 127 0
0 132 81 120 114 0
0 108 131 83 12 12 0
0 110 80 67 52 47 47 82 71 0
0 46 130 106 107 121 111 68 66 74 48 103 2 0
0 125 126 115 117 65 19 18 118 27 91 22 24 23 28 27 84 7 5 42 3 39 37 100 97 105 102 35 49 32 77 78 69 109 129 128 124 123 0
0 20 85 86 87 88 14 15 11 8 9 4 10 13 16 89 90 92 29 45 41 40 44 43 94 93 31 59 60 61 62 50 51 53 54 55 58 57 56 104 101 98 96 38 99 36 34 79 63 133 70 122 116 119 17 64 76 134 1 75 73 72 26 25 21 0

vrp_151_15_1
Solving: data/vrp_151_15_1
greedy 313.965366798 

linear 260.074061327 

greedy 443.799793378 

greedy 419.529262566 

greedy 356.395111646 

greedy 375.772682748 

greedy 414.942735328 

greedy 397.22938298 

greedy 389.748327879 

divideNconquer 558.430777676 

greedy 413.146207642 

greedy 454.557001347 

greedy 554.85212392 

greedy 745.768356988 

greedy 719.177280106 

6817.38847233 0
0 97 3 140 82 0
0 65 25 23 0
0 59 127 67 86 0
0 93 106 121 0
0 53 38 113 33 0
0 55 19 132 41 4 0
0 111 5 16 72 0
0 28 62 51 148 78 96 0
0 145 83 79 14 50 0
0 18 35 136 128 48 17 90 112 0
0 139 143 13 15 100 133 123 31 0
0 60 27 36 134 66 45 8 1 147 138 107 0
0 54 22 30 118 120 117 116 74 39 44 49 46 12 92 87 0
0 52 56 64 26 32 24 29 135 130 131 126 114 69 71 70 68 40 47 105 99 101 7 9 2 146 149 137 141 142 89 84 81 88 75 95 0
0 61 63 57 58 129 20 21 34 37 115 125 119 124 122 73 43 42 108 104 103 109 98 102 110 10 11 150 6 144 80 77 76 85 91 94 0

vrp_200_17_2
Solving: data/vrp_200_17_2
insertInBetween 144.974236653 

divideNconquer 197.164185584 

insertInBetween 168.348653084 

greedy 131.180633972 

greedy 184.079793678 

greedy 196.604352754 

greedy 210.264217266 

insertInBetween 175.657630731 

divideNconquer 211.756043288 

greedy 171.189635558 

greedy 216.761140197 

greedy 223.785363955 

greedy 228.132155056 

greedy 260.813865204 

greedy 287.78858132 

greedy 393.959565435 

3411.71608677 0
0 167 11 147 67 184 53 0
0 185 138 4 35 14 51 40 0
0 2 122 21 28 61 148 9 0
0 33 158 74 24 32 50 69 46 0
0 193 90 104 146 25 130 10 83 0
0 96 186 171 166 180 165 31 57 0
0 131 38 178 27 20 82 30 112 62 0
0 17 129 18 63 192 113 48 5 45 54 0
0 16 56 164 60 34 79 15 103 47 15 6 0
0 26 161 44 115 143 43 1 121 98 153 111 0
0 157 174 199 118 97 39 12 52 84 7 8 125 0
0 127 19 108 109 72 181 144 41 137 93 55 3 126 0
0 152 37 88 29 87 65 176 102 133 170 77 76 188 116 91 0
0 81 149 175 58 13 132 80 110 92 117 182 160 42 22 196 36 120 0
0 139 86 64 94 172 154 99 70 128 150 119 100 151 187 162 163 73 107 68 197 198 195 0
0 95 168 71 85 134 177 78 179 123 124 59 155 173 140 114 142 89 141 156 101 66 105 191 136 190 23 183 145 135 75 189 169 106 49 159 0
0  0

vrp_23_5_1
Solving: data/vrp_23_5_1
linear 84.1145057094 

greedy 310.162379821 

insertNearestInBetween 386.439900053 

780.716785584 0
0 10 7 0
0 12 5 4 9 13 6 14 17 20 19 0
0 18 22 15 16 3 2 1 11 8 21 0
0  0
0  0

vrp_30_3_1
Solving: data/vrp_30_3_1
greedy 150.874846225 

greedy 254.158808203 

greedy 346.866528919 

751.900183347 0
0 19 29 2 0
0 21 11 15 25 24 5 0
0 18 23 10 12 7 13 16 17 9 8 14 28 26 27 6 1 4 3 22 20 0

vrp_33_3_1
Solving: data/vrp_33_3_1
greedy 428.387391384 

insertNearestInBetween 1019.18549565 

insertNearestInBetween 1601.6398193 

3049.21270634 0
0 10 1 30 0
0 32 27 6 14 18 22 7 0
0 9 8 11 5 17 25 26 29 28 21 20 24 19 23 13 2 4 16 12 31 3 15 0

vrp_397_34_1
Solving: data/vrp_397_34_1
greedy 22.5422181186 

greedy 28.6491106407 

linear 29.8519793271 

greedy 27.8901997215 

greedy 29.0659958276 

greedy 33.4450456746 

greedy 37.5367852783 

linear 32.7838915213 

greedy 28.9705627485 

greedy 28.9705627485 

greedy 39.3282304066 

linear 44.9871973047 

linear 40.803508502 

linear 43.4558441227 

linear 46.4428517793 

linear 48.0768096208 

linear 46.1660919472 

linear 44.803508502 

linear 50.9121929523 

linear 52.0768096208 

linear 52.6833281283 

linear 59.3097607592 

linear 64.9857113691 

linear 67.2021504755 

linear 69.6988664826 

linear 78.7131986579 

linear 77.6493912903 

linear 73.6201603725 

linear 70.9827216483 

linear 76.8841110811 

linear 78.8822667661 

linear 81.2722527729 

linear 66.9807959905 

1675.62411216 0
0 3 2 1 60 0
0 6 5 4 61 0
0 7 8 9 62 0
0 10 11 63 396 0
0 12 13 64 14 15 16 0
0 21 20 19 18 17 65 0
0 26 25 24 23 22 66 0
0 27 28 29 30 31 67 0
0 32 33 34 35 36 37 68 38 0
0 45 44 43 42 41 40 69 39 0
0 52 51 50 49 48 47 46 70 0
0 53 54 55 56 57 58 59 71 0
0 72 73 74 75 76 77 78 79 80 81 0
0 82 83 84 85 86 87 88 89 90 91 0
0 92 93 94 95 96 97 98 99 100 101 102 0
0 103 104 105 106 107 108 109 110 111 112 113 114 0
0 115 116 117 118 119 120 121 122 123 124 125 126 0
0 127 128 129 130 131 132 133 134 135 136 137 138 0
0 139 140 141 142 143 144 145 146 147 148 149 150 151 152 0
0 153 154 155 156 157 158 159 160 161 162 163 164 165 166 0
0 167 168 169 170 171 172 173 174 175 176 177 178 179 180 0
0 181 182 183 184 185 186 187 188 189 190 191 192 193 194 195 0
0 196 197 198 199 200 201 202 203 204 205 206 207 208 209 210 211 0
0 212 213 214 215 216 217 218 219 220 221 222 223 224 225 226 227 0
0 228 229 230 231 232 233 234 235 236 237 238 239 240 241 242 243 0
0 244 245 246 247 248 249 250 251 252 253 254 255 256 257 258 259 260 261 0
0 262 263 264 265 266 267 268 269 270 271 272 273 274 275 276 277 278 279 280 0
0 281 282 283 284 285 286 287 288 289 290 291 292 293 294 295 296 297 298 299 0
0 300 301 302 303 304 305 306 307 308 309 310 311 312 313 314 315 316 317 318 0
0 319 320 321 322 323 324 325 326 327 328 329 330 331 332 333 334 335 336 337 338 339 0
0 340 341 342 343 344 345 346 347 348 349 350 351 352 353 354 355 356 357 358 359 360 0
0 361 362 363 364 365 366 367 368 369 370 371 372 373 374 375 376 377 378 379 380 381 0
0 382 383 384 385 386 387 388 389 390 391 392 393 394 395 0
0  0

vrp_481_38_1
Solving: data/vrp_481_38_1
greedy 22.5422181186 

greedy 28.6491106407 

linear 29.8519793271 

greedy 27.8901997215 

greedy 29.0659958276 

greedy 33.4450456746 

greedy 37.5367852783 

linear 32.7838915213 

greedy 28.9705627485 

greedy 28.9705627485 

greedy 39.3282304066 

linear 44.9871973047 

linear 40.803508502 

linear 43.4558441227 

linear 46.4428517793 

linear 48.0768096208 

linear 46.1660919472 

linear 44.803508502 

linear 50.9121929523 

linear 52.0768096208 

linear 52.6833281283 

linear 59.3097607592 

linear 64.9857113691 

linear 67.2021504755 

linear 69.6988664826 

linear 78.7131986579 

linear 77.6493912903 

linear 73.6201603725 

linear 70.9827216483 

linear 76.8841110811 

linear 78.8822667661 

linear 81.2722527729 

linear 90.589901326 

linear 99.3381166892 

linear 102.018089327 

linear 96.8254879733 

linear 57.7219741121 

2055.1368856 0
0 3 2 1 60 0
0 6 5 4 61 0
0 7 8 9 62 0
0 10 11 63 480 0
0 12 13 64 14 15 16 0
0 21 20 19 18 17 65 0
0 26 25 24 23 22 66 0
0 27 28 29 30 31 67 0
0 32 33 34 35 36 37 68 38 0
0 45 44 43 42 41 40 69 39 0
0 52 51 50 49 48 47 46 70 0
0 53 54 55 56 57 58 59 71 0
0 72 73 74 75 76 77 78 79 80 81 0
0 82 83 84 85 86 87 88 89 90 91 0
0 92 93 94 95 96 97 98 99 100 101 102 0
0 103 104 105 106 107 108 109 110 111 112 113 114 0
0 115 116 117 118 119 120 121 122 123 124 125 126 0
0 127 128 129 130 131 132 133 134 135 136 137 138 0
0 139 140 141 142 143 144 145 146 147 148 149 150 151 152 0
0 153 154 155 156 157 158 159 160 161 162 163 164 165 166 0
0 167 168 169 170 171 172 173 174 175 176 177 178 179 180 0
0 181 182 183 184 185 186 187 188 189 190 191 192 193 194 195 0
0 196 197 198 199 200 201 202 203 204 205 206 207 208 209 210 211 0
0 212 213 214 215 216 217 218 219 220 221 222 223 224 225 226 227 0
0 228 229 230 231 232 233 234 235 236 237 238 239 240 241 242 243 0
0 244 245 246 247 248 249 250 251 252 253 254 255 256 257 258 259 260 261 0
0 262 263 264 265 266 267 268 269 270 271 272 273 274 275 276 277 278 279 280 0
0 281 282 283 284 285 286 287 288 289 290 291 292 293 294 295 296 297 298 299 0
0 300 301 302 303 304 305 306 307 308 309 310 311 312 313 314 315 316 317 318 0
0 319 320 321 322 323 324 325 326 327 328 329 330 331 332 333 334 335 336 337 338 339 0
0 340 341 342 343 344 345 346 347 348 349 350 351 352 353 354 355 356 357 358 359 360 0
0 361 362 363 364 365 366 367 368 369 370 371 372 373 374 375 376 377 378 379 380 381 0
0 382 383 384 385 386 387 388 389 390 391 392 393 394 395 396 397 398 399 400 401 402 403 0
0 404 405 406 407 408 409 410 411 412 413 414 415 416 417 418 419 420 421 422 423 424 425 426 0
0 427 428 429 430 431 432 433 434 435 436 437 438 439 440 441 442 443 444 445 446 447 448 449 0
0 450 451 452 453 454 455 456 457 458 459 460 461 462 463 464 465 466 467 468 469 470 471 472 0
0 473 474 475 476 477 478 479 0
0  0

vrp_76_10_2
Solving: data/vrp_76_10_2
linear 292.99614299 

greedy 175.507719142 

insertInBetween 201.029197438 

divideNconquer 228.735198566 

divideNconquer 159.887346971 

divideNconquer 265.577240479 

greedy 272.792633565 

greedy 395.728587676 

greedy 380.056619066 

greedy 617.551436333 

3115.03695769 0
0 74 3 13 0
0 35 38 30 0
0 61 60 15 0
0 5 1 52 52 0
0 63 54 29 0
0 36 72 14 67 66 0
0 26 22 70 71 42 65 0
0 27 8 39 48 69 51 24 20 0
0 2 6 7 23 11 19 57 62 43 32 0
0 21 16 10 4 9 75 50 64 68 44 58 28 41 40 33 31 47 37 46 34 56 45 49 59 53 55 73 18 17 12 0

vrp_76_8_1
Solving: data/vrp_76_8_1
greedy 112.4594611 

greedy 162.870963461 

greedy 168.554390171 

greedy 200.884424599 

greedy 133.450487802 

greedy 161.793344041 

greedy 232.446524179 

greedy 254.708839814 

1427.16843517 0
0 4 13 14 66 11 40 0
0 67 15 21 28 64 32 9 0
0 10 24 56 33 2 5 46 0
0 6 30 20 59 53 38 31 50 0
0 75 47 48 45 52 34 58 72 17 16 0
0 26 12 39 44 43 1 62 27 54 8 35 0
0 51 25 18 41 22 61 36 71 60 37 29 57 19 7 0
0 65 55 3 49 23 42 63 73 74 69 70 68 0

vrp_101_11_4
Solving: data/vrp_101_11_4
linear 277.451602707 

linear 79.6276305401 

linear 115.555751363 

linear 266.396912366 

greedy 229.872119996 

linear 235.946560146 

divideNconquer 311.022578489 

greedy 250.672815665 

greedy 332.181431776 

insertNearestInBetween 524.851111886 

greedy 660.748543055 

3284.32705799 0
0 29 33 2 0
0 78 63 0
0 23 44 10 0
0 71 83 18 0
0 94 3 54 87 0
0 97 47 14 0
0 25 35 93 30 0
0 52 57 19 27 42 96 0
0 76 49 60 64 59 6 50 26 15 86 67 0
0 73 79 28 31 36 34 43 37 40 16 11 13 89 66 69 8 100 4 58 0
0 56 99 98 95 39 32 41 38 45 48 84 82 85 81 17 24 20 92 88 91 90 70 65 68 12 22 21 9 5 1 53 7 61 51 46 62 55 74 80 72 75 77 0

vrp_151_12_1
Solving: data/vrp_151_12_1
insertNearestInBetween 152.118849704 

insertInBetween 197.882003394 

insertInBetween 157.797079147 

insertInBetween 185.560497809 

greedy 188.178514259 

greedy 233.688205118 

insertInBetween 226.948547699 

insertNearestInBetween 209.7369363 

divideNconquer 240.21960406 

insertNearestInBetween 249.234977216 

insertNearestInBetween 363.597205613 

greedy 181.632649082 

2628.52794601 0
0 68 21 85 86 118 48 0
0 112 13 59 49 102 39 23 0
0 94 141 5 125 47 31 120 1 0
0 147 93 87 72 67 134 81 66 0
0 105 133 14 113 17 114 108 32 30 79 0
0 111 65 62 107 8 16 95 22 4 130 12 0
0 148 19 20 9 135 54 75 149 26 58 100 44 0
0 89 144 38 45 82 106 123 10 103 71 33 28 27 0
0 142 15 139 53 15 138 76 116 77 50 3 34 128 11 127 0
0 98 96 6 97 115 145 40 109 150 29 51 131 63 64 143 124 83 18 52 132 0
0 104 99 37 119 140 43 42 57 137 2 41 73 74 56 25 80 121 129 35 136 122 101 69 88 126 36 46 84 7 0
0 146 90 70 78 24 55 110 117 92 91 60 0

vrp_16_3_1
Solving: data/vrp_16_3_1
greedy 78.8750307667 

greedy 140.919890633 

greedy 144.061062051 

363.855983451 0
0 12 2 1 8 0
0 5 10 13 14 7 0
0 6 3 11 9 15 4 0

vrp_21_4_1
Solving: data/vrp_21_4_1
linear 73.670526771 

insertInBetween 135.329669162 

greedy 130.829136224 

insertNearestInBetween 200.2588555 

540.088187657 0
0 8 2 6 0
0 3 15 10 19 0
0 1 20 5 4 13 0
0 9 7 14 16 18 12 11 17 0

vrp_241_22_1
Solving: data/vrp_241_22_1
linear 34.6410080763 

linear 60.0001592177 

linear 44.0717290979 

linear 66.3673807318 

greedy 62.0473521598 

linear 69.7515266897 

linear 93.7498374155 

linear 67.6582307329 

divideNconquer 111.954092934 

greedy 72.4778927357 

greedy 55.8449263081 

linear 64.777899691 

divideNconquer 80.9721396705 

linear 96.4999086034 

insertNearestInBetween 77.5797421617 

insertNearestInBetween 56.1681956433 

greedy 66.1493060952 

insertNearestInBetween 65.9891643529 

greedy 87.7626217169 

insertNearestInBetween 97.2556835171 

insertNearestInBetween 103.108011602 

greedy 76.939599854 

1626.34499797 0
0 1 2 3 4 5 0
0 6 7 8 9 10 0
0 11 60 61 62 63 0
0 64 65 66 67 68 0
0 121 120 71 70 69 0
0 122 123 124 125 126 0
0 127 128 129 130 131 0
0 180 181 182 183 184 0
0 188 187 186 185 189 0
0 26 23 18 240 15 191 190 0
0 78 75 58 55 50 47 42 39 34 31 0
0 83 86 91 94 99 102 107 110 115 118 0
0 159 154 151 146 143 138 135 170 170 167 0
0 175 178 195 198 203 206 211 214 219 222 0
0 21 27 25 20 13 22 24 19 17 12 14 16 238 235 230 227 0
0 32 30 28 33 35 40 38 29 36 41 43 48 46 37 44 49 51 45 52 53 0
0 56 54 57 59 76 74 72 77 79 84 82 73 80 85 87 92 90 81 88 89 0
0 93 95 100 98 96 101 103 108 106 97 104 109 111 116 114 105 112 117 119 113 0
0 157 156 149 155 153 148 141 150 152 147 145 140 133 142 144 139 137 132 134 136 0
0 193 192 173 194 196 179 177 172 165 174 176 171 169 164 166 168 163 161 158 160 0
0 197 199 204 202 200 205 207 212 210 201 208 213 215 220 218 209 216 221 223 217 0
0 228 226 224 229 231 236 234 225 232 237 239 233 0

vrp_30_4_1
Solving: data/vrp_30_4_1
greedy 150.874846225 

greedy 254.158808203 

greedy 346.866528919 

751.900183347 0
0 19 29 2 0
0 21 11 15 25 24 5 0
0 18 23 10 12 7 13 16 17 9 8 14 28 26 27 6 1 4 3 22 20 0
0  0

vrp_33_4_1
Solving: data/vrp_33_4_1
greedy 197.871303613 

greedy 223.132109772 

greedy 332.724205971 

greedy 300.592478418 

1054.32009777 0
0 30 26 11 0
0 31 14 25 22 7 0
0 4 32 8 10 19 23 24 16 28 1 0
0 3 2 12 5 6 9 13 15 17 18 21 20 27 29 0

vrp_400_18_1
Solving: data/vrp_400_18_1
greedy 12.9574173292 

divideNconquer 15.8901997215 

greedy 18.9705627485 

insertInBetween 30.1816652994 

greedy 34.6439558274 

greedy 48.0832611207 

divideNconquer 47.2548339959 

greedy 63.5572106664 

greedy 70.5509223678 

insertNearestInBetween 81.0383366515 

insertNearestInBetween 72.9447659043 

insertNearestInBetween 88.2406855445 

insertNearestInBetween 93.0801446809 

divideNconquer 105.548702221 

divideNconquer 114.526444156 

divideNconquer 132.115388923 

greedy 140.757967008 

greedy 77.3116644884 

1330.20876445 0
0 1 3 9 399 0
0 6 11 7 13 4 13 0
0 8 12 17 23 16 15 10 5 0
0 25 19 18 24 31 39 30 22 21 20 14 0
0 26 33 41 32 40 49 59 48 38 29 47 37 28 0
0 54 27 36 46 57 69 58 70 83 71 60 50 61 51 42 34 0
0 45 56 68 81 95 82 96 111 97 84 98 85 72 73 62 52 43 98 0
0 53 63 74 86 99 113 128 112 127 143 126 142 110 125 109 94 80 67 90 44 55 0
0 64 75 87 100 114 129 145 162 180 199 198 178 159 141 124 108 93 79 66 160 179 161 144 0
0 76 88 101 115 130 146 163 181 200 219 237 218 254 236 217 197 177 158 140 123 107 152 77 65 78 92 0
0 89 103 117 102 116 131 147 164 182 201 220 238 255 271 286 270 253 235 216 196 176 157 139 122 121 105 91 106 0
0 132 149 133 118 169 166 148 165 183 202 221 239 256 272 287 301 314 300 285 269 252 234 215 195 175 156 138 155 137 120 104 0
0 119 136 154 173 193 174 213 194 214 233 251 268 284 299 313 326 338 327 315 302 288 273 257 240 222 223 204 185 167 150 134 184 203 0
0 153 266 249 250 267 283 298 312 325 337 348 358 349 339 328 316 303 289 274 275 259 241 258 242 224 205 186 168 151 275 232 231 212 192 172 0
0 191 310 323 311 324 335 336 347 357 366 374 367 359 350 340 329 317 330 318 305 290 304 291 276 260 243 225 206 187 335 282 297 296 281 265 248 230 211 0
0 190 210 372 364 355 345 346 356 365 373 380 386 381 375 368 369 361 351 360 341 352 342 331 319 306 292 277 261 244 226 207 188 372 334 322 309 295 280 264 247 229 0
0 189 209 228 246 263 279 294 308 321 333 344 354 363 371 378 384 389 393 394 391 392 388 383 377 370 362 353 343 332 320 307 293 278 262 245 227 208 376 382 387 390 385 379 0
0 395 397 398 396 0

vrp_484_19_1
Solving: data/vrp_484_19_1
greedy 12.9574173292 

divideNconquer 15.8901997215 

greedy 18.9705627485 

insertInBetween 30.1816652994 

greedy 34.6439558274 

greedy 48.0832611207 

divideNconquer 47.2548339959 

greedy 63.5572106664 

greedy 70.5509223678 

insertNearestInBetween 81.0383366515 

insertNearestInBetween 72.9447659043 

insertNearestInBetween 88.2406855445 

insertNearestInBetween 93.0801446809 

divideNconquer 105.548702221 

divideNconquer 114.526444156 

divideNconquer 132.115388923 

greedy 140.757967008 

insertInBetween 125.622366364 

greedy 116.032817484 

1494.55228381 0
0 1 3 9 483 0
0 6 11 7 13 4 13 0
0 8 12 17 23 16 15 10 5 0
0 25 19 18 24 31 39 30 22 21 20 14 0
0 26 33 41 32 40 49 59 48 38 29 47 37 28 0
0 54 27 36 46 57 69 58 70 83 71 60 50 61 51 42 34 0
0 45 56 68 81 95 82 96 111 97 84 98 85 72 73 62 52 43 98 0
0 53 63 74 86 99 113 128 112 127 143 126 142 110 125 109 94 80 67 90 44 55 0
0 64 75 87 100 114 129 145 162 180 199 198 178 159 141 124 108 93 79 66 160 179 161 144 0
0 76 88 101 115 130 146 163 181 200 220 241 219 262 240 218 197 177 158 140 123 107 152 77 65 78 92 0
0 89 103 117 102 116 131 147 164 182 201 221 242 263 283 302 282 261 239 217 196 176 157 139 122 121 105 91 106 0
0 132 149 133 118 169 166 148 165 183 202 222 243 264 284 303 321 338 320 301 281 260 238 216 195 175 156 138 155 137 120 104 0
0 119 136 154 173 193 174 214 194 215 237 259 280 300 319 337 354 370 355 339 322 304 285 265 244 223 224 204 185 167 150 134 184 203 0
0 153 278 257 258 279 299 318 336 353 369 384 398 385 371 356 340 323 305 286 287 267 245 266 246 225 205 186 168 151 287 236 235 213 192 172 0
0 191 334 351 335 352 367 368 383 397 410 422 411 399 386 372 357 341 358 342 325 306 324 307 288 268 247 226 206 187 367 298 317 316 297 277 256 234 212 0
0 190 211 420 408 395 381 382 396 409 421 432 442 433 423 412 413 401 387 400 373 388 374 359 343 326 308 289 269 248 227 207 188 420 366 350 333 315 296 276 255 233 0
0 189 210 232 254 275 295 314 332 349 365 380 394 407 419 430 440 449 457 458 451 452 444 435 425 414 402 389 375 360 344 327 309 290 270 249 228 208 424 434 443 450 441 431 0
0 251 229 250 271 291 310 328 345 361 376 390 403 415 426 436 445 453 460 466 459 465 471 478 475 470 474 469 464 463 456 448 439 429 418 406 393 379 364 348 331 313 294 274 253 231 230 209 0
0 272 292 311 329 346 362 377 391 404 416 427 437 446 454 461 467 472 476 479 481 482 480 477 473 468 462 455 447 438 428 417 405 392 378 363 347 330 312 293 273 252 0

vrp_76_14_1
Solving: data/vrp_76_14_1
greedy 101.457695459 

greedy 128.08421743 

greedy 124.317701872 

greedy 150.443789499 

greedy 96.2173112521 

greedy 196.446841757 

greedy 160.509496496 

greedy 99.6356719705 

insertNearestInBetween 91.2964591319 

greedy 125.01819152 

greedy 136.35361218 

greedy 193.325835265 

greedy 154.890415956 

greedy 213.375982473 

1971.37322226 0
0 2 11 66 0
0 23 40 14 4 0
0 67 13 28 9 0
0 8 21 64 32 0
0 24 33 6 46 0
0 72 10 31 56 20 0
0 30 15 59 38 50 0
0 45 5 7 53 58 0
0 75 48 34 17 16 0
0 26 52 47 69 43 1 0
0 12 39 44 62 27 54 0
0 19 57 37 61 41 18 25 0
0 51 3 49 63 42 22 36 60 29 0
0 68 73 74 71 70 35 65 55 0

vrp_76_8_2
Solving: data/vrp_76_8_2
greedy 112.4594611 

greedy 162.870963461 

greedy 168.554390171 

greedy 200.884424599 

greedy 133.450487802 

greedy 161.793344041 

greedy 232.446524179 

greedy 254.708839814 

1427.16843517 0
0 4 13 14 66 11 40 0
0 67 15 21 28 64 32 9 0
0 10 24 56 33 2 5 46 0
0 6 30 20 59 53 38 31 50 0
0 75 47 48 45 52 34 58 72 17 16 0
0 26 12 39 44 43 1 62 27 54 8 35 0
0 51 25 18 41 22 61 36 71 60 37 29 57 19 7 0
0 65 55 3 49 23 42 63 73 74 69 70 68 0

vrp_101_14_1
Solving: data/vrp_101_14_1
insertInBetween 98.6447278462 

greedy 185.214265161 

greedy 156.424136929 

divideNconquer 117.851932792 

greedy 167.861235003 

greedy 152.472777852 

greedy 186.143377364 

insertNearestInBetween 177.347275814 

greedy 158.318529104 

divideNconquer 158.582993752 

greedy 196.174485307 

divideNconquer 238.233792967 

insertNearestInBetween 290.767830695 

linear 36.7695526217 

2428.99476935 0
0 48 86 85 0
0 39 68 71 49 0
0 31 47 46 59 23 0
0 5 87 2 81 2 0
0 13 72 67 34 66 0
0 14 93 6 32 30 79 0
0 89 16 95 4 12 65 0
0 58 44 22 75 54 24 62 0
0 27 26 3 9 10 19 100 0
0 43 53 43 28 77 50 82 45 0
0 76 33 25 21 97 96 61 83 18 11 0
0 8 64 63 88 1 20 51 29 73 40 88 52 0
0 35 78 80 55 56 74 41 15 57 42 91 37 99 60 84 17 36 7 90 70 69 0
0 92 0

vrp_151_12_2
Solving: data/vrp_151_12_2
divideNconquer 148.946937529 

insertInBetween 196.144977874 

greedy 170.095112058 

greedy 191.808616184 

greedy 200.229762834 

greedy 232.314042796 

insertInBetween 223.947230469 

greedy 209.744676864 

greedy 225.451941385 

greedy 236.072281114 

greedy 390.847138267 

greedy 195.964257869 

2654.06138687 0
0 136 98 9 118 9 18 0
0 12 99 8 20 2 89 73 0
0 34 15 144 109 41 25 97 81 0
0 47 55 143 137 122 117 131 116 0
0 129 80 82 14 67 13 64 33 63 5 0
0 11 115 112 7 66 4 145 54 30 49 62 0
0 108 125 72 150 19 94 69 48 3 35 104 76 0
0 77 78 16 59 31 60 27 6 23 132 95 88 44 0
0 103 39 42 111 139 32 100 28 121 84 21 53 127 126 38 0
0 37 45 71 50 79 83 51 101 70 113 61 43 24 58 133 68 146 148 147 17 0
0 85 36 29 130 75 106 124 123 10 90 40 93 65 107 52 87 149 134 96 86 114 26 22 1 119 138 57 102 46 0
0 140 120 128 74 105 91 92 141 142 110 56 0

vrp_16_5_1
Solving: data/vrp_16_5_1
linear 65.2501148983 

linear 64.1428412582 

greedy 84.0299723378 

greedy 98.555439414 

insertInBetween 114.063512668 

426.041880576 0
0 2 8 0
0 12 13 0
0 9 5 14 0
0 11 3 7 0
0 4 15 10 1 6 0

vrp_21_6_1
Solving: data/vrp_21_6_1
linear 60.8083629047 

linear 77.2817718492 

divideNconquer 106.523474347 

greedy 95.1656453304 

divideNconquer 123.077129099 

greedy 163.22210071 

625.171163751 0
0 8 13 0
0 2 10 0
0 3 16 16 0
0 1 6 7 4 0
0 5 20 18 17 0
0 11 19 12 14 9 0

vrp_253_27_1
Solving: data/vrp_253_27_1
greedy 22.5422181186 

greedy 28.6491106407 

linear 29.8519793271 

greedy 27.8901997215 

greedy 29.0659958276 

greedy 33.4450456746 

greedy 37.5367852783 

linear 32.7838915213 

greedy 28.9705627485 

greedy 28.9705627485 

greedy 39.3282304066 

linear 44.9871973047 

linear 40.803508502 

linear 43.4558441227 

linear 46.4428517793 

linear 48.0768096208 

linear 46.1660919472 

linear 44.803508502 

linear 50.9121929523 

linear 52.0768096208 

linear 52.6833281283 

linear 59.3097607592 

linear 64.9857113691 

linear 67.2021504755 

linear 69.6988664826 

linear 50.246499814 

1120.88571339 0
0 3 2 1 60 0
0 6 5 4 61 0
0 7 8 9 62 0
0 10 11 63 252 0
0 12 13 64 14 15 16 0
0 21 20 19 18 17 65 0
0 26 25 24 23 22 66 0
0 27 28 29 30 31 67 0
0 32 33 34 35 36 37 68 38 0
0 45 44 43 42 41 40 69 39 0
0 52 51 50 49 48 47 46 70 0
0 53 54 55 56 57 58 59 71 0
0 72 73 74 75 76 77 78 79 80 81 0
0 82 83 84 85 86 87 88 89 90 91 0
0 92 93 94 95 96 97 98 99 100 101 102 0
0 103 104 105 106 107 108 109 110 111 112 113 114 0
0 115 116 117 118 119 120 121 122 123 124 125 126 0
0 127 128 129 130 131 132 133 134 135 136 137 138 0
0 139 140 141 142 143 144 145 146 147 148 149 150 151 152 0
0 153 154 155 156 157 158 159 160 161 162 163 164 165 166 0
0 167 168 169 170 171 172 173 174 175 176 177 178 179 180 0
0 181 182 183 184 185 186 187 188 189 190 191 192 193 194 195 0
0 196 197 198 199 200 201 202 203 204 205 206 207 208 209 210 211 0
0 212 213 214 215 216 217 218 219 220 221 222 223 224 225 226 227 0
0 228 229 230 231 232 233 234 235 236 237 238 239 240 241 242 243 0
0 244 245 246 247 248 249 250 251 0
0  0

vrp_301_28_1
Solving: data/vrp_301_28_1
linear 34.6410080763 

linear 60.0001592177 

linear 44.0717290979 

linear 66.3673807318 

greedy 62.0473521598 

linear 69.7515266897 

linear 93.7498374155 

linear 67.6582307329 

divideNconquer 111.954092934 

linear 91.5131301575 

greedy 119.305421653 

greedy 123.057239114 

linear 51.8222976887 

linear 61.759976267 

greedy 74.7353573916 

linear 90.3383561954 

linear 109.071946165 

linear 126.519176373 

insertNearestInBetween 56.168276154 

insertNearestInBetween 62.2437917963 

insertNearestInBetween 65.9891986808 

insertInBetween 84.0680340379 

insertNearestInBetween 86.8659732337 

insertInBetween 102.76047438 

greedy 109.702955624 

greedy 129.197990279 

greedy 128.884987409 

2295.52241527 0
0 1 2 3 4 5 0
0 6 7 8 9 10 0
0 11 60 61 62 63 0
0 64 65 66 67 68 0
0 121 120 71 70 69 0
0 122 123 124 125 126 0
0 127 128 129 130 131 0
0 180 181 182 183 184 0
0 188 187 186 185 189 0
0 190 191 240 241 242 0
0 245 244 243 247 246 0
0 300 251 250 249 248 0
0 15 18 23 26 31 34 39 42 47 50 0
0 55 58 75 78 83 86 91 94 99 102 0
0 154 151 146 143 138 135 118 115 110 107 0
0 159 162 167 170 175 178 195 198 203 206 0
0 211 214 219 222 227 230 235 238 255 258 0
0 263 266 271 274 279 282 287 290 295 298 0
0 16 14 12 17 19 24 22 13 20 25 27 32 30 21 28 33 35 29 36 37 0
0 73 72 53 74 76 59 57 52 45 54 56 51 49 44 46 48 43 41 38 40 0
0 77 79 84 82 80 85 87 92 90 81 88 93 95 100 98 89 96 101 103 97 0
0 108 106 104 109 116 111 114 105 112 117 119 136 134 113 132 137 139 133 140 141 0
0 165 164 157 166 168 163 161 156 149 158 160 155 153 148 150 152 147 145 142 144 0
0 169 171 176 174 172 177 179 196 194 173 192 197 204 199 202 193 200 205 207 201 0
0 233 232 225 231 229 224 217 226 228 223 221 216 209 218 220 215 213 208 210 212 0
0 269 268 261 270 272 267 265 260 253 262 264 259 257 252 254 256 239 237 234 236 0
0 273 275 280 278 276 281 283 288 286 277 284 289 291 296 294 285 292 297 299 293 0
0  0

vrp_33_5_1
Solving: data/vrp_33_5_1
greedy 197.871303613 

greedy 223.132109772 

greedy 332.724205971 

greedy 300.592478418 

1054.32009777 0
0 30 26 11 0
0 31 14 25 22 7 0
0 4 32 8 10 19 23 24 16 28 1 0
0 3 2 12 5 6 9 13 15 17 18 21 20 27 29 0
0  0

vrp_41_14_1
Solving: data/vrp_41_14_1
linear 118.097101939 

linear 71.3198492356 

linear 87.459237746 

linear 53.0572797097 

linear 95.1491402811 

greedy 71.4185323188 

greedy 125.17759406 

greedy 117.353695589 

greedy 69.1390673691 

greedy 76.7387906408 

greedy 47.2739257993 

greedy 95.7341475545 

greedy 88.549710487 

greedy 138.235662291 

1254.70373502 0
0 11 20 0
0 40 24 0
0 14 9 0
0 4 28 0
0 21 32 0
0 2 33 23 0
0 31 10 15 0
0 30 25 38 0
0 17 6 5 0
0 34 1 16 0
0 26 8 27 0
0 18 39 12 7 0
0 19 13 37 29 0
0 35 36 22 3 0

vrp_5_4_1
Solving: data/vrp_5_4_1
linear 52.360679775 

linear 28.2842712475 

80.6449510225 0
0 1 2 3 0
0 4 0
0  0
0  0

vrp_76_14_2
Solving: data/vrp_76_14_2
greedy 101.457695459 

greedy 128.08421743 

greedy 124.317701872 

greedy 150.443789499 

greedy 96.2173112521 

greedy 196.446841757 

greedy 160.509496496 

greedy 99.6356719705 

insertNearestInBetween 91.2964591319 

greedy 125.01819152 

greedy 136.35361218 

greedy 193.325835265 

greedy 154.890415956 

greedy 213.375982473 

1971.37322226 0
0 2 11 66 0
0 23 40 14 4 0
0 67 13 28 9 0
0 8 21 64 32 0
0 24 33 6 46 0
0 72 10 31 56 20 0
0 30 15 59 38 50 0
0 45 5 7 53 58 0
0 75 48 34 17 16 0
0 26 52 47 69 43 1 0
0 12 39 44 62 27 54 0
0 19 57 37 61 41 18 25 0
0 51 3 49 63 42 22 36 60 29 0
0 68 73 74 71 70 35 65 55 0

vrp_76_9_1
Solving: data/vrp_76_9_1
linear 87.1618656594 

linear 326.830387821 

linear 162.691890089 

divideNconquer 356.762993172 

linear 266.010066693 

greedy 224.462068114 

greedy 247.657115729 

divideNconquer 214.44086181 

greedy 566.850373524 

2603.2273744 0
0 75 47 44 0
0 17 62 10 0
0 1 18 51 0
0 64 21 64 43 0
0 3 60 37 45 0
0 11 73 49 19 22 0
0 74 28 48 42 69 7 0
0 2 5 31 4 40 26 15 31 36 0
0 68 54 55 57 56 59 61 58 63 66 52 53 29 32 20 24 34 27 30 16 23 33 25 46 41 50 12 6 13 39 70 8 14 71 9 72 67 35 0

