vrp_101_10_1
Solving: data/vrp_101_10_1
2091.0695118 0
0 63 74 15 16 6 0
0 25 33 54 57 93 0
0 2 13 32 38 46 56 7 0
0 58 70 81 85 88 95 8 0
0 97 12 17 18 21 22 28 31 34 1 0
0 37 39 42 53 60 62 71 75 78 82 0
0 84 87 92 98 100 3 4 5 9 10 11 14 19 20 23 0
0 24 26 27 29 30 35 36 40 41 43 44 45 47 48 49 50 51 52 55 59 0
0 61 64 65 66 67 68 69 72 73 76 77 79 80 83 86 89 90 91 94 96 0
0 99 0

vrp_101_14_2
Solving: data/vrp_101_14_2
3716.66068228 0
0 85 48 86 0
0 68 39 49 71 0
0 23 59 31 47 46 0
0 94 5 81 87 2 0
0 66 67 72 13 34 0
0 32 79 93 30 14 6 0
0 65 95 4 12 16 89 0
0 62 22 44 54 58 75 24 0
0 19 26 100 9 10 27 3 0
0 28 38 45 82 53 77 50 43 0
0 61 76 11 18 97 21 33 83 96 25 0
0 1 51 63 98 8 20 29 40 52 64 73 88 0
0 99 15 35 37 74 57 84 56 69 80 7 36 41 42 70 60 78 90 17 55 91 0
0 92 0

vrp_151_14_1
Solving: data/vrp_151_14_1
14859.7837891 0
0 74 25 114 0
0 38 5 57 0
0 99 63 3 33 0
0 95 92 17 0
0 102 15 101 0
0 76 90 61 106 42 67 0
0 29 128 138 66 1 0
0 14 36 26 146 6 56 0
0 71 109 111 89 78 118 0
0 54 35 149 70 65 48 39 119 0
0 113 8 117 24 20 69 7 82 2 30 0
0 32 19 80 11 147 104 23 28 112 127 72 51 125 13 0
0 132 12 97 77 96 91 141 136 108 98 142 43 133 45 100 86 115 150 105 148 87 126 123 68 50 93 60 47 22 9 0
0 53 81 94 49 79 31 64 85 62 83 131 16 134 135 143 121 122 40 55 73 129 130 18 41 144 4 10 145 21 46 59 84 52 107 120 139 27 75 137 44 58 88 103 110 116 34 37 124 140 0

vrp_200_16_1
Solving: data/vrp_200_16_1
6772.01580568 0
0 85 118 161 48 68 8 0
0 86 190 39 164 49 102 1 0
0 154 23 112 159 178 59 5 0
0 120 125 171 182 31 47 94 2 0
0 141 174 183 196 81 87 134 34 0
0 152 160 66 67 72 147 181 13 0
0 188 32 79 108 113 133 93 170 19 0
0 180 30 105 114 155 195 14 65 95 3 0
0 167 198 4 12 16 62 107 111 130 156 15 0
0 166 184 197 22 44 54 58 75 149 151 26 0
0 176 193 100 135 148 177 194 9 10 27 28 71 0
0 38 45 82 103 123 144 158 162 189 89 106 116 21 0
0 127 138 157 169 191 53 77 128 139 175 187 50 61 76 17 0
0 142 168 179 11 18 97 132 163 172 186 33 83 96 109 131 143 153 0
0 192 51 63 98 115 124 145 150 185 20 29 40 52 64 73 88 99 104 119 137 35 55 0
0 37 74 121 122 165 43 57 84 101 126 140 25 56 69 80 129 136 173 7 36 41 42 70 110 146 199 6 24 60 78 90 117 92 46 91 0

vrp_22_4_1
Solving: data/vrp_22_4_1
887.836690725 0
0 19 5 4 0
0 16 20 12 3 0
0 13 11 1 17 15 9 0
0 18 7 2 21 10 6 14 8 0

vrp_256_14_1
Solving: data/vrp_256_14_1
2978.86347901 0
0 1 3 255 9 0
0 2 4 6 7 11 13 0
0 5 8 10 12 16 17 23 15 0
0 18 22 24 30 31 39 14 19 21 25 20 0
0 29 32 38 40 48 49 59 26 28 33 37 41 47 0
0 50 58 60 70 71 83 27 34 36 42 46 51 57 61 69 54 0
0 72 82 84 96 97 111 35 43 45 52 56 62 68 73 81 85 95 98 0
0 110 112 126 127 142 44 53 55 63 67 74 80 86 94 99 109 113 125 128 141 90 0
0 143 156 157 170 64 66 75 79 87 93 100 108 114 124 129 140 144 155 158 169 171 182 183 0
0 194 65 76 78 88 92 101 107 115 123 130 139 145 154 159 168 172 181 184 193 195 204 205 214 77 0
0 89 91 102 106 116 122 131 138 146 153 160 167 173 180 185 192 196 203 206 213 215 222 223 230 103 105 117 121 0
0 132 137 147 152 161 166 174 179 186 191 197 202 207 212 216 221 224 229 231 236 237 242 104 118 120 133 136 148 151 162 0
0 165 175 178 187 190 198 201 208 211 217 220 225 228 232 235 238 241 243 246 247 250 119 134 135 149 150 163 164 176 177 188 189 199 0
0 200 209 210 218 219 226 227 233 234 239 240 244 245 248 249 251 252 253 254 0

vrp_31_9_1
Solving: data/vrp_31_9_1
1031.26231366 0
0 11 14 0
0 4 9 15 0
0 28 21 3 0
0 24 2 7 0
0 10 20 17 0
0 30 5 6 23 0
0 16 1 26 18 0
0 27 8 12 19 0
0 25 29 13 22 0

vrp_36_11_1
Solving: data/vrp_36_11_1
1183.14700709 0
0 11 4 0
0 14 9 23 0
0 28 21 35 0
0 32 24 13 0
0 33 2 25 0
0 10 31 8 0
0 20 30 5 0
0 17 6 16 15 0
0 34 1 26 22 0
0 27 12 7 19 0
0 18 29 3 0

vrp_421_41_1
Solving: data/vrp_421_41_1
5395.637578 0
0 1 2 3 4 5 0
0 6 7 8 9 10 0
0 11 60 61 62 63 0
0 64 65 66 67 68 0
0 69 70 71 120 121 0
0 122 123 124 125 126 0
0 127 128 129 130 131 0
0 180 181 182 183 184 0
0 185 186 187 188 189 0
0 190 191 240 241 242 0
0 243 244 245 246 247 0
0 248 249 250 251 300 0
0 301 302 303 304 305 0
0 306 307 308 309 310 0
0 311 360 361 362 363 0
0 364 365 366 367 368 0
0 369 370 371 420 15 18 0
0 23 26 31 34 39 42 47 50 55 58 0
0 75 78 83 86 91 94 99 102 107 110 0
0 115 118 135 138 143 146 151 154 159 162 0
0 167 170 175 178 195 198 203 206 211 214 0
0 219 222 227 230 235 238 255 258 263 266 0
0 271 274 279 282 287 290 295 298 315 318 0
0 323 326 331 334 339 342 347 350 355 358 0
0 375 378 383 386 391 394 399 402 407 410 0
0 415 418 12 13 14 16 17 19 20 21 22 24 25 27 28 29 30 32 0
0 33 35 36 37 38 40 41 43 44 45 46 48 49 51 52 53 54 56 57 59 0
0 72 73 74 76 77 79 80 81 82 84 85 87 88 89 90 92 93 95 96 97 0
0 98 100 101 103 104 105 106 108 109 111 112 113 114 116 117 119 132 133 134 136 0
0 137 139 140 141 142 144 145 147 148 149 150 152 153 155 156 157 158 160 161 163 0
0 164 165 166 168 169 171 172 173 174 176 177 179 192 193 194 196 197 199 200 201 0
0 202 204 205 207 208 209 210 212 213 215 216 217 218 220 221 223 224 225 226 228 0
0 229 231 232 233 234 236 237 239 252 253 254 256 257 259 260 261 262 264 265 267 0
0 268 269 270 272 273 275 276 277 278 280 281 283 284 285 286 288 289 291 292 293 0
0 294 296 297 299 312 313 314 316 317 319 320 321 322 324 325 327 328 329 330 332 0
0 333 335 336 337 338 340 341 343 344 345 346 348 349 351 352 353 354 356 357 359 0
0 372 373 374 376 377 379 380 381 382 384 385 387 388 389 390 392 393 395 396 397 0
0 398 400 401 403 404 405 406 408 409 411 412 413 414 416 417 419 0
0  0
0  0
0  0

vrp_51_5_1
Solving: data/vrp_51_5_1
1783.49434214 0
0 18 2 12 20 25 17 0
0 41 34 47 8 13 33 42 0
0 5 14 7 11 30 49 35 48 4 0
0 3 23 44 6 16 27 38 28 39 32 9 0
0 31 43 15 24 45 50 19 37 21 22 1 26 40 29 36 10 46 0

vrp_76_15_1
Solving: data/vrp_76_15_1
2768.39498293 0
0 11 66 2 0
0 40 14 4 23 0
0 67 9 28 13 0
0 21 32 64 8 0
0 24 33 46 6 0
0 10 56 31 20 72 0
0 38 59 30 50 15 0
0 53 5 45 58 7 0
0 17 48 75 16 34 0
0 47 52 1 26 43 69 0
0 62 27 44 12 39 54 0
0 19 41 61 25 37 57 18 0
0 29 60 22 36 51 3 42 63 49 0
0 70 35 68 74 65 55 73 71 0
0  0

vrp_76_9_2
Solving: data/vrp_76_9_2
4681.28360992 0
0 29 4 0
0 23 52 54 0
0 71 35 2 0
0 3 44 75 6 0
0 47 30 42 55 0
0 27 63 33 19 57 32 0
0 15 67 49 64 26 50 59 58 48 0
0 60 11 14 28 69 37 13 36 25 43 66 73 40 8 74 0
0 34 16 20 62 39 18 10 12 56 31 41 22 45 7 24 1 9 61 70 21 51 65 46 68 17 53 72 5 38 0

vrp_101_11_1
Solving: data/vrp_101_11_1
8218.2078254 0
0 97 14 0
0 65 82 10 0
0 93 25 71 3 0
0 59 33 96 2 0
0 41 19 55 38 0
0 72 5 28 86 51 0
0 62 79 50 53 95 58 0
0 35 48 17 90 16 44 18 0
0 31 13 15 8 66 60 36 27 0
0 45 1 46 92 83 87 12 22 39 74 49 54 84 11 0
0 52 30 32 88 56 64 75 89 26 68 40 47 29 9 24 81 69 70 7 78 6 100 77 23 67 99 20 42 43 76 80 21 34 57 94 4 98 61 91 37 63 73 85 0

vrp_101_8_1
Solving: data/vrp_101_8_1
3756.4426388 0
0 85 48 68 86 39 30 0
0 49 23 59 31 47 94 5 25 0
0 81 87 66 67 72 13 32 79 6 46 0
0 93 14 65 95 4 12 16 62 22 44 56 0
0 54 58 75 19 26 100 9 10 27 28 38 71 0
0 45 82 89 34 53 77 3 50 61 76 11 18 97 21 33 91 0
0 83 96 1 51 63 98 8 20 29 40 52 64 73 88 99 15 35 37 74 2 43 57 24 0
0 84 69 80 7 36 41 42 70 60 78 90 17 55 92 0

vrp_151_14_2
Solving: data/vrp_151_14_2
13167.4056951 0
0 75 103 7 0
0 150 17 48 31 0
0 131 1 136 0
0 18 43 109 34 0
0 96 93 85 108 0
0 62 65 22 73 0
0 3 80 122 72 0
0 60 19 119 2 12 0
0 87 47 42 37 52 0
0 98 104 49 146 6 63 0
0 74 69 40 99 88 133 50 0
0 106 28 38 124 36 112 123 26 100 64 0
0 5 15 4 130 116 138 27 57 21 56 121 82 117 68 95 0
0 89 101 78 8 20 23 9 107 142 16 41 66 77 147 70 135 59 92 71 137 10 45 79 44 81 132 11 55 58 90 105 46 61 111 129 51 24 84 145 91 140 25 33 67 143 30 13 54 126 127 102 115 14 134 113 118 53 110 125 149 29 32 35 39 83 86 94 114 120 128 141 148 76 97 139 144 0

vrp_200_16_2
Solving: data/vrp_200_16_2
6896.17278353 0
0 67 184 11 147 167 53 0
0 185 40 14 138 4 51 35 0
0 148 9 28 61 122 21 2 0
0 32 69 74 158 24 33 46 50 0
0 90 130 146 193 10 83 104 25 0
0 180 186 31 96 165 166 171 57 0
0 38 62 82 112 131 178 20 30 27 0
0 192 5 45 54 63 129 17 48 113 18 0
0 164 194 6 16 34 47 56 60 79 103 15 0
0 111 115 161 1 26 43 98 121 143 153 44 0
0 157 174 84 97 118 125 199 8 12 39 52 7 0
0 72 93 108 109 126 127 137 144 181 19 41 55 3 0
0 65 76 87 170 188 37 77 88 133 152 176 29 91 102 116 0
0 149 160 175 13 22 36 81 110 117 196 42 58 80 92 120 132 182 0
0 195 64 73 94 99 100 150 162 197 68 86 107 119 128 139 151 163 172 187 198 70 154 0
0 71 114 134 136 173 75 89 101 142 156 183 23 78 85 124 155 168 179 49 59 95 106 135 140 141 169 66 105 123 159 177 189 191 145 190 0

vrp_22_6_1
Solving: data/vrp_22_6_1
857.481360287 0
0 19 4 8 0
0 5 20 0
0 16 12 10 0
0 13 11 1 6 0
0 17 15 18 3 14 0
0 7 2 21 9 0

vrp_26_8_1
Solving: data/vrp_26_8_1
1171.62477578 0
0 3 11 0
0 5 15 0
0 10 20 2 0
0 19 8 14 0
0 18 1 9 0
0 12 23 13 0
0 24 17 16 4 0
0 22 6 7 25 21 0

vrp_321_30_1
Solving: data/vrp_321_30_1
1440.524783 0
0 1 2 3 60 0
0 4 5 6 61 0
0 7 8 9 62 0
0 10 11 320 63 0
0 12 13 14 15 16 64 0
0 17 18 19 20 21 65 0
0 22 23 24 25 26 66 0
0 27 28 29 30 31 67 0
0 32 33 34 35 36 37 38 68 0
0 39 40 41 42 43 44 45 69 0
0 46 47 48 49 50 51 52 70 0
0 53 54 55 56 57 58 59 71 0
0 72 73 74 75 76 77 78 79 80 81 0
0 82 83 84 85 86 87 88 89 90 91 0
0 92 93 94 95 96 97 98 99 100 101 102 0
0 103 104 105 106 107 108 109 110 111 112 113 114 0
0 115 116 117 118 119 120 121 122 123 124 125 126 0
0 127 128 129 130 131 132 133 134 135 136 137 138 0
0 139 140 141 142 143 144 145 146 147 148 149 150 151 152 0
0 153 154 155 156 157 158 159 160 161 162 163 164 165 166 0
0 167 168 169 170 171 172 173 174 175 176 177 178 179 180 0
0 181 182 183 184 185 186 187 188 189 190 191 192 193 194 195 0
0 196 197 198 199 200 201 202 203 204 205 206 207 208 209 210 211 0
0 212 213 214 215 216 217 218 219 220 221 222 223 224 225 226 227 0
0 228 229 230 231 232 233 234 235 236 237 238 239 240 241 242 243 0
0 244 245 246 247 248 249 250 251 252 253 254 255 256 257 258 259 260 261 0
0 262 263 264 265 266 267 268 269 270 271 272 273 274 275 276 277 278 279 280 0
0 281 282 283 284 285 286 287 288 289 290 291 292 293 294 295 296 297 298 299 0
0 300 301 302 303 304 305 306 307 308 309 310 311 312 313 314 315 316 317 318 0
0 319 0

vrp_361_33_1
Solving: data/vrp_361_33_1
4036.50438739 0
0 1 2 3 4 5 0
0 6 7 8 9 10 0
0 11 60 61 62 63 0
0 64 65 66 67 68 0
0 69 70 71 120 121 0
0 122 123 124 125 126 0
0 127 128 129 130 131 0
0 180 181 182 183 184 0
0 185 186 187 188 189 0
0 190 191 240 241 242 0
0 243 244 245 246 247 0
0 248 249 250 251 300 0
0 301 302 303 304 305 0
0 306 307 308 309 310 0
0 311 360 15 18 23 26 31 34 0
0 39 42 47 50 55 58 75 78 83 86 0
0 91 94 99 102 107 110 115 118 135 138 0
0 143 146 151 154 159 162 167 170 175 178 0
0 195 198 203 206 211 214 219 222 227 230 0
0 235 238 255 258 263 266 271 274 279 282 0
0 287 290 295 298 315 318 323 326 331 334 0
0 339 342 347 350 355 358 12 13 14 16 17 19 20 21 0
0 22 24 25 27 28 29 30 32 33 35 36 37 38 40 41 43 44 45 46 48 0
0 49 51 52 53 54 56 57 59 72 73 74 76 77 79 80 81 82 84 85 87 0
0 88 89 90 92 93 95 96 97 98 100 101 103 104 105 106 108 109 111 112 113 0
0 114 116 117 119 132 133 134 136 137 139 140 141 142 144 145 147 148 149 150 152 0
0 153 155 156 157 158 160 161 163 164 165 166 168 169 171 172 173 174 176 177 179 0
0 192 193 194 196 197 199 200 201 202 204 205 207 208 209 210 212 213 215 216 217 0
0 218 220 221 223 224 225 226 228 229 231 232 233 234 236 237 239 252 253 254 256 0
0 257 259 260 261 262 264 265 267 268 269 270 272 273 275 276 277 278 280 281 283 0
0 284 285 286 288 289 291 292 293 294 296 297 299 312 313 314 316 317 319 320 321 0
0 322 324 325 327 328 329 330 332 333 335 336 337 338 340 341 343 344 345 346 348 0
0 349 351 352 353 354 356 357 359 0

vrp_45_4_1
Solving: data/vrp_45_4_1
2520.71969751 0
0 32 24 2 26 0
0 23 16 25 9 0
0 14 8 41 27 10 30 19 20 28 34 36 0
0 18 39 35 21 15 7 42 11 33 37 29 31 43 44 22 40 4 1 12 38 13 5 3 17 6 0

vrp_72_4_1
Solving: data/vrp_72_4_1
1270.22850936 0
0 11 56 22 3 0
0 33 1 62 70 47 28 34 0
0 4 24 8 35 18 21 71 66 57 60 46 32 9 43 0
0 23 26 19 51 68 10 6 30 40 49 20 31 69 48 67 27 29 7 45 14 17 39 63 36 37 58 5 52 38 61 15 55 59 65 41 50 12 2 13 42 44 64 54 16 25 53 0

vrp_76_7_1
Solving: data/vrp_76_7_1
2563.27541252 0
0 11 66 40 14 4 67 20 0
0 9 28 21 32 64 24 33 38 0
0 46 2 10 56 31 59 30 50 53 0
0 5 45 58 17 48 75 6 16 34 47 52 72 0
0 1 26 43 62 27 44 8 12 39 54 7 19 41 49 0
0 61 25 37 57 18 29 60 13 22 36 51 3 42 63 70 35 68 74 0
0 65 15 69 55 23 73 71 0

vrp_76_9_3
Solving: data/vrp_76_9_3
6114.35406863 0
0 24 56 44 0
0 20 2 60 6 0
0 64 41 11 27 0
0 53 75 45 25 17 0
0 1 26 34 21 50 0
0 49 48 52 4 31 57 0
0 39 8 68 18 63 0
0 74 12 22 54 65 29 15 23 70 9 62 36 19 47 30 0
0 3 37 59 40 7 58 32 5 28 42 69 13 51 16 55 10 61 14 67 43 33 46 71 35 38 66 72 73 0

vrp_101_11_2
Solving: data/vrp_101_11_2
8307.34229965 0
0 74 5 72 17 0
0 38 25 27 0
0 99 63 65 21 0
0 95 76 78 33 0
0 15 92 60 34 0
0 90 61 29 3 16 0
0 66 14 36 26 30 67 0
0 71 89 54 35 70 23 40 0
0 48 39 8 24 20 69 57 6 28 0
0 7 82 2 32 19 80 11 51 12 97 77 96 91 55 0
0 42 98 13 43 45 86 1 100 87 68 50 93 47 53 81 94 49 22 56 79 31 64 85 62 83 73 18 41 4 10 46 59 84 52 75 9 44 58 88 37 0

vrp_121_7_1
Solving: data/vrp_121_7_1
5253.6461482 0
0 75 77 1 51 87 41 119 8 7 0
0 59 15 17 37 12 19 40 61 65 67 97 24 0
0 25 43 58 63 70 90 92 10 11 26 89 5 38 0
0 42 55 64 69 3 13 16 23 48 52 66 68 72 109 114 0
0 120 14 18 22 39 54 82 98 103 108 30 46 53 74 83 86 96 34 0
0 99 102 113 115 31 44 56 80 84 94 116 29 45 73 95 101 57 85 105 112 2 0
0 21 33 47 62 71 78 81 93 100 104 110 111 117 4 27 106 6 9 28 49 60 76 107 20 35 36 50 88 91 118 32 79 0

vrp_151_14_3
Solving: data/vrp_151_14_3
13411.8422461 0
0 29 127 22 0
0 143 114 87 0
0 121 147 13 0
0 78 23 0
0 113 138 149 0
0 103 71 63 0
0 94 3 97 74 0
0 47 137 125 42 6 0
0 83 93 135 111 54 0
0 112 44 139 35 52 12 0
0 30 27 96 130 128 33 19 8 17 0
0 142 107 15 67 49 64 148 26 50 110 117 59 131 0
0 60 86 11 122 14 150 57 58 28 79 69 37 126 36 133 25 43 66 89 105 4 73 20 0
0 40 101 34 16 88 62 39 18 115 140 10 76 123 90 134 56 118 119 31 41 145 55 92 100 45 129 2 84 106 146 32 48 85 136 108 144 7 24 77 1 9 61 70 21 80 51 65 102 104 46 81 95 116 141 68 82 109 124 75 132 53 72 98 99 5 38 91 120 0

vrp_200_17_1
Solving: data/vrp_200_17_1
6772.01580568 0
0 85 118 161 48 68 8 0
0 86 190 39 164 49 102 1 0
0 154 23 112 159 178 59 5 0
0 120 125 171 182 31 47 94 2 0
0 141 174 183 196 81 87 134 34 0
0 152 160 66 67 72 147 181 13 0
0 188 32 79 108 113 133 93 170 19 0
0 180 30 105 114 155 195 14 65 95 3 0
0 167 198 4 12 16 62 107 111 130 156 15 0
0 166 184 197 22 44 54 58 75 149 151 26 0
0 176 193 100 135 148 177 194 9 10 27 28 71 0
0 38 45 82 103 123 144 158 162 189 89 106 116 21 0
0 127 138 157 169 191 53 77 128 139 175 187 50 61 76 17 0
0 142 168 179 11 18 97 132 163 172 186 33 83 96 109 131 143 153 0
0 192 51 63 98 115 124 145 150 185 20 29 40 52 64 73 88 99 104 119 137 35 55 0
0 37 74 121 122 165 43 57 84 101 126 140 25 56 69 80 129 136 173 7 36 41 42 70 110 146 199 6 24 60 78 90 117 92 46 91 0
0  0

vrp_23_3_1
Solving: data/vrp_23_3_1
1462.5938996 0
0 10 7 0
0 9 19 4 14 20 5 12 13 17 6 0
0 11 21 8 15 1 18 16 2 22 3 0

vrp_262_25_1
Solving: data/vrp_262_25_1
27922.681898 0
0 57 142 82 100 187 76 250 251 252 253 254 255 256 257 258 259 260 261 0
0 224 86 92 186 201 35 0
0 220 243 154 156 163 32 0
0 38 170 239 65 162 123 0
0 191 3 25 104 117 90 7 0
0 202 245 59 196 192 18 0
0 19 129 149 125 227 15 0
0 113 137 180 98 102 108 0
0 178 217 37 150 225 145 14 0
0 121 131 40 63 48 49 53 203 0
0 157 158 185 114 244 212 26 0
0 221 198 20 190 36 103 169 0
0 45 73 2 95 132 214 155 0
0 97 112 136 184 24 153 109 124 0
0 175 246 115 247 10 205 58 81 0
0 183 64 181 179 72 171 216 218 96 0
0 13 34 60 206 222 42 66 67 33 0
0 88 174 140 189 232 128 226 9 28 68 0
0 31 240 160 17 138 12 85 110 134 22 0
0 146 207 249 215 21 79 159 91 141 54 11 0
0 61 6 43 248 39 107 111 230 219 168 69 106 0
0 147 161 223 119 143 16 56 62 8 94 177 242 197 52 0
0 101 182 46 78 127 83 120 139 4 213 237 105 135 30 89 152 209 166 0
0 41 151 236 99 173 167 194 195 208 118 164 188 211 234 130 235 70 172 241 51 210 229 231 193 44 75 84 144 200 133 176 0
0 23 29 47 77 1 148 5 27 55 74 116 50 71 87 93 122 80 165 199 238 126 204 228 233 0

vrp_324_16_1
Solving: data/vrp_324_16_1
4185.74186901 0
0 1 3 323 9 0
0 2 4 6 7 11 13 0
0 5 8 10 12 16 17 23 15 0
0 18 22 24 30 31 39 14 19 21 25 20 0
0 29 32 38 40 48 49 59 26 28 33 37 41 47 0
0 50 58 60 70 71 83 27 34 36 42 46 51 57 61 69 54 0
0 72 82 84 96 97 111 35 43 45 52 56 62 68 73 81 85 95 98 0
0 110 112 126 127 143 44 53 55 63 67 74 80 86 94 99 109 113 125 128 142 90 0
0 144 160 161 178 64 66 75 79 87 93 100 108 114 124 129 141 145 159 162 177 179 194 195 0
0 210 65 76 78 88 92 101 107 115 123 130 140 146 158 163 176 180 193 196 209 211 224 225 238 77 152 0
0 89 91 102 106 116 122 131 139 147 157 164 175 181 192 197 208 212 223 226 237 239 250 251 262 103 105 117 121 0
0 132 138 148 156 165 174 182 191 198 207 213 222 227 236 240 249 252 261 263 272 273 282 104 118 120 133 137 149 155 166 169 0
0 173 183 190 199 206 214 221 228 235 241 248 253 260 264 271 274 281 283 290 291 298 119 134 136 150 154 167 172 184 189 200 205 215 0
0 220 229 234 242 247 254 259 265 270 275 280 284 289 292 297 299 304 305 310 135 151 153 168 171 185 188 201 204 216 219 230 233 243 246 255 0
0 258 266 269 276 279 285 288 293 296 300 303 306 309 311 314 315 318 170 186 187 202 203 217 218 231 232 244 245 256 257 267 268 277 278 286 287 294 295 0
0 301 302 307 308 312 313 316 317 319 320 321 322 0

vrp_386_47_1
Solving: data/vrp_386_47_1
82596.3816071 0
0 317 7 0
0 314 182 0
0 358 216 0
0 313 99 0
0 360 32 0
0 322 4 5 0
0 318 267 0
0 70 108 0
0 194 100 12 0
0 19 6 0
0 118 264 0
0 308 328 0
0 310 352 0
0 331 316 0
0 385 39 13 0
0 259 311 14 0
0 302 228 1 0
0 326 94 0
0 332 269 0
0 275 347 0
0 227 299 0
0 329 58 0
0 127 333 0
0 359 204 268 0
0 334 335 307 8 0
0 89 298 353 18 0
0 272 351 138 139 0
0 222 273 288 104 10 0
0 257 263 280 303 232 0
0 374 378 33 233 296 0
0 238 249 239 294 297 9 0
0 356 336 350 354 50 91 0
0 202 301 309 361 383 260 11 0
0 283 340 357 59 137 234 278 34 0
0 315 321 323 348 362 372 375 382 16 0
0 2 3 49 55 102 105 132 153 221 15 0
0 226 231 235 247 252 327 48 53 93 28 0
0 133 183 185 187 224 236 250 277 40 101 106 25 0
0 121 128 145 184 223 240 262 266 287 293 325 369 17 20 0
0 27 43 65 75 78 87 107 115 120 125 126 130 134 136 140 165 21 0
0 178 180 241 245 254 261 274 276 304 312 330 346 380 22 26 31 56 23 0
0 57 64 66 68 69 86 92 95 122 144 147 151 155 167 179 190 197 229 237 242 243 35 0
0 248 256 270 279 281 284 286 289 300 305 306 324 337 341 344 355 363 36 37 41 42 51 60 71 0
0 74 77 80 82 84 85 88 96 97 98 109 111 119 123 142 149 159 166 172 173 174 175 181 186 201 206 212 213 214 219 230 244 24 0
0 246 251 258 265 271 285 290 292 295 320 342 345 364 381 384 29 30 38 44 45 46 47 52 54 61 62 63 67 72 73 76 79 81 83 90 103 110 112 113 114 116 117 124 129 131 135 141 143 146 148 0
0 150 152 154 156 157 158 160 161 162 163 164 168 169 170 171 176 177 188 189 191 192 193 195 196 198 199 200 203 205 207 208 209 210 211 215 217 218 220 225 253 255 282 291 319 338 339 343 349 365 366 367 368 370 371 373 376 377 379 0
0  0

vrp_48_4_1
Solving: data/vrp_48_4_1
158271.294075 0
0 1 2 3 4 5 6 7 8 9 10 11 12 13 14 15 0
0 16 17 18 19 20 21 22 23 24 25 26 27 28 29 30 0
0 31 32 33 34 35 36 37 38 39 40 41 42 43 44 45 0
0 46 47 0

vrp_76_10_1
Solving: data/vrp_76_10_1
2520.13112351 0
0 11 66 40 14 72 0
0 4 67 9 28 20 0
0 21 32 64 24 33 0
0 46 2 10 56 31 35 0
0 38 59 30 50 53 5 49 0
0 45 58 17 48 75 6 16 0
0 34 47 52 1 26 43 62 3 0
0 27 44 8 12 39 54 7 19 13 0
0 41 61 25 37 57 18 29 60 22 36 71 0
0 51 42 63 70 68 74 65 15 69 55 23 73 0

vrp_76_7_2
Solving: data/vrp_76_7_2
2563.27541252 0
0 11 66 40 14 4 67 20 0
0 9 28 21 32 64 24 33 38 0
0 46 2 10 56 31 59 30 50 53 0
0 5 45 58 17 48 75 6 16 34 47 52 72 0
0 1 26 43 62 27 44 8 12 39 54 7 19 41 49 0
0 61 25 37 57 18 29 60 13 22 36 51 3 42 63 70 35 68 74 0
0 65 15 69 55 23 73 71 0

vrp_101_11_3
Solving: data/vrp_101_11_3
6717.50261744 0
0 75 17 48 50 0
0 100 1 6 91 0
0 18 43 74 0
0 96 93 49 14 0
0 62 65 22 10 0
0 3 80 19 45 7 0
0 60 87 47 26 0
0 42 98 85 69 15 0
0 40 99 88 37 28 38 82 0
0 36 5 4 27 57 21 56 68 89 78 8 2 20 23 9 16 41 66 77 70 79 0
0 34 59 92 71 52 44 81 11 55 58 90 46 61 51 24 84 95 63 25 33 67 30 13 54 73 64 53 12 29 32 35 39 83 86 94 31 72 76 97 0

vrp_135_7_1
Solving: data/vrp_135_7_1
5430.83199286 0
0 95 30 127 6 0
0 132 120 114 81 0
0 83 33 108 131 12 0
0 113 52 71 82 80 110 67 47 0
0 130 48 2 106 74 68 121 107 66 103 111 46 0
0 112 123 19 128 117 39 100 69 129 49 23 22 105 102 77 125 78 124 126 115 65 35 84 3 37 5 18 24 28 42 97 109 118 91 32 7 27 0
0 99 1 9 26 43 63 86 76 101 44 87 90 4 8 10 11 13 14 16 20 21 36 38 40 41 45 51 56 58 61 62 64 72 73 75 122 57 54 94 15 79 17 25 29 31 34 50 53 55 59 60 85 89 92 119 70 88 93 98 104 134 133 96 116 0

vrp_151_15_1
Solving: data/vrp_151_15_1
15241.1553969 0
0 97 82 140 3 0
0 65 25 23 0
0 127 59 86 67 0
0 121 93 106 0
0 113 33 53 38 0
0 41 19 55 132 4 0
0 72 111 5 16 0
0 148 28 62 96 78 51 0
0 14 79 145 50 83 0
0 35 48 17 90 128 136 112 18 0
0 139 143 31 13 15 123 133 100 0
0 8 138 66 60 36 27 107 147 45 1 134 0
0 118 46 92 117 87 12 22 39 44 74 116 49 54 120 30 0
0 84 52 146 105 32 88 56 142 64 75 95 89 26 68 40 47 137 29 9 24 81 69 130 149 2 101 114 141 71 70 7 126 135 131 99 0
0 6 102 150 77 119 109 129 10 11 20 42 43 76 80 21 34 57 94 122 98 144 58 61 91 104 110 37 63 73 85 103 108 115 124 125 0

vrp_200_17_2
Solving: data/vrp_200_17_2
6896.17278353 0
0 67 184 11 147 167 53 0
0 185 40 14 138 4 51 35 0
0 148 9 28 61 122 21 2 0
0 32 69 74 158 24 33 46 50 0
0 90 130 146 193 10 83 104 25 0
0 180 186 31 96 165 166 171 57 0
0 38 62 82 112 131 178 20 30 27 0
0 192 5 45 54 63 129 17 48 113 18 0
0 164 194 6 16 34 47 56 60 79 103 15 0
0 111 115 161 1 26 43 98 121 143 153 44 0
0 157 174 84 97 118 125 199 8 12 39 52 7 0
0 72 93 108 109 126 127 137 144 181 19 41 55 3 0
0 65 76 87 170 188 37 77 88 133 152 176 29 91 102 116 0
0 149 160 175 13 22 36 81 110 117 196 42 58 80 92 120 132 182 0
0 195 64 73 94 99 100 150 162 197 68 86 107 119 128 139 151 163 172 187 198 70 154 0
0 71 114 134 136 173 75 89 101 142 156 183 23 78 85 124 155 168 179 49 59 95 106 135 140 141 169 66 105 123 159 177 189 191 145 190 0
0  0

vrp_23_5_1
Solving: data/vrp_23_5_1
1462.5938996 0
0 10 7 0
0 9 19 4 14 20 5 12 13 17 6 0
0 11 21 8 15 1 18 16 2 22 3 0
0  0
0  0

vrp_30_3_1
Solving: data/vrp_30_3_1
1793.88172367 0
0 2 29 19 0
0 21 11 25 15 24 5 0
0 8 1 9 20 23 26 6 7 13 14 16 18 28 3 12 4 10 17 22 27 0

vrp_33_3_1
Solving: data/vrp_33_3_1
6342.26965256 0
0 1 30 10 0
0 18 27 7 14 32 22 6 0
0 3 24 11 20 5 23 13 31 25 19 8 21 2 16 26 17 4 9 12 29 15 28 0

vrp_397_34_1
Solving: data/vrp_397_34_1
1710.48543687 0
0 1 2 3 60 0
0 4 5 6 61 0
0 7 8 9 62 0
0 10 11 396 63 0
0 12 13 14 15 16 64 0
0 17 18 19 20 21 65 0
0 22 23 24 25 26 66 0
0 27 28 29 30 31 67 0
0 32 33 34 35 36 37 38 68 0
0 39 40 41 42 43 44 45 69 0
0 46 47 48 49 50 51 52 70 0
0 53 54 55 56 57 58 59 71 0
0 72 73 74 75 76 77 78 79 80 81 0
0 82 83 84 85 86 87 88 89 90 91 0
0 92 93 94 95 96 97 98 99 100 101 102 0
0 103 104 105 106 107 108 109 110 111 112 113 114 0
0 115 116 117 118 119 120 121 122 123 124 125 126 0
0 127 128 129 130 131 132 133 134 135 136 137 138 0
0 139 140 141 142 143 144 145 146 147 148 149 150 151 152 0
0 153 154 155 156 157 158 159 160 161 162 163 164 165 166 0
0 167 168 169 170 171 172 173 174 175 176 177 178 179 180 0
0 181 182 183 184 185 186 187 188 189 190 191 192 193 194 195 0
0 196 197 198 199 200 201 202 203 204 205 206 207 208 209 210 211 0
0 212 213 214 215 216 217 218 219 220 221 222 223 224 225 226 227 0
0 228 229 230 231 232 233 234 235 236 237 238 239 240 241 242 243 0
0 244 245 246 247 248 249 250 251 252 253 254 255 256 257 258 259 260 261 0
0 262 263 264 265 266 267 268 269 270 271 272 273 274 275 276 277 278 279 280 0
0 281 282 283 284 285 286 287 288 289 290 291 292 293 294 295 296 297 298 299 0
0 300 301 302 303 304 305 306 307 308 309 310 311 312 313 314 315 316 317 318 0
0 319 320 321 322 323 324 325 326 327 328 329 330 331 332 333 334 335 336 337 338 339 0
0 340 341 342 343 344 345 346 347 348 349 350 351 352 353 354 355 356 357 358 359 360 0
0 361 362 363 364 365 366 367 368 369 370 371 372 373 374 375 376 377 378 379 380 381 0
0 382 383 384 385 386 387 388 389 390 391 392 393 394 395 0
0  0

vrp_481_38_1
Solving: data/vrp_481_38_1
2089.99821031 0
0 1 2 3 60 0
0 4 5 6 61 0
0 7 8 9 62 0
0 10 11 480 63 0
0 12 13 14 15 16 64 0
0 17 18 19 20 21 65 0
0 22 23 24 25 26 66 0
0 27 28 29 30 31 67 0
0 32 33 34 35 36 37 38 68 0
0 39 40 41 42 43 44 45 69 0
0 46 47 48 49 50 51 52 70 0
0 53 54 55 56 57 58 59 71 0
0 72 73 74 75 76 77 78 79 80 81 0
0 82 83 84 85 86 87 88 89 90 91 0
0 92 93 94 95 96 97 98 99 100 101 102 0
0 103 104 105 106 107 108 109 110 111 112 113 114 0
0 115 116 117 118 119 120 121 122 123 124 125 126 0
0 127 128 129 130 131 132 133 134 135 136 137 138 0
0 139 140 141 142 143 144 145 146 147 148 149 150 151 152 0
0 153 154 155 156 157 158 159 160 161 162 163 164 165 166 0
0 167 168 169 170 171 172 173 174 175 176 177 178 179 180 0
0 181 182 183 184 185 186 187 188 189 190 191 192 193 194 195 0
0 196 197 198 199 200 201 202 203 204 205 206 207 208 209 210 211 0
0 212 213 214 215 216 217 218 219 220 221 222 223 224 225 226 227 0
0 228 229 230 231 232 233 234 235 236 237 238 239 240 241 242 243 0
0 244 245 246 247 248 249 250 251 252 253 254 255 256 257 258 259 260 261 0
0 262 263 264 265 266 267 268 269 270 271 272 273 274 275 276 277 278 279 280 0
0 281 282 283 284 285 286 287 288 289 290 291 292 293 294 295 296 297 298 299 0
0 300 301 302 303 304 305 306 307 308 309 310 311 312 313 314 315 316 317 318 0
0 319 320 321 322 323 324 325 326 327 328 329 330 331 332 333 334 335 336 337 338 339 0
0 340 341 342 343 344 345 346 347 348 349 350 351 352 353 354 355 356 357 358 359 360 0
0 361 362 363 364 365 366 367 368 369 370 371 372 373 374 375 376 377 378 379 380 381 0
0 382 383 384 385 386 387 388 389 390 391 392 393 394 395 396 397 398 399 400 401 402 403 0
0 404 405 406 407 408 409 410 411 412 413 414 415 416 417 418 419 420 421 422 423 424 425 426 0
0 427 428 429 430 431 432 433 434 435 436 437 438 439 440 441 442 443 444 445 446 447 448 449 0
0 450 451 452 453 454 455 456 457 458 459 460 461 462 463 464 465 466 467 468 469 470 471 472 0
0 473 474 475 476 477 478 479 0
0  0

vrp_76_10_2
Solving: data/vrp_76_10_2
5109.02070323 0
0 74 3 13 0
0 38 35 30 0
0 15 61 60 0
0 25 5 1 52 0
0 63 29 54 0
0 66 14 36 72 67 0
0 26 71 70 65 42 22 0
0 48 39 8 24 20 69 51 27 0
0 57 6 7 2 32 19 11 23 43 62 0
0 28 12 45 75 68 50 47 53 49 56 33 31 64 16 40 55 73 18 41 4 10 21 46 59 9 44 58 17 34 37 0

vrp_76_8_1
Solving: data/vrp_76_8_1
2599.63192034 0
0 11 66 40 14 4 13 0
0 67 9 28 21 32 64 15 0
0 24 33 46 2 10 56 5 0
0 31 38 59 20 30 50 53 6 0
0 45 58 17 48 75 16 34 47 52 72 0
0 1 26 43 62 27 44 8 12 39 54 35 0
0 7 19 41 61 25 37 57 18 29 60 22 36 51 71 0
0 3 42 63 70 68 74 65 69 55 23 73 49 0

vrp_101_11_4
Solving: data/vrp_101_11_4
6205.58028003 0
0 29 33 2 0
0 78 63 0
0 23 44 10 0
0 71 83 18 0
0 94 3 87 54 0
0 97 47 14 0
0 93 35 30 25 0
0 27 52 96 19 42 57 0
0 15 67 49 64 26 50 59 60 86 76 6 0
0 11 100 58 28 79 69 37 13 36 43 66 89 4 73 40 8 34 16 31 0
0 88 20 62 39 90 12 74 56 41 55 92 22 45 84 32 48 85 7 24 77 1 9 61 70 21 80 51 65 46 81 95 68 82 75 17 53 72 98 99 5 38 91 0

vrp_151_12_1
Solving: data/vrp_151_12_1
5197.45701654 0
0 85 118 48 68 86 21 0
0 39 49 102 23 112 59 13 0
0 120 125 31 47 94 141 5 1 0
0 81 87 134 66 67 72 147 93 0
0 32 79 108 113 133 30 105 114 14 17 0
0 65 95 4 12 16 62 107 111 130 22 8 0
0 44 54 58 75 149 19 26 100 135 148 9 20 0
0 10 27 28 38 45 82 103 123 144 71 89 106 33 0
0 116 127 138 34 53 77 128 139 3 50 61 76 142 11 15 0
0 18 97 132 83 96 109 131 143 51 63 98 115 124 145 150 29 40 52 64 6 0
0 73 88 99 104 119 137 35 37 74 121 122 2 43 57 84 101 126 140 25 56 69 80 129 136 7 36 41 42 46 0
0 70 110 146 24 60 78 90 117 55 92 91 0

vrp_16_3_1
Solving: data/vrp_16_3_1
466.163190198 0
0 2 12 8 1 0
0 13 5 14 7 10 0
0 11 3 6 9 15 4 0

vrp_21_4_1
Solving: data/vrp_21_4_1
722.601353848 0
0 8 2 6 0
0 10 15 3 19 0
0 4 1 20 13 5 0
0 17 18 14 9 11 12 16 7 0

vrp_241_22_1
Solving: data/vrp_241_22_1
2074.37218222 0
0 1 2 3 4 5 0
0 6 7 8 9 10 0
0 11 60 61 62 63 0
0 64 65 66 67 68 0
0 69 70 71 120 121 0
0 122 123 124 125 126 0
0 127 128 129 130 131 0
0 180 181 182 183 184 0
0 185 186 187 188 189 0
0 190 191 240 15 18 23 26 0
0 31 34 39 42 47 50 55 58 75 78 0
0 83 86 91 94 99 102 107 110 115 118 0
0 135 138 143 146 151 154 159 162 167 170 0
0 175 178 195 198 203 206 211 214 219 222 0
0 227 230 235 238 12 13 14 16 17 19 20 21 22 24 25 27 0
0 28 29 30 32 33 35 36 37 38 40 41 43 44 45 46 48 49 51 52 53 0
0 54 56 57 59 72 73 74 76 77 79 80 81 82 84 85 87 88 89 90 92 0
0 93 95 96 97 98 100 101 103 104 105 106 108 109 111 112 113 114 116 117 119 0
0 132 133 134 136 137 139 140 141 142 144 145 147 148 149 150 152 153 155 156 157 0
0 158 160 161 163 164 165 166 168 169 171 172 173 174 176 177 179 192 193 194 196 0
0 197 199 200 201 202 204 205 207 208 209 210 212 213 215 216 217 218 220 221 223 0
0 224 225 226 228 229 231 232 233 234 236 237 239 0

vrp_30_4_1
Solving: data/vrp_30_4_1
1793.88172367 0
0 2 29 19 0
0 21 11 25 15 24 5 0
0 8 1 9 20 23 26 6 7 13 14 16 18 28 3 12 4 10 17 22 27 0
0  0

vrp_33_4_1
Solving: data/vrp_33_4_1
1537.28993356 0
0 26 30 11 0
0 7 31 14 25 22 0
0 4 32 28 8 10 24 1 16 23 19 0
0 18 9 27 17 29 15 2 3 20 21 13 12 6 5 0

vrp_400_18_1
Solving: data/vrp_400_18_1
5773.18581602 0
0 1 3 399 9 0
0 2 4 6 7 11 13 0
0 5 8 10 12 16 17 23 15 0
0 18 22 24 30 31 39 14 19 21 25 20 0
0 29 32 38 40 48 49 59 26 28 33 37 41 47 0
0 50 58 60 70 71 83 27 34 36 42 46 51 57 61 69 54 0
0 72 82 84 96 97 111 35 43 45 52 56 62 68 73 81 85 95 98 0
0 110 112 126 127 143 44 53 55 63 67 74 80 86 94 99 109 113 125 128 142 90 0
0 144 160 161 179 64 66 75 79 87 93 100 108 114 124 129 141 145 159 162 178 180 198 199 0
0 218 65 76 78 88 92 101 107 115 123 130 140 146 158 163 177 181 197 200 217 219 236 237 254 77 152 0
0 89 91 102 106 116 122 131 139 147 157 164 176 182 196 201 216 220 235 238 253 255 270 271 286 103 105 117 121 0
0 132 138 148 156 165 175 183 195 202 215 221 234 239 252 256 269 272 285 287 300 301 314 104 118 120 133 137 149 155 166 169 0
0 174 184 194 203 214 222 233 240 251 257 268 273 284 288 299 302 313 315 326 327 338 119 134 136 150 154 167 173 185 193 204 213 223 0
0 232 241 250 258 267 274 283 289 298 303 312 316 325 328 337 339 348 349 358 135 151 153 168 172 186 192 205 212 224 231 242 249 259 266 275 0
0 282 290 297 304 311 317 324 329 336 340 347 350 357 359 366 367 374 171 187 191 206 211 225 230 243 248 260 265 276 281 291 296 305 310 318 323 330 335 0
0 341 346 351 356 360 365 368 373 375 380 381 386 170 188 190 207 210 226 229 244 247 261 264 277 280 292 295 306 309 319 322 331 334 342 345 352 355 361 364 369 372 0
0 376 379 382 385 387 390 391 394 189 208 209 227 228 245 246 262 263 278 279 293 294 307 308 320 321 332 333 343 344 353 354 362 363 370 371 377 378 383 384 388 389 392 393 0
0 395 396 397 398 0

vrp_484_19_1
Solving: data/vrp_484_19_1
7552.15542032 0
0 1 3 483 9 0
0 2 4 6 7 11 13 0
0 5 8 10 12 16 17 23 15 0
0 18 22 24 30 31 39 14 19 21 25 20 0
0 29 32 38 40 48 49 59 26 28 33 37 41 47 0
0 50 58 60 70 71 83 27 34 36 42 46 51 57 61 69 54 0
0 72 82 84 96 97 111 35 43 45 52 56 62 68 73 81 85 95 98 0
0 110 112 126 127 143 44 53 55 63 67 74 80 86 94 99 109 113 125 128 142 90 0
0 144 160 161 179 64 66 75 79 87 93 100 108 114 124 129 141 145 159 162 178 180 198 199 0
0 219 65 76 78 88 92 101 107 115 123 130 140 146 158 163 177 181 197 200 218 220 240 241 262 77 152 0
0 89 91 102 106 116 122 131 139 147 157 164 176 182 196 201 217 221 239 242 261 263 282 283 302 103 105 117 121 0
0 132 138 148 156 165 175 183 195 202 216 222 238 243 260 264 281 284 301 303 320 321 338 104 118 120 133 137 149 155 166 169 0
0 174 184 194 203 215 223 237 244 259 265 280 285 300 304 319 322 337 339 354 355 370 119 134 136 150 154 167 173 185 193 204 214 224 0
0 236 245 258 266 279 286 299 305 318 323 336 340 353 356 369 371 384 385 398 135 151 153 168 172 186 192 205 213 225 235 246 257 267 278 287 0
0 298 306 317 324 335 341 352 357 368 372 383 386 397 399 410 411 422 171 187 191 206 212 226 234 247 256 268 277 288 297 307 316 325 334 342 351 358 367 0
0 373 382 387 396 400 409 412 421 423 432 433 442 170 188 190 207 211 227 233 248 255 269 276 289 296 308 315 326 333 343 350 359 366 374 381 388 395 401 408 413 420 0
0 424 431 434 441 443 450 451 458 189 208 210 228 232 249 254 270 275 290 295 309 314 327 332 344 349 360 365 375 380 389 394 402 407 414 419 425 430 435 440 444 449 452 457 0
0 459 464 465 470 209 229 231 250 253 271 274 291 294 310 313 328 331 345 348 361 364 376 379 390 393 403 406 415 418 426 429 436 439 445 448 453 456 460 463 466 469 471 474 475 478 230 251 0
0 272 273 292 293 311 312 329 330 346 347 362 363 377 378 391 392 404 405 416 417 427 428 437 438 446 447 454 455 461 462 467 468 472 473 476 477 479 480 481 482 252 0

vrp_76_14_1
Solving: data/vrp_76_14_1
2768.39498293 0
0 11 66 2 0
0 40 14 4 23 0
0 67 9 28 13 0
0 21 32 64 8 0
0 24 33 46 6 0
0 10 56 31 20 72 0
0 38 59 30 50 15 0
0 53 5 45 58 7 0
0 17 48 75 16 34 0
0 47 52 1 26 43 69 0
0 62 27 44 12 39 54 0
0 19 41 61 25 37 57 18 0
0 29 60 22 36 51 3 42 63 49 0
0 70 35 68 74 65 55 73 71 0

vrp_76_8_2
Solving: data/vrp_76_8_2
2599.63192034 0
0 11 66 40 14 4 13 0
0 67 9 28 21 32 64 15 0
0 24 33 46 2 10 56 5 0
0 31 38 59 20 30 50 53 6 0
0 45 58 17 48 75 16 34 47 52 72 0
0 1 26 43 62 27 44 8 12 39 54 35 0
0 7 19 41 61 25 37 57 18 29 60 22 36 51 71 0
0 3 42 63 70 68 74 65 69 55 23 73 49 0

vrp_101_14_1
Solving: data/vrp_101_14_1
3716.66068228 0
0 85 48 86 0
0 68 39 49 71 0
0 23 59 31 47 46 0
0 94 5 81 87 2 0
0 66 67 72 13 34 0
0 32 79 93 30 14 6 0
0 65 95 4 12 16 89 0
0 62 22 44 54 58 75 24 0
0 19 26 100 9 10 27 3 0
0 28 38 45 82 53 77 50 43 0
0 61 76 11 18 97 21 33 83 96 25 0
0 1 51 63 98 8 20 29 40 52 64 73 88 0
0 99 15 35 37 74 57 84 56 69 80 7 36 41 42 70 60 78 90 17 55 91 0
0 92 0

vrp_151_12_2
Solving: data/vrp_151_12_2
5328.35771931 0
0 18 135 98 118 136 9 0
0 89 2 99 12 73 20 8 0
0 25 109 41 81 97 144 34 15 0
0 55 131 137 47 116 117 122 143 0
0 13 33 63 82 129 5 14 80 64 67 0
0 115 145 7 11 30 54 62 66 112 49 4 0
0 72 94 104 108 125 35 48 69 76 150 3 19 0
0 23 44 59 60 77 78 88 95 132 6 16 27 31 0
0 38 121 139 28 39 84 103 127 42 53 100 111 126 32 21 0
0 61 68 147 43 71 83 133 146 24 45 50 51 101 113 148 37 58 70 79 17 0
0 90 102 114 123 138 149 22 65 85 87 124 1 26 40 52 93 107 134 29 36 75 106 119 130 10 46 57 86 96 0
0 91 92 120 56 74 110 128 140 105 142 141 0

vrp_16_5_1
Solving: data/vrp_16_5_1
513.550655388 0
0 2 8 0
0 12 13 0
0 5 14 9 0
0 7 11 3 0
0 6 15 4 1 10 0

vrp_21_6_1
Solving: data/vrp_21_6_1
715.892129526 0
0 8 13 0
0 2 10 0
0 15 3 16 0
0 4 1 6 7 0
0 20 17 18 5 0
0 14 9 11 12 19 0

vrp_253_27_1
Solving: data/vrp_253_27_1
1155.74703811 0
0 1 2 3 60 0
0 4 5 6 61 0
0 7 8 9 62 0
0 10 11 252 63 0
0 12 13 14 15 16 64 0
0 17 18 19 20 21 65 0
0 22 23 24 25 26 66 0
0 27 28 29 30 31 67 0
0 32 33 34 35 36 37 38 68 0
0 39 40 41 42 43 44 45 69 0
0 46 47 48 49 50 51 52 70 0
0 53 54 55 56 57 58 59 71 0
0 72 73 74 75 76 77 78 79 80 81 0
0 82 83 84 85 86 87 88 89 90 91 0
0 92 93 94 95 96 97 98 99 100 101 102 0
0 103 104 105 106 107 108 109 110 111 112 113 114 0
0 115 116 117 118 119 120 121 122 123 124 125 126 0
0 127 128 129 130 131 132 133 134 135 136 137 138 0
0 139 140 141 142 143 144 145 146 147 148 149 150 151 152 0
0 153 154 155 156 157 158 159 160 161 162 163 164 165 166 0
0 167 168 169 170 171 172 173 174 175 176 177 178 179 180 0
0 181 182 183 184 185 186 187 188 189 190 191 192 193 194 195 0
0 196 197 198 199 200 201 202 203 204 205 206 207 208 209 210 211 0
0 212 213 214 215 216 217 218 219 220 221 222 223 224 225 226 227 0
0 228 229 230 231 232 233 234 235 236 237 238 239 240 241 242 243 0
0 244 245 246 247 248 249 250 251 0
0  0

vrp_301_28_1
Solving: data/vrp_301_28_1
2925.17154874 0
0 1 2 3 4 5 0
0 6 7 8 9 10 0
0 11 60 61 62 63 0
0 64 65 66 67 68 0
0 69 70 71 120 121 0
0 122 123 124 125 126 0
0 127 128 129 130 131 0
0 180 181 182 183 184 0
0 185 186 187 188 189 0
0 190 191 240 241 242 0
0 243 244 245 246 247 0
0 248 249 250 251 300 0
0 15 18 23 26 31 34 39 42 47 50 0
0 55 58 75 78 83 86 91 94 99 102 0
0 107 110 115 118 135 138 143 146 151 154 0
0 159 162 167 170 175 178 195 198 203 206 0
0 211 214 219 222 227 230 235 238 255 258 0
0 263 266 271 274 279 282 287 290 295 298 0
0 12 13 14 16 17 19 20 21 22 24 25 27 28 29 30 32 33 35 36 37 0
0 38 40 41 43 44 45 46 48 49 51 52 53 54 56 57 59 72 73 74 76 0
0 77 79 80 81 82 84 85 87 88 89 90 92 93 95 96 97 98 100 101 103 0
0 104 105 106 108 109 111 112 113 114 116 117 119 132 133 134 136 137 139 140 141 0
0 142 144 145 147 148 149 150 152 153 155 156 157 158 160 161 163 164 165 166 168 0
0 169 171 172 173 174 176 177 179 192 193 194 196 197 199 200 201 202 204 205 207 0
0 208 209 210 212 213 215 216 217 218 220 221 223 224 225 226 228 229 231 232 233 0
0 234 236 237 239 252 253 254 256 257 259 260 261 262 264 265 267 268 269 270 272 0
0 273 275 276 277 278 280 281 283 284 285 286 288 289 291 292 293 294 296 297 299 0
0  0

vrp_33_5_1
Solving: data/vrp_33_5_1
1537.28993356 0
0 26 30 11 0
0 7 31 14 25 22 0
0 4 32 28 8 10 24 1 16 23 19 0
0 18 9 27 17 29 15 2 3 20 21 13 12 6 5 0
0  0

vrp_41_14_1
Solving: data/vrp_41_14_1
1405.16129207 0
0 11 20 0
0 40 24 0
0 14 9 0
0 4 28 0
0 21 32 0
0 33 2 23 0
0 10 31 15 0
0 38 30 25 0
0 5 17 6 0
0 16 34 1 0
0 26 27 8 0
0 12 39 7 18 0
0 19 37 29 13 0
0 22 36 3 35 0

vrp_5_4_1
Solving: data/vrp_5_4_1
80.6449510225 0
0 1 2 3 0
0 4 0
0  0
0  0

vrp_76_14_2
Solving: data/vrp_76_14_2
2768.39498293 0
0 11 66 2 0
0 40 14 4 23 0
0 67 9 28 13 0
0 21 32 64 8 0
0 24 33 46 6 0
0 10 56 31 20 72 0
0 38 59 30 50 15 0
0 53 5 45 58 7 0
0 17 48 75 16 34 0
0 47 52 1 26 43 69 0
0 62 27 44 12 39 54 0
0 19 41 61 25 37 57 18 0
0 29 60 22 36 51 3 42 63 49 0
0 70 35 68 74 65 55 73 71 0

vrp_76_9_1
Solving: data/vrp_76_9_1
5442.34176044 0
0 75 47 44 0
0 17 62 10 0
0 1 18 51 0
0 43 65 21 64 0
0 3 60 37 45 0
0 19 22 49 11 73 0
0 42 74 69 28 48 7 0
0 40 38 36 26 5 15 4 2 31 0
0 27 57 6 56 68 8 20 23 9 16 41 66 70 34 59 71 52 55 58 46 61 24 63 25 33 67 30 13 54 14 50 53 12 29 32 35 39 72 0

