vrp_101_10_1
Solving: data/vrp_101_10_1

greedy1 2091.0695118 1776.89736908 


radial 1746.10754856 1506.03421714 

radial 1506.03421714 

1506.03421714 0
0 5 3 1 2 4 6 9 8 7 10 11 12 14 19 0
0 18 16 15 13 22 20 21 22 0
0 35 32 34 30 28 26 23 35 25 24 27 29 0
0 43 42 41 40 44 45 47 33 37 38 39 36 0
0 63 74 53 54 57 0
0 46 48 58 56 70 81 93 0
0 75 97 95 85 88 71 60 62 0
0 49 52 50 51 59 55 78 82 84 87 92 100 98 0
0 67 65 66 69 68 64 61 72 80 79 77 73 76 83 86 90 89 91 94 96 0
0 99 0

vrp_101_14_2
Solving: data/vrp_101_14_2

greedy1 3716.66068228 2428.99476935 


radial 3158.6541764 2444.82858802 

greedy1 2428.99476935 

2428.99476935 0
0 48 86 85 0
0 39 68 71 49 0
0 31 47 46 59 23 0
0 5 87 2 81 2 0
0 13 72 67 34 66 0
0 14 93 6 32 30 79 0
0 89 16 95 4 12 65 0
0 58 44 22 75 54 24 62 0
0 27 26 3 9 10 19 100 0
0 43 53 43 28 77 50 82 45 0
0 76 33 25 21 97 96 61 83 18 11 0
0 8 64 63 88 1 20 51 29 73 40 88 52 0
0 35 78 80 55 56 74 41 15 57 42 91 37 99 60 84 17 36 7 90 70 69 0
0 92 0

vrp_151_14_1
Solving: data/vrp_151_14_1

greedy1 14859.7837891 6673.85576658 


radial 8154.50386621 5465.2093559 

radial 5465.2093559 

5465.2093559 0
0 17 11 16 4 3 2 1 10 5 9 8 6 7 34 0
0 13 15 12 20 18 14 19 21 0
0 41 40 33 31 47 37 46 22 24 26 23 27 52 25 52 44 30 0
0 88 50 29 39 36 42 43 45 35 32 58 49 53 0
0 51 55 62 59 54 56 38 48 60 64 0
0 124 73 72 69 61 57 63 67 68 65 0
0 103 75 70 71 77 79 76 66 83 86 84 81 85 0
0 82 87 80 78 110 74 91 94 93 0
0 136 106 90 99 0
0 95 92 140 0
0 128 138 102 137 0
0 146 149 109 108 111 89 0
0 141 147 142 117 114 118 112 113 96 98 104 97 132 127 125 123 0
0 144 150 105 101 107 100 115 116 145 148 139 122 133 131 129 121 134 120 130 135 119 126 143 0

vrp_200_16_1
Solving: data/vrp_200_16_1

greedy1 6772.01580568 3452.7911191 


radial 5601.30645637 3241.46680671 

radial 3241.46680671 

3241.46680671 0
0 4 12 3 9 1 10 11 7 8 17 5 14 2 13 6 0
0 27 28 26 21 22 23 25 24 29 35 20 19 46 18 16 91 15 0
0 40 39 41 43 38 44 42 37 36 31 32 30 34 33 0
0 53 57 56 55 54 50 51 64 49 47 48 45 60 52 0
0 59 61 58 67 68 65 66 63 62 69 0
0 84 83 82 70 71 81 78 79 77 80 76 75 74 72 73 0
0 90 88 89 93 85 86 92 87 95 94 0
0 105 97 100 98 99 104 96 106 107 108 103 102 101 0
0 112 117 118 114 113 119 115 110 109 121 129 116 111 0
0 133 130 122 120 136 128 131 126 123 124 125 127 132 0
0 178 154 164 161 159 143 190 0
0 183 141 174 182 196 134 171 145 0
0 147 137 152 180 155 170 188 160 181 0
0 156 151 166 167 176 184 165 197 198 149 195 0
0 146 144 193 194 148 189 162 157 135 169 158 177 138 0
0 185 150 163 179 187 139 186 172 142 192 140 191 173 199 168 175 153 0

vrp_22_4_1
Solving: data/vrp_22_4_1

greedy1 887.836690725 729.002852656 

vrp_256_14_1
Solving: data/vrp_256_14_1

greedy1 2978.86347901 739.036125446 


radial 2393.7074801 831.718712635 

greedy1 739.036125446 

739.036125446 0
0 1 3 9 255 0
0 6 11 7 13 4 13 0
0 8 12 17 23 16 15 10 5 0
0 25 19 18 24 31 39 30 22 21 20 14 0
0 26 33 41 32 40 49 59 48 38 29 47 37 28 0
0 54 27 36 46 57 69 58 70 83 71 60 50 61 51 42 34 0
0 45 56 68 81 95 82 96 111 97 84 98 85 72 73 62 52 43 98 0
0 53 63 74 86 99 113 128 112 127 142 126 141 110 125 109 94 80 67 90 44 55 0
0 64 75 87 100 114 129 144 158 171 183 182 169 155 140 124 108 93 79 66 156 170 157 143 0
0 76 88 101 115 130 145 159 172 184 195 205 194 214 204 193 181 168 154 139 123 107 92 78 77 65 0
0 89 103 117 102 116 131 146 160 173 185 196 206 215 223 230 222 213 203 192 180 167 153 138 122 121 105 91 106 0
0 104 120 136 151 137 152 166 179 191 202 212 221 229 236 242 237 231 224 216 207 197 186 174 161 147 132 162 148 133 118 0
0 119 135 150 164 177 165 189 178 190 201 211 220 228 235 241 246 250 247 243 238 232 225 217 208 198 199 188 176 163 149 134 175 187 0
0 200 210 219 227 234 240 245 249 252 254 253 251 248 244 239 233 226 218 209 0

vrp_31_9_1
Solving: data/vrp_31_9_1

greedy1 1031.26231366 901.675835356 


radial 969.239036018 874.248888872 

radial 874.248888872 

874.248888872 0
0 3 1 2 13 0
0 4 5 7 0
0 6 9 8 0
0 11 14 0
0 28 21 15 0
0 24 10 19 0
0 20 30 17 0
0 27 26 25 16 0
0 12 18 23 22 29 0

vrp_36_11_1
Solving: data/vrp_36_11_1

greedy1 1183.14700709 1027.25327499 


radial 1113.10777379 1054.71909102 

greedy1 1027.25327499 

1027.25327499 0
0 11 4 0
0 14 9 23 0
0 28 21 35 0
0 24 32 13 0
0 2 33 25 0
0 8 10 31 0
0 30 5 20 0
0 17 16 6 15 0
0 26 34 22 1 0
0 12 7 19 27 0
0 29 3 18 0

vrp_421_41_1
Solving: data/vrp_421_41_1

greedy1 5395.637578 4277.15148038 


radial 4866.16727182 3692.51228957 

radial 3692.51228957 

3692.51228957 0
0 1 2 3 4 5 0
0 6 7 8 9 10 0
0 11 16 15 14 12 17 18 19 24 23 22 13 20 21 0
0 25 26 27 32 31 30 28 33 34 35 40 39 38 29 36 37 0
0 53 52 45 54 55 56 51 50 49 44 46 47 48 43 42 41 0
0 63 62 61 60 59 58 57 0
0 64 65 66 67 68 0
0 70 71 76 75 74 72 77 79 73 79 0
0 78 84 83 82 80 85 86 87 92 91 90 81 88 93 95 89 0
0 94 100 99 98 96 101 102 103 108 107 106 97 104 109 111 105 0
0 110 116 115 114 112 117 118 119 113 120 121 0
0 122 123 124 125 126 0
0 127 128 129 130 131 0
0 136 135 134 132 137 138 139 144 143 142 133 140 145 146 147 141 0
0 152 151 150 148 153 154 155 160 159 158 149 156 161 162 163 157 0
0 173 179 178 177 172 165 174 175 176 171 170 169 164 166 167 168 0
0 180 181 182 183 184 0
0 188 187 186 185 189 0
0 201 200 193 199 198 197 192 194 195 196 191 190 0
0 217 216 209 215 214 213 208 210 211 212 207 206 205 202 203 204 0
0 233 232 225 231 230 229 224 226 227 228 223 222 221 218 219 220 0
0 236 235 234 237 238 239 240 241 242 0
0 245 244 243 247 246 0
0 248 249 250 251 256 254 252 253 0
0 269 268 261 270 272 267 266 265 260 262 263 264 259 258 257 255 0
0 285 284 277 286 288 283 282 281 276 278 279 280 275 274 273 271 0
0 287 289 290 291 296 295 294 292 297 298 299 300 293 0
0 301 302 303 304 305 0
0 306 307 308 309 310 0
0 321 320 313 322 323 324 319 318 317 312 314 315 316 311 0
0 337 336 329 338 339 340 335 334 333 328 330 331 332 327 326 325 0
0 341 342 343 348 347 346 344 349 350 351 356 355 354 345 352 353 0
0 357 358 359 360 361 362 363 0
0 364 365 366 367 368 0
0 373 379 377 372 374 375 376 371 370 369 0
0 420 378 383 386 391 394 399 402 407 0
0 418 415 410 397 396 389 395 393 388 381 390 392 387 385 380 382 384 0
0 400 398 401 403 408 406 404 409 411 416 414 405 412 417 419 413 0
0  0
0  0
0  0

vrp_51_5_1
Solving: data/vrp_51_5_1

greedy1 1783.49434214 954.76300302 


radial 1753.7799207 872.050429965 

radial 872.050429965 

872.050429965 0
0 12 47 18 25 13 41 42 17 33 34 2 20 8 0
0 48 7 14 4 5 49 30 35 11 0
0 27 6 23 28 3 16 9 39 44 38 32 0
0 46 37 19 40 15 45 10 50 21 29 36 1 22 31 26 43 24 0
0  0

vrp_76_15_1
Solving: data/vrp_76_15_1

greedy1 2768.39498293 1971.37322226 


radial 2645.71483472 2138.91419665 

greedy1 1971.37322226 

1971.37322226 0
0 2 11 66 0
0 23 40 14 4 0
0 67 13 28 9 0
0 8 21 64 32 0
0 24 33 6 46 0
0 72 10 31 56 20 0
0 30 15 59 38 50 0
0 45 5 7 53 58 0
0 75 48 34 17 16 0
0 26 52 47 69 43 1 0
0 12 39 44 62 27 54 0
0 19 57 37 61 41 18 25 0
0 51 3 49 63 42 22 36 60 29 0
0 68 73 74 71 70 35 65 55 0
0  0

vrp_76_9_2
Solving: data/vrp_76_9_2

greedy1 4681.28360992 2738.81667938 


radial 3672.34638172 2598.85467531 

radial 2598.85467531 

2598.85467531 0
0 10 38 17 16 11 22 13 12 21 9 7 8 2 53 1 5 3 6 4 0
0 72 31 46 19 27 24 20 18 15 25 14 26 0
0 23 51 34 36 32 39 28 0
0 54 29 73 0
0 71 35 48 0
0 59 47 44 68 0
0 52 45 30 33 45 0
0 40 50 75 64 57 60 49 42 40 0
0 56 65 66 70 69 61 37 43 41 62 55 74 58 0

vrp_101_11_1
Solving: data/vrp_101_11_1

greedy1 8218.2078254 4107.36670219 


radial 5742.76236059 3632.53794006 

radial 3632.53794006 

3632.53794006 0
0 18 21 20 23 37 34 38 43 42 10 3 9 5 2 1 6 13 12 11 4 8 7 15 51 58 0
0 61 19 24 63 57 17 16 14 0
0 22 28 26 67 73 29 25 27 76 85 0
0 35 31 32 30 39 39 36 0
0 52 68 44 40 47 49 48 45 41 46 80 0
0 98 97 79 0
0 65 82 94 0
0 59 92 78 93 0
0 55 62 72 74 99 0
0 53 66 50 84 90 96 0
0 54 56 60 64 69 70 71 100 89 83 77 87 81 91 86 88 95 75 0

vrp_101_8_1
Solving: data/vrp_101_8_1

greedy1 3756.4426388 1885.70031966 


radial 3504.21887774 1817.62467436 

radial 1817.62467436 

1817.62467436 0
0 4 12 3 9 1 10 11 7 8 17 5 14 2 13 6 0
0 27 28 26 21 22 23 25 24 29 35 20 19 46 18 16 91 15 0
0 86 48 30 68 39 30 0
0 40 87 59 94 47 49 31 81 0
0 95 93 100 72 67 79 65 66 32 0
0 53 58 75 54 34 71 62 82 45 38 44 60 89 0
0 52 88 64 63 51 33 78 77 50 76 73 74 43 37 98 97 96 99 61 83 0
0 69 70 90 36 84 92 42 57 41 56 55 80 0

vrp_151_14_2
Solving: data/vrp_151_14_2

greedy1 13167.4056951 5878.1946826 


radial 8006.26024685 4927.43326191 

radial 4927.43326191 

4927.43326191 0
0 2 5 7 9 4 3 1 0
0 14 8 11 10 6 12 35 41 20 21 29 32 31 26 17 24 34 30 16 23 33 25 15 46 39 13 0
0 50 19 22 18 44 0
0 72 54 55 56 59 61 58 63 64 97 52 36 48 53 27 28 37 38 51 45 40 76 0
0 67 71 71 47 43 42 0
0 60 68 69 73 70 81 49 81 78 77 0
0 74 62 65 83 79 82 0
0 75 102 105 110 113 114 80 95 89 84 92 86 90 91 94 0
0 150 120 103 108 0
0 96 131 132 123 0
0 87 93 126 122 0
0 99 125 119 98 104 0
0 106 109 130 85 88 143 146 0
0 149 147 145 144 148 116 124 117 121 118 115 129 133 127 128 134 135 138 139 140 141 137 142 136 111 112 101 100 107 0

vrp_200_16_2
Solving: data/vrp_200_16_2

greedy1 6896.17278353 3411.71608677 


radial 6519.35433797 3448.648869 

greedy1 3411.71608677 

3411.71608677 0
0 167 11 147 67 184 53 0
0 185 138 4 35 14 51 40 0
0 2 122 21 28 61 148 9 0
0 33 158 74 24 32 50 69 46 0
0 193 90 104 146 25 130 10 83 0
0 96 186 171 166 180 165 31 57 0
0 131 38 178 27 20 82 30 112 62 0
0 17 129 18 63 192 113 48 5 45 54 0
0 16 56 164 60 34 79 15 103 47 15 6 0
0 26 161 44 115 143 43 1 121 98 153 111 0
0 157 174 199 118 97 39 12 52 84 7 8 125 0
0 127 19 108 109 72 181 144 41 137 93 55 3 126 0
0 152 37 88 29 87 65 176 102 133 170 77 76 188 116 91 0
0 81 149 175 58 13 132 80 110 92 117 182 160 42 22 196 36 120 0
0 139 86 64 94 172 154 99 70 128 150 119 100 151 187 162 163 73 107 68 197 198 195 0
0 95 168 71 85 134 177 78 179 123 124 59 155 173 140 114 142 89 141 156 101 66 105 191 136 190 23 183 145 135 75 189 169 106 49 159 0

vrp_22_6_1
Solving: data/vrp_22_6_1

greedy1 857.481360287 772.613388405 


radial 857.481360287 772.613388405 

greedy1 772.613388405 

772.613388405 0
0 8 4 19 0
0 5 20 0
0 16 12 10 0
0 13 11 1 6 0
0 14 17 18 15 3 0
0 2 7 9 21 0

vrp_26_8_1
Solving: data/vrp_26_8_1

greedy1 1171.62477578 990.639186631 


radial 1128.66348486 978.909430473 

radial 978.909430473 

978.909430473 0
0 4 2 1 6 7 0
0 3 11 0
0 5 15 0
0 10 20 0
0 8 14 19 0
0 12 9 18 0
0 23 24 13 0
0 17 16 21 22 25 0

vrp_321_30_1
Solving: data/vrp_321_30_1

greedy1 1440.524783 1405.66345828 


radial 1545.23188488 1477.01374349 

greedy1 1405.66345828 

1405.66345828 0
0 3 2 1 60 0
0 6 5 4 61 0
0 7 8 9 62 0
0 10 11 63 320 0
0 12 13 64 14 15 16 0
0 21 20 19 18 17 65 0
0 26 25 24 23 22 66 0
0 27 28 29 30 31 67 0
0 32 33 34 35 36 37 68 38 0
0 45 44 43 42 41 40 69 39 0
0 52 51 50 49 48 47 46 70 0
0 53 54 55 56 57 58 59 71 0
0 72 73 74 75 76 77 78 79 80 81 0
0 82 83 84 85 86 87 88 89 90 91 0
0 92 93 94 95 96 97 98 99 100 101 102 0
0 103 104 105 106 107 108 109 110 111 112 113 114 0
0 115 116 117 118 119 120 121 122 123 124 125 126 0
0 127 128 129 130 131 132 133 134 135 136 137 138 0
0 139 140 141 142 143 144 145 146 147 148 149 150 151 152 0
0 153 154 155 156 157 158 159 160 161 162 163 164 165 166 0
0 167 168 169 170 171 172 173 174 175 176 177 178 179 180 0
0 181 182 183 184 185 186 187 188 189 190 191 192 193 194 195 0
0 196 197 198 199 200 201 202 203 204 205 206 207 208 209 210 211 0
0 212 213 214 215 216 217 218 219 220 221 222 223 224 225 226 227 0
0 228 229 230 231 232 233 234 235 236 237 238 239 240 241 242 243 0
0 244 245 246 247 248 249 250 251 252 253 254 255 256 257 258 259 260 261 0
0 262 263 264 265 266 267 268 269 270 271 272 273 274 275 276 277 278 279 280 0
0 281 282 283 284 285 286 287 288 289 290 291 292 293 294 295 296 297 298 299 0
0 300 301 302 303 304 305 306 307 308 309 310 311 312 313 314 315 316 317 318 0
0 319 0

vrp_361_33_1
Solving: data/vrp_361_33_1

greedy1 4036.50438739 3264.13165952 


radial 3686.87162051 2904.9631682 

radial 2904.9631682 

2904.9631682 0
0 1 2 3 4 5 0
0 6 7 8 9 10 0
0 11 16 15 14 12 17 18 19 24 23 22 13 20 21 0
0 25 26 27 32 31 30 28 33 34 35 40 39 38 29 36 37 0
0 53 52 45 54 55 56 51 50 49 44 46 47 48 43 42 41 0
0 63 62 61 60 59 58 57 0
0 64 65 66 67 68 0
0 70 71 76 75 74 72 77 79 73 79 0
0 78 84 83 82 80 85 86 87 92 91 90 81 88 93 95 89 0
0 94 100 99 98 96 101 102 103 108 107 106 97 104 109 111 105 0
0 110 116 115 114 112 117 118 119 113 120 121 0
0 122 123 124 125 126 0
0 127 128 129 130 131 0
0 136 135 134 132 137 138 139 144 143 142 133 140 145 146 147 141 0
0 152 151 150 148 153 154 155 160 159 158 149 156 161 162 163 157 0
0 173 179 178 177 172 165 174 175 176 171 170 169 164 166 167 168 0
0 180 181 182 183 184 0
0 188 187 186 185 189 0
0 201 200 193 199 198 197 192 194 195 196 191 190 0
0 217 216 209 215 214 213 208 210 211 212 207 206 205 202 203 204 0
0 233 232 225 231 230 229 224 226 227 228 223 222 221 218 219 220 0
0 236 235 234 237 238 239 240 241 242 0
0 245 244 243 247 246 0
0 248 249 250 251 256 254 252 253 0
0 269 268 261 270 272 267 266 265 260 262 263 264 259 258 257 255 0
0 285 284 277 286 288 283 282 281 276 278 279 280 275 274 273 271 0
0 287 289 290 291 296 295 294 292 297 298 299 300 293 0
0 301 302 303 304 305 0
0 306 307 308 309 310 0
0 360 311 315 318 323 326 331 334 0
0 342 339 321 321 320 313 319 317 312 314 316 358 355 350 0
0 336 329 338 340 335 333 328 330 332 327 325 322 324 348 345 344 337 346 348 343 0
0 351 356 354 352 357 359 353 359 0

vrp_45_4_1
Solving: data/vrp_45_4_1

greedy1 2520.71969751 1271.8261654 

vrp_72_4_1
Solving: data/vrp_72_4_1

greedy1 1270.22850936 451.060728466 

vrp_76_7_1
Solving: data/vrp_76_7_1

greedy1 2563.27541252 1419.2171345 


radial 2561.02871351 1328.79986321 

radial 1328.79986321 

1328.79986321 0
0 4 5 15 8 7 10 72 9 3 1 2 6 0
0 67 40 11 66 14 20 28 0
0 46 31 32 24 56 64 71 21 33 0
0 75 48 30 45 53 59 38 58 50 17 0
0 26 12 39 44 16 43 62 69 47 27 54 52 34 0
0 51 25 18 63 41 42 22 61 36 60 70 37 29 57 13 19 35 0
0 68 74 73 23 49 55 65 0

vrp_76_9_3
Solving: data/vrp_76_9_3

greedy1 6114.35406863 2922.48537732 


radial 3813.70179688 2620.14426405 

radial 2620.14426405 

2620.14426405 0
0 17 14 10 5 6 2 3 4 1 0
0 27 30 28 32 12 15 19 18 21 13 23 11 16 7 8 9 0
0 57 46 43 40 44 42 50 38 25 35 37 31 29 33 36 20 22 72 66 0
0 56 24 73 71 0
0 41 55 64 65 0
0 53 45 63 61 75 0
0 54 49 26 34 69 0
0 39 52 48 51 68 0
0 47 58 59 67 62 60 74 70 0

vrp_101_11_2
Solving: data/vrp_101_11_2

greedy1 8307.34229965 4061.50201668 


radial 5238.41749595 3453.00096744 

radial 3453.00096744 

3453.00096744 0
0 4 3 8 6 9 2 1 10 5 17 18 21 21 13 16 0
0 44 31 34 37 22 14 19 12 11 15 27 0
0 25 47 33 40 41 46 52 24 20 26 23 0
0 35 36 39 28 30 58 29 32 0
0 50 60 67 48 38 42 43 56 45 49 59 53 62 51 55 0
0 82 75 75 74 0
0 99 73 78 76 0
0 81 95 90 70 0
0 61 79 71 92 88 0
0 69 57 54 66 65 89 0
0 98 94 91 96 93 97 100 86 84 87 85 83 64 68 80 77 72 0

vrp_121_7_1
Solving: data/vrp_121_7_1

greedy1 5253.6461482 2176.72298161 


radial 4904.90758568 1979.75621492 

radial 1979.75621492 

1979.75621492 0
0 2 1 3 4 5 6 7 9 10 11 15 14 13 8 12 20 0
0 119 17 37 41 51 59 77 75 87 0
0 90 97 19 25 34 43 40 65 61 63 58 70 67 0
0 92 89 16 27 23 26 38 42 48 66 64 55 52 68 69 0
0 82 74 72 53 54 39 46 30 24 22 109 108 18 114 98 103 120 0
0 86 84 113 83 31 29 44 45 57 56 80 73 116 115 94 96 99 101 102 95 0
0 88 111 81 117 112 85 93 91 118 21 28 33 36 35 32 49 47 50 62 60 79 78 71 76 110 100 104 107 106 105 0

vrp_151_14_3
Solving: data/vrp_151_14_3

greedy1 13411.8422461 5894.75876782 


radial 7950.22484631 5736.3853714 

radial 5736.3853714 

5736.3853714 0
0 10 4 6 3 1 5 7 9 8 2 12 25 14 15 18 20 22 13 21 24 16 11 19 17 32 31 28 0
0 30 33 27 26 23 0
0 54 53 51 35 46 37 40 48 45 34 41 43 38 36 39 29 0
0 56 50 61 52 57 55 44 47 49 42 91 68 65 0
0 70 69 63 64 60 62 59 58 77 77 75 71 72 67 0
0 74 79 76 80 73 78 87 90 81 85 83 84 82 0
0 105 104 99 100 102 101 106 96 98 93 95 94 132 124 116 120 109 108 88 86 89 92 0
0 107 103 97 141 110 115 118 0
0 140 143 127 0
0 149 121 114 0
0 129 138 129 123 0
0 119 135 147 137 0
0 111 131 125 139 145 148 145 0
0 150 117 122 126 128 130 146 144 142 134 136 133 0

vrp_200_17_1
Solving: data/vrp_200_17_1

greedy1 6772.01580568 3452.7911191 


radial 5517.0550602 3378.26121078 

radial 3378.26121078 

3378.26121078 0
0 4 12 3 9 1 10 11 7 8 17 5 14 2 13 6 0
0 27 28 26 21 22 23 25 24 29 35 20 19 46 18 16 91 15 0
0 40 39 41 43 38 44 42 37 36 31 32 30 34 33 0
0 53 57 56 55 54 50 51 64 49 47 48 45 60 52 0
0 59 61 58 67 68 65 66 63 62 69 0
0 84 83 82 70 71 81 78 79 77 80 76 75 74 72 73 0
0 90 88 89 93 85 86 92 87 95 94 0
0 105 97 100 98 99 104 96 106 107 108 103 102 101 0
0 112 117 118 114 113 119 115 110 109 121 129 116 111 0
0 133 130 122 120 136 128 131 126 123 124 125 127 132 0
0 146 135 143 199 141 140 142 144 145 139 134 138 137 147 0
0 178 154 164 161 159 190 153 0
0 196 160 182 174 192 171 152 183 0
0 156 180 170 155 198 195 188 181 167 173 0
0 176 184 158 177 149 197 151 193 166 194 148 0
0 172 165 179 186 187 165 163 150 169 185 157 162 189 175 168 0
0  0

vrp_23_3_1
Solving: data/vrp_23_3_1

greedy1 1462.5938996 780.716785584 

vrp_262_25_1
Solving: data/vrp_262_25_1

greedy1 27922.681898 15283.2104385 


radial 27234.3925964 14978.6622782 

radial 14978.6622782 

14978.6622782 0
0 258 254 10 11 251 9 2 27 260 5 12 255 261 1 252 76 4 256 259 7 250 14 23 253 257 29 6 3 8 0
0 18 19 21 126 16 20 15 17 13 26 0
0 30 31 33 34 35 28 25 22 32 24 39 0
0 36 203 42 40 41 46 44 37 38 43 0
0 54 53 49 71 68 50 45 48 74 52 51 55 47 80 56 57 0
0 62 66 75 59 60 63 61 204 58 64 0
0 69 84 78 67 116 93 77 87 70 81 72 79 65 73 0
0 96 91 94 86 88 85 122 82 122 89 83 0
0 101 118 165 97 92 98 95 99 100 0
0 106 228 124 108 104 199 107 110 105 102 103 0
0 123 114 233 113 233 109 111 120 119 115 0
0 129 130 133 144 128 117 127 135 238 121 125 0
0 148 131 136 134 132 140 138 139 137 0
0 146 176 147 143 149 151 152 145 142 141 0
0 157 153 150 155 154 156 0
0 163 167 162 159 158 161 160 188 164 172 166 0
0 177 179 174 169 171 175 168 193 170 173 0
0 183 194 181 178 180 184 182 185 0
0 195 189 197 210 187 200 186 191 190 0
0 224 201 243 239 220 0
0 207 202 192 196 227 245 0
0 225 212 244 209 221 198 217 0
0 214 222 247 218 216 246 205 206 0
0 230 248 232 213 215 240 219 226 242 223 249 0
0 211 229 231 234 208 236 237 241 235 0

vrp_324_16_1
Solving: data/vrp_324_16_1

greedy1 4185.74186901 1030.84101397 


radial 3052.09623408 1152.59439741 

greedy1 1030.84101397 

1030.84101397 0
0 1 3 9 323 0
0 6 11 7 13 4 13 0
0 8 12 17 23 16 15 10 5 0
0 25 19 18 24 31 39 30 22 21 20 14 0
0 26 33 41 32 40 49 59 48 38 29 47 37 28 0
0 54 27 36 46 57 69 58 70 83 71 60 50 61 51 42 34 0
0 45 56 68 81 95 82 96 111 97 84 98 85 72 73 62 52 43 98 0
0 53 63 74 86 99 113 128 112 127 143 126 142 110 125 109 94 80 67 90 44 55 0
0 64 75 87 100 114 129 145 162 179 195 194 177 159 141 124 108 93 79 66 160 178 161 144 0
0 76 88 101 115 130 146 163 180 196 211 225 210 238 224 209 193 176 158 140 123 107 152 77 65 78 92 0
0 89 103 117 102 116 131 147 164 181 197 212 226 239 251 262 250 237 223 208 192 175 157 139 122 121 105 91 106 0
0 132 149 133 118 169 166 148 165 182 198 213 227 240 252 263 273 282 272 261 249 236 222 207 191 174 156 138 155 137 120 104 0
0 119 136 154 172 189 173 205 190 206 221 235 248 260 271 281 290 298 291 283 274 264 253 241 228 214 215 200 184 167 150 134 183 199 0
0 153 246 233 234 247 259 270 280 289 297 304 310 305 299 292 284 275 265 254 255 243 229 242 230 216 201 185 168 151 255 220 219 204 188 171 0
0 187 278 287 279 288 295 296 303 309 314 318 315 311 306 300 293 285 294 286 277 266 276 267 256 244 231 217 202 186 295 258 269 268 257 245 232 218 203 0
0 301 307 312 316 319 321 322 320 317 313 308 302 0

vrp_386_47_1
Solving: data/vrp_386_47_1

greedy1 82596.3816071 60600.2869311 


radial 50164.4709507 43224.3719078 

radial 43224.3719078 

43224.3719078 0
0 2 5 4 12 8 7 6 3 1 0
0 18 15 17 16 14 28 27 26 29 13 25 24 22 23 20 21 30 9 10 11 31 35 34 36 38 0
0 19 41 40 37 32 0
0 49 61 46 47 48 45 43 44 42 39 33 61 54 52 0
0 53 55 56 57 50 58 60 63 62 67 0
0 92 87 88 78 76 59 68 66 65 64 69 71 72 73 74 75 77 79 80 81 90 82 83 84 85 86 0
0 89 103 70 0
0 91 99 93 96 98 97 95 94 0
0 100 101 102 104 105 106 109 107 0
0 128 135 123 121 112 113 114 115 116 117 120 119 111 110 122 108 124 125 129 126 131 0
0 132 134 141 143 118 133 130 0
0 138 127 146 142 136 137 0
0 139 140 144 152 153 167 165 164 166 154 148 155 156 162 163 161 157 160 159 158 147 149 150 151 145 0
0 187 188 192 191 168 169 176 177 175 178 183 182 186 189 185 184 181 180 179 172 170 171 174 173 0
0 208 190 193 194 199 203 209 205 210 206 207 198 201 197 200 196 195 0
0 202 211 212 215 219 220 218 217 216 214 213 204 230 225 221 0
0 228 222 223 224 226 229 237 0
0 227 231 232 233 253 0
0 244 243 239 238 235 234 236 240 241 242 246 0
0 255 254 247 245 248 250 249 252 251 256 257 282 0
0 262 261 260 259 266 265 258 0
0 291 264 263 267 270 271 274 0
0 276 277 279 281 269 268 0
0 284 280 278 285 286 272 273 0
0 287 283 288 288 0
0 294 295 293 292 289 290 305 301 297 296 300 0
0 303 319 299 338 298 0
0 302 304 306 307 0
0 309 308 312 339 315 0
0 320 321 310 342 324 323 0
0 316 343 349 327 325 311 0
0 313 345 341 330 337 0
0 314 340 0
0 317 344 364 0
0 355 346 336 318 0
0 322 348 362 0
0 363 326 328 365 366 0
0 367 334 329 357 0
0 371 370 368 373 331 335 0
0 332 369 376 350 354 0
0 379 377 381 347 333 0
0 358 361 0
0 360 374 0
0 352 385 384 0
0 359 353 351 380 0
0 372 378 375 383 382 356 0
0  0

vrp_48_4_1
Solving: data/vrp_48_4_1

greedy1 158271.294075 76956.7445715 

vrp_76_10_1
Solving: data/vrp_76_10_1

greedy1 2520.13112351 1599.77313465 


radial 2574.9910736 1697.34708411 

greedy1 1599.77313465 

1599.77313465 0
0 40 72 66 11 14 0
0 20 4 67 20 9 0
0 32 24 64 21 33 0
0 56 31 10 35 46 35 0
0 30 5 59 53 38 50 49 0
0 58 17 16 6 48 45 75 0
0 26 3 43 1 62 47 52 34 0
0 44 39 12 7 8 19 54 13 27 0
0 29 57 37 60 71 36 61 22 41 18 25 0
0 68 51 63 23 42 73 74 69 70 15 65 55 0

vrp_76_7_2
Solving: data/vrp_76_7_2

greedy1 2563.27541252 1419.2171345 


radial 2561.02871351 1328.79986321 

radial 1328.79986321 

1328.79986321 0
0 4 5 15 8 7 10 72 9 3 1 2 6 0
0 67 40 11 66 14 20 28 0
0 46 31 32 24 56 64 71 21 33 0
0 75 48 30 45 53 59 38 58 50 17 0
0 26 12 39 44 16 43 62 69 47 27 54 52 34 0
0 51 25 18 63 41 42 22 61 36 60 70 37 29 57 13 19 35 0
0 68 74 73 23 49 55 65 0

vrp_101_11_3
Solving: data/vrp_101_11_3

greedy1 6717.50261744 3470.23021063 


radial 4517.68248547 3671.55393923 

greedy1 3470.23021063 

3470.23021063 0
0 75 17 48 50 0
0 1 100 91 6 0
0 74 18 43 0
0 14 93 49 96 0
0 10 62 65 22 0
0 7 3 45 19 80 0
0 26 87 47 60 0
0 85 69 15 98 15 0
0 99 40 28 82 37 38 88 0
0 68 57 56 66 79 78 77 21 20 27 23 16 36 41 89 5 2 70 8 4 9 0
0 25 33 30 34 24 31 32 29 81 83 64 63 58 61 59 55 54 52 84 97 86 90 72 67 35 73 11 71 76 44 46 53 95 92 94 51 39 13 12 0

vrp_135_7_1
Solving: data/vrp_135_7_1

greedy1 5430.83199286 2788.30288736 


radial 5049.26419089 2746.12435721 

radial 2746.12435721 

2746.12435721 0
0 22 24 23 32 34 1 3 2 4 5 6 7 8 9 10 12 11 14 15 13 16 29 31 30 28 27 26 25 21 20 19 18 17 0
0 95 67 132 0
0 88 83 130 114 120 0
0 105 52 33 113 108 131 0
0 128 106 71 82 128 74 47 48 68 80 0
0 107 117 66 46 35 35 100 39 103 102 49 77 78 69 81 129 112 125 111 123 127 0
0 91 72 73 118 65 119 115 116 109 124 126 122 70 133 79 63 64 76 134 75 60 59 61 62 50 51 58 57 56 55 54 53 104 101 36 99 98 97 96 42 41 44 43 40 37 38 45 94 93 92 90 89 87 86 84 85 0

vrp_151_15_1
Solving: data/vrp_151_15_1

greedy1 15241.1553969 6817.38847233 


radial 9194.25343172 5818.77631111 

radial 5818.77631111 

5818.77631111 0
0 18 10 3 9 5 2 14 1 6 13 12 11 4 8 7 0
0 27 26 22 20 21 19 23 24 37 34 15 17 16 0
0 51 42 38 43 39 25 29 30 32 31 28 0
0 63 57 58 41 47 40 36 33 35 0
0 61 52 53 56 54 73 67 44 49 50 48 45 46 85 0
0 59 60 55 64 69 71 70 68 66 80 77 76 0
0 62 65 74 99 98 102 78 81 91 75 94 0
0 72 106 103 104 84 82 83 79 0
0 109 108 92 89 87 90 88 86 93 95 0
0 111 97 146 0
0 127 128 126 148 0
0 122 113 121 135 0
0 123 115 136 145 139 143 140 96 0
0 132 134 118 120 124 117 116 133 105 100 107 142 147 138 137 0
0 129 130 125 119 114 131 112 101 150 141 144 149 110 0

vrp_200_17_2
Solving: data/vrp_200_17_2

greedy1 6896.17278353 3411.71608677 


radial 6158.91466977 3499.29041941 

greedy1 3411.71608677 

3411.71608677 0
0 167 11 147 67 184 53 0
0 185 138 4 35 14 51 40 0
0 2 122 21 28 61 148 9 0
0 33 158 74 24 32 50 69 46 0
0 193 90 104 146 25 130 10 83 0
0 96 186 171 166 180 165 31 57 0
0 131 38 178 27 20 82 30 112 62 0
0 17 129 18 63 192 113 48 5 45 54 0
0 16 56 164 60 34 79 15 103 47 15 6 0
0 26 161 44 115 143 43 1 121 98 153 111 0
0 157 174 199 118 97 39 12 52 84 7 8 125 0
0 127 19 108 109 72 181 144 41 137 93 55 3 126 0
0 152 37 88 29 87 65 176 102 133 170 77 76 188 116 91 0
0 81 149 175 58 13 132 80 110 92 117 182 160 42 22 196 36 120 0
0 139 86 64 94 172 154 99 70 128 150 119 100 151 187 162 163 73 107 68 197 198 195 0
0 95 168 71 85 134 177 78 179 123 124 59 155 173 140 114 142 89 141 156 101 66 105 191 136 190 23 183 145 135 75 189 169 106 49 159 0
0  0

vrp_23_5_1
Solving: data/vrp_23_5_1

greedy1 1462.5938996 780.716785584 


radial 1417.93604597 719.884747051 

radial 719.884747051 

719.884747051 0
0 12 5 4 7 9 10 13 6 14 17 20 19 0
0 18 22 15 16 3 2 1 11 8 21 0
0  0
0  0
0  0

vrp_30_3_1
Solving: data/vrp_30_3_1

greedy1 1793.88172367 751.900183347 

vrp_33_3_1
Solving: data/vrp_33_3_1

greedy1 6342.26965256 3049.21270634 

vrp_397_34_1
Solving: data/vrp_397_34_1

greedy1 1710.48543687 1675.62411216 


radial 1782.37186414 1714.22020301 

greedy1 1675.62411216 

1675.62411216 0
0 3 2 1 60 0
0 6 5 4 61 0
0 7 8 9 62 0
0 10 11 63 396 0
0 12 13 64 14 15 16 0
0 21 20 19 18 17 65 0
0 26 25 24 23 22 66 0
0 27 28 29 30 31 67 0
0 32 33 34 35 36 37 68 38 0
0 45 44 43 42 41 40 69 39 0
0 52 51 50 49 48 47 46 70 0
0 53 54 55 56 57 58 59 71 0
0 72 73 74 75 76 77 78 79 80 81 0
0 82 83 84 85 86 87 88 89 90 91 0
0 92 93 94 95 96 97 98 99 100 101 102 0
0 103 104 105 106 107 108 109 110 111 112 113 114 0
0 115 116 117 118 119 120 121 122 123 124 125 126 0
0 127 128 129 130 131 132 133 134 135 136 137 138 0
0 139 140 141 142 143 144 145 146 147 148 149 150 151 152 0
0 153 154 155 156 157 158 159 160 161 162 163 164 165 166 0
0 167 168 169 170 171 172 173 174 175 176 177 178 179 180 0
0 181 182 183 184 185 186 187 188 189 190 191 192 193 194 195 0
0 196 197 198 199 200 201 202 203 204 205 206 207 208 209 210 211 0
0 212 213 214 215 216 217 218 219 220 221 222 223 224 225 226 227 0
0 228 229 230 231 232 233 234 235 236 237 238 239 240 241 242 243 0
0 244 245 246 247 248 249 250 251 252 253 254 255 256 257 258 259 260 261 0
0 262 263 264 265 266 267 268 269 270 271 272 273 274 275 276 277 278 279 280 0
0 281 282 283 284 285 286 287 288 289 290 291 292 293 294 295 296 297 298 299 0
0 300 301 302 303 304 305 306 307 308 309 310 311 312 313 314 315 316 317 318 0
0 319 320 321 322 323 324 325 326 327 328 329 330 331 332 333 334 335 336 337 338 339 0
0 340 341 342 343 344 345 346 347 348 349 350 351 352 353 354 355 356 357 358 359 360 0
0 361 362 363 364 365 366 367 368 369 370 371 372 373 374 375 376 377 378 379 380 381 0
0 382 383 384 385 386 387 388 389 390 391 392 393 394 395 0
0  0

vrp_481_38_1
Solving: data/vrp_481_38_1

greedy1 2089.99821031 2055.1368856 


radial 2184.16412857 2117.11800878 

greedy1 2055.1368856 

2055.1368856 0
0 3 2 1 60 0
0 6 5 4 61 0
0 7 8 9 62 0
0 10 11 63 480 0
0 12 13 64 14 15 16 0
0 21 20 19 18 17 65 0
0 26 25 24 23 22 66 0
0 27 28 29 30 31 67 0
0 32 33 34 35 36 37 68 38 0
0 45 44 43 42 41 40 69 39 0
0 52 51 50 49 48 47 46 70 0
0 53 54 55 56 57 58 59 71 0
0 72 73 74 75 76 77 78 79 80 81 0
0 82 83 84 85 86 87 88 89 90 91 0
0 92 93 94 95 96 97 98 99 100 101 102 0
0 103 104 105 106 107 108 109 110 111 112 113 114 0
0 115 116 117 118 119 120 121 122 123 124 125 126 0
0 127 128 129 130 131 132 133 134 135 136 137 138 0
0 139 140 141 142 143 144 145 146 147 148 149 150 151 152 0
0 153 154 155 156 157 158 159 160 161 162 163 164 165 166 0
0 167 168 169 170 171 172 173 174 175 176 177 178 179 180 0
0 181 182 183 184 185 186 187 188 189 190 191 192 193 194 195 0
0 196 197 198 199 200 201 202 203 204 205 206 207 208 209 210 211 0
0 212 213 214 215 216 217 218 219 220 221 222 223 224 225 226 227 0
0 228 229 230 231 232 233 234 235 236 237 238 239 240 241 242 243 0
0 244 245 246 247 248 249 250 251 252 253 254 255 256 257 258 259 260 261 0
0 262 263 264 265 266 267 268 269 270 271 272 273 274 275 276 277 278 279 280 0
0 281 282 283 284 285 286 287 288 289 290 291 292 293 294 295 296 297 298 299 0
0 300 301 302 303 304 305 306 307 308 309 310 311 312 313 314 315 316 317 318 0
0 319 320 321 322 323 324 325 326 327 328 329 330 331 332 333 334 335 336 337 338 339 0
0 340 341 342 343 344 345 346 347 348 349 350 351 352 353 354 355 356 357 358 359 360 0
0 361 362 363 364 365 366 367 368 369 370 371 372 373 374 375 376 377 378 379 380 381 0
0 382 383 384 385 386 387 388 389 390 391 392 393 394 395 396 397 398 399 400 401 402 403 0
0 404 405 406 407 408 409 410 411 412 413 414 415 416 417 418 419 420 421 422 423 424 425 426 0
0 427 428 429 430 431 432 433 434 435 436 437 438 439 440 441 442 443 444 445 446 447 448 449 0
0 450 451 452 453 454 455 456 457 458 459 460 461 462 463 464 465 466 467 468 469 470 471 472 0
0 473 474 475 476 477 478 479 0
0  0

vrp_76_10_2
Solving: data/vrp_76_10_2

greedy1 5109.02070323 3115.03695769 


radial 3909.81294742 3116.74544007 

greedy1 3115.03695769 

3115.03695769 0
0 74 3 13 0
0 35 38 30 0
0 61 60 15 0
0 5 1 52 52 0
0 63 54 29 0
0 36 72 14 67 66 0
0 26 22 70 71 42 65 0
0 27 8 39 48 69 51 24 20 0
0 2 6 7 23 11 19 57 62 43 32 0
0 21 16 10 4 9 75 50 64 68 44 58 28 41 40 33 31 47 37 46 34 56 45 49 59 53 55 73 18 17 12 0

vrp_76_8_1
Solving: data/vrp_76_8_1

greedy1 2599.63192034 1427.16843517 


radial 2596.4421314 1438.78431617 

greedy1 1427.16843517 

1427.16843517 0
0 4 13 14 66 11 40 0
0 67 15 21 28 64 32 9 0
0 10 24 56 33 2 5 46 0
0 6 30 20 59 53 38 31 50 0
0 75 47 48 45 52 34 58 72 17 16 0
0 26 12 39 44 43 1 62 27 54 8 35 0
0 51 25 18 41 22 61 36 71 60 37 29 57 19 7 0
0 65 55 3 49 23 42 63 73 74 69 70 68 0

vrp_101_11_4
Solving: data/vrp_101_11_4

greedy1 6205.58028003 3284.32705799 


radial 5348.84715636 3226.67570166 

radial 3226.67570166 

3226.67570166 0
0 10 4 3 2 8 17 11 16 24 20 18 14 12 13 21 9 7 5 1 6 0
0 31 32 38 46 53 19 22 15 23 0
0 28 30 36 34 33 51 27 25 26 0
0 54 37 40 48 45 41 39 29 0
0 57 44 43 42 49 35 72 72 56 0
0 78 63 0
0 71 76 98 83 0
0 66 94 99 97 0
0 93 47 62 67 0
0 90 52 100 50 90 96 59 64 60 0
0 77 75 73 80 79 95 84 82 85 81 92 88 91 89 87 70 65 68 69 61 74 58 0

vrp_151_12_1
Solving: data/vrp_151_12_1

greedy1 5197.45701654 2628.52794601 


radial 4336.27556198 2735.1570118 

greedy1 2628.52794601 

2628.52794601 0
0 68 21 85 86 118 48 0
0 112 13 59 49 102 39 23 0
0 94 141 5 125 47 31 120 1 0
0 147 93 87 72 67 134 81 66 0
0 105 133 14 113 17 114 108 32 30 79 0
0 111 65 62 107 8 16 95 22 4 130 12 0
0 148 19 20 9 135 54 75 149 26 58 100 44 0
0 89 144 38 45 82 106 123 10 103 71 33 28 27 0
0 142 15 139 53 15 138 76 116 77 50 3 34 128 11 127 0
0 98 96 6 97 115 145 40 109 150 29 51 131 63 64 143 124 83 18 52 132 0
0 104 99 37 119 140 43 42 57 137 2 41 73 74 56 25 80 121 129 35 136 122 101 69 88 126 36 46 84 7 0
0 146 90 70 78 24 55 110 117 92 91 60 0

vrp_16_3_1
Solving: data/vrp_16_3_1

greedy1 466.163190198 363.855983451 

vrp_21_4_1
Solving: data/vrp_21_4_1

greedy1 722.601353848 540.088187657 

vrp_241_22_1
Solving: data/vrp_241_22_1

greedy1 2074.37218222 1626.34499797 


radial 1915.6501658 1441.98999497 

radial 1441.98999497 

1441.98999497 0
0 1 2 3 4 5 0
0 6 7 8 9 10 0
0 11 16 15 14 12 17 18 19 24 23 22 13 20 21 0
0 25 26 27 32 31 30 28 33 34 35 40 39 38 29 36 37 0
0 53 52 45 54 55 56 51 50 49 44 46 47 48 43 42 41 0
0 63 62 61 60 59 58 57 0
0 64 65 66 67 68 0
0 70 71 76 75 74 72 77 79 73 79 0
0 78 84 83 82 80 85 86 87 92 91 90 81 88 93 95 89 0
0 94 100 99 98 96 101 102 103 108 107 106 97 104 109 111 105 0
0 110 116 115 114 112 117 118 119 113 120 121 0
0 122 123 124 125 126 0
0 127 128 129 130 131 0
0 136 135 134 132 137 138 139 144 143 142 133 140 145 146 147 141 0
0 152 151 150 148 153 154 155 160 159 158 149 156 161 162 163 157 0
0 173 179 178 177 172 165 174 175 176 171 170 169 164 166 167 168 0
0 180 181 182 183 184 0
0 188 187 186 185 189 0
0 240 206 203 198 195 191 190 0
0 193 211 214 219 222 227 230 235 238 196 194 192 0
0 197 199 204 202 200 205 207 212 210 201 208 213 215 220 218 209 216 221 223 217 0
0 228 226 224 229 231 236 234 225 232 237 239 233 0

vrp_30_4_1
Solving: data/vrp_30_4_1

greedy1 1793.88172367 751.900183347 

vrp_33_4_1
Solving: data/vrp_33_4_1

greedy1 1537.28993356 1054.32009777 

vrp_400_18_1
Solving: data/vrp_400_18_1

greedy1 5773.18581602 1330.20876445 


radial 3789.27690539 1404.53086853 

greedy1 1330.20876445 

1330.20876445 0
0 1 3 9 399 0
0 6 11 7 13 4 13 0
0 8 12 17 23 16 15 10 5 0
0 25 19 18 24 31 39 30 22 21 20 14 0
0 26 33 41 32 40 49 59 48 38 29 47 37 28 0
0 54 27 36 46 57 69 58 70 83 71 60 50 61 51 42 34 0
0 45 56 68 81 95 82 96 111 97 84 98 85 72 73 62 52 43 98 0
0 53 63 74 86 99 113 128 112 127 143 126 142 110 125 109 94 80 67 90 44 55 0
0 64 75 87 100 114 129 145 162 180 199 198 178 159 141 124 108 93 79 66 160 179 161 144 0
0 76 88 101 115 130 146 163 181 200 219 237 218 254 236 217 197 177 158 140 123 107 152 77 65 78 92 0
0 89 103 117 102 116 131 147 164 182 201 220 238 255 271 286 270 253 235 216 196 176 157 139 122 121 105 91 106 0
0 132 149 133 118 169 166 148 165 183 202 221 239 256 272 287 301 314 300 285 269 252 234 215 195 175 156 138 155 137 120 104 0
0 119 136 154 173 193 174 213 194 214 233 251 268 284 299 313 326 338 327 315 302 288 273 257 240 222 223 204 185 167 150 134 184 203 0
0 153 266 249 250 267 283 298 312 325 337 348 358 349 339 328 316 303 289 274 275 259 241 258 242 224 205 186 168 151 275 232 231 212 192 172 0
0 191 310 323 311 324 335 336 347 357 366 374 367 359 350 340 329 317 330 318 305 290 304 291 276 260 243 225 206 187 335 282 297 296 281 265 248 230 211 0
0 190 210 372 364 355 345 346 356 365 373 380 386 381 375 368 369 361 351 360 341 352 342 331 319 306 292 277 261 244 226 207 188 372 334 322 309 295 280 264 247 229 0
0 189 209 228 246 263 279 294 308 321 333 344 354 363 371 378 384 389 393 394 391 392 388 383 377 370 362 353 343 332 320 307 293 278 262 245 227 208 376 382 387 390 385 379 0
0 395 397 398 396 0

vrp_484_19_1
Solving: data/vrp_484_19_1

greedy1 7552.15542032 1494.55228381 


radial 4806.84424292 1586.16974542 

greedy1 1494.55228381 

1494.55228381 0
0 1 3 9 483 0
0 6 11 7 13 4 13 0
0 8 12 17 23 16 15 10 5 0
0 25 19 18 24 31 39 30 22 21 20 14 0
0 26 33 41 32 40 49 59 48 38 29 47 37 28 0
0 54 27 36 46 57 69 58 70 83 71 60 50 61 51 42 34 0
0 45 56 68 81 95 82 96 111 97 84 98 85 72 73 62 52 43 98 0
0 53 63 74 86 99 113 128 112 127 143 126 142 110 125 109 94 80 67 90 44 55 0
0 64 75 87 100 114 129 145 162 180 199 198 178 159 141 124 108 93 79 66 160 179 161 144 0
0 76 88 101 115 130 146 163 181 200 220 241 219 262 240 218 197 177 158 140 123 107 152 77 65 78 92 0
0 89 103 117 102 116 131 147 164 182 201 221 242 263 283 302 282 261 239 217 196 176 157 139 122 121 105 91 106 0
0 132 149 133 118 169 166 148 165 183 202 222 243 264 284 303 321 338 320 301 281 260 238 216 195 175 156 138 155 137 120 104 0
0 119 136 154 173 193 174 214 194 215 237 259 280 300 319 337 354 370 355 339 322 304 285 265 244 223 224 204 185 167 150 134 184 203 0
0 153 278 257 258 279 299 318 336 353 369 384 398 385 371 356 340 323 305 286 287 267 245 266 246 225 205 186 168 151 287 236 235 213 192 172 0
0 191 334 351 335 352 367 368 383 397 410 422 411 399 386 372 357 341 358 342 325 306 324 307 288 268 247 226 206 187 367 298 317 316 297 277 256 234 212 0
0 190 211 420 408 395 381 382 396 409 421 432 442 433 423 412 413 401 387 400 373 388 374 359 343 326 308 289 269 248 227 207 188 420 366 350 333 315 296 276 255 233 0
0 189 210 232 254 275 295 314 332 349 365 380 394 407 419 430 440 449 457 458 451 452 444 435 425 414 402 389 375 360 344 327 309 290 270 249 228 208 424 434 443 450 441 431 0
0 251 229 250 271 291 310 328 345 361 376 390 403 415 426 436 445 453 460 466 459 465 471 478 475 470 474 469 464 463 456 448 439 429 418 406 393 379 364 348 331 313 294 274 253 231 230 209 0
0 272 292 311 329 346 362 377 391 404 416 427 437 446 454 461 467 472 476 479 481 482 480 477 473 468 462 455 447 438 428 417 405 392 378 363 347 330 312 293 273 252 0

vrp_76_14_1
Solving: data/vrp_76_14_1

greedy1 2768.39498293 1971.37322226 


radial 2729.72836259 2123.4876288 

greedy1 1971.37322226 

1971.37322226 0
0 2 11 66 0
0 23 40 14 4 0
0 67 13 28 9 0
0 8 21 64 32 0
0 24 33 6 46 0
0 72 10 31 56 20 0
0 30 15 59 38 50 0
0 45 5 7 53 58 0
0 75 48 34 17 16 0
0 26 52 47 69 43 1 0
0 12 39 44 62 27 54 0
0 19 57 37 61 41 18 25 0
0 51 3 49 63 42 22 36 60 29 0
0 68 73 74 71 70 35 65 55 0

vrp_76_8_2
Solving: data/vrp_76_8_2

greedy1 2599.63192034 1427.16843517 


radial 2596.4421314 1438.78431617 

greedy1 1427.16843517 

1427.16843517 0
0 4 13 14 66 11 40 0
0 67 15 21 28 64 32 9 0
0 10 24 56 33 2 5 46 0
0 6 30 20 59 53 38 31 50 0
0 75 47 48 45 52 34 58 72 17 16 0
0 26 12 39 44 43 1 62 27 54 8 35 0
0 51 25 18 41 22 61 36 71 60 37 29 57 19 7 0
0 65 55 3 49 23 42 63 73 74 69 70 68 0

vrp_101_14_1
Solving: data/vrp_101_14_1

greedy1 3716.66068228 2428.99476935 


radial 3158.6541764 2444.82858802 

greedy1 2428.99476935 

2428.99476935 0
0 48 86 85 0
0 39 68 71 49 0
0 31 47 46 59 23 0
0 5 87 2 81 2 0
0 13 72 67 34 66 0
0 14 93 6 32 30 79 0
0 89 16 95 4 12 65 0
0 58 44 22 75 54 24 62 0
0 27 26 3 9 10 19 100 0
0 43 53 43 28 77 50 82 45 0
0 76 33 25 21 97 96 61 83 18 11 0
0 8 64 63 88 1 20 51 29 73 40 88 52 0
0 35 78 80 55 56 74 41 15 57 42 91 37 99 60 84 17 36 7 90 70 69 0
0 92 0

vrp_151_12_2
Solving: data/vrp_151_12_2

greedy1 5328.35771931 2654.06138687 


radial 4899.69007124 2744.41537503 

greedy1 2654.06138687 

2654.06138687 0
0 136 98 9 118 9 18 0
0 12 99 8 20 2 89 73 0
0 34 15 144 109 41 25 97 81 0
0 47 55 143 137 122 117 131 116 0
0 129 80 82 14 67 13 64 33 63 5 0
0 11 115 112 7 66 4 145 54 30 49 62 0
0 108 125 72 150 19 94 69 48 3 35 104 76 0
0 77 78 16 59 31 60 27 6 23 132 95 88 44 0
0 103 39 42 111 139 32 100 28 121 84 21 53 127 126 38 0
0 37 45 71 50 79 83 51 101 70 113 61 43 24 58 133 68 146 148 147 17 0
0 85 36 29 130 75 106 124 123 10 90 40 93 65 107 52 87 149 134 96 86 114 26 22 1 119 138 57 102 46 0
0 140 120 128 74 105 91 92 141 142 110 56 0

vrp_16_5_1
Solving: data/vrp_16_5_1

greedy1 513.550655388 426.041880576 


radial 513.465682094 425.983181405 

radial 425.983181405 

425.983181405 0
0 12 13 2 8 0
0 9 5 14 0
0 11 3 7 0
0 4 15 10 1 6 0
0  0

vrp_21_6_1
Solving: data/vrp_21_6_1

greedy1 715.892129526 625.171163751 


radial 715.892129526 625.171163751 

greedy1 625.171163751 

625.171163751 0
0 8 13 0
0 2 10 0
0 3 16 16 0
0 1 6 7 4 0
0 5 20 18 17 0
0 11 19 12 14 9 0

vrp_253_27_1
Solving: data/vrp_253_27_1

greedy1 1155.74703811 1120.88571339 


radial 1201.20116808 1166.50730642 

greedy1 1120.88571339 

1120.88571339 0
0 3 2 1 60 0
0 6 5 4 61 0
0 7 8 9 62 0
0 10 11 63 252 0
0 12 13 64 14 15 16 0
0 21 20 19 18 17 65 0
0 26 25 24 23 22 66 0
0 27 28 29 30 31 67 0
0 32 33 34 35 36 37 68 38 0
0 45 44 43 42 41 40 69 39 0
0 52 51 50 49 48 47 46 70 0
0 53 54 55 56 57 58 59 71 0
0 72 73 74 75 76 77 78 79 80 81 0
0 82 83 84 85 86 87 88 89 90 91 0
0 92 93 94 95 96 97 98 99 100 101 102 0
0 103 104 105 106 107 108 109 110 111 112 113 114 0
0 115 116 117 118 119 120 121 122 123 124 125 126 0
0 127 128 129 130 131 132 133 134 135 136 137 138 0
0 139 140 141 142 143 144 145 146 147 148 149 150 151 152 0
0 153 154 155 156 157 158 159 160 161 162 163 164 165 166 0
0 167 168 169 170 171 172 173 174 175 176 177 178 179 180 0
0 181 182 183 184 185 186 187 188 189 190 191 192 193 194 195 0
0 196 197 198 199 200 201 202 203 204 205 206 207 208 209 210 211 0
0 212 213 214 215 216 217 218 219 220 221 222 223 224 225 226 227 0
0 228 229 230 231 232 233 234 235 236 237 238 239 240 241 242 243 0
0 244 245 246 247 248 249 250 251 0
0  0

vrp_301_28_1
Solving: data/vrp_301_28_1

greedy1 2925.17154874 2295.52241527 


radial 2661.18359986 2038.82846029 

radial 2038.82846029 

2038.82846029 0
0 1 2 3 4 5 0
0 6 7 8 9 10 0
0 11 16 15 14 12 17 18 19 24 23 22 13 20 21 0
0 25 26 27 32 31 30 28 33 34 35 40 39 38 29 36 37 0
0 53 52 45 54 55 56 51 50 49 44 46 47 48 43 42 41 0
0 63 62 61 60 59 58 57 0
0 64 65 66 67 68 0
0 70 71 76 75 74 72 77 79 73 79 0
0 78 84 83 82 80 85 86 87 92 91 90 81 88 93 95 89 0
0 94 100 99 98 96 101 102 103 108 107 106 97 104 109 111 105 0
0 110 116 115 114 112 117 118 119 113 120 121 0
0 122 123 124 125 126 0
0 127 128 129 130 131 0
0 136 135 134 132 137 138 139 144 143 142 133 140 145 146 147 141 0
0 152 151 150 148 153 154 155 160 159 158 149 156 161 162 163 157 0
0 173 179 178 177 172 165 174 175 176 171 170 169 164 166 167 168 0
0 180 181 182 183 184 0
0 188 187 186 185 189 0
0 201 200 193 199 198 197 192 194 195 196 191 190 0
0 217 216 209 215 214 213 208 210 211 212 207 206 205 202 203 204 0
0 233 232 225 231 230 229 224 226 227 228 223 222 221 218 219 220 0
0 236 235 234 237 238 239 240 241 242 0
0 245 244 243 247 246 0
0 300 251 250 249 248 0
0 255 258 263 266 271 274 279 282 287 290 0
0 269 268 261 270 272 267 265 260 253 262 264 259 257 252 254 256 298 295 0
0 273 275 280 278 276 281 283 288 286 277 284 289 291 296 294 285 292 297 299 293 0
0  0

vrp_33_5_1
Solving: data/vrp_33_5_1

greedy1 1537.28993356 1054.32009777 


radial 1416.3306527 884.398786159 

radial 884.398786159 

884.398786159 0
0 30 31 14 26 25 22 11 7 0
0 4 32 8 10 19 23 24 16 28 1 0
0 3 2 12 5 6 9 13 15 17 18 21 20 27 29 0
0  0
0  0

vrp_41_14_1
Solving: data/vrp_41_14_1

greedy1 1405.16129207 1254.70373502 

1 Still throws errors
vrp_5_4_1
Solving: data/vrp_5_4_1

greedy1 80.6449510225 80.6449510225 

vrp_76_14_2
Solving: data/vrp_76_14_2

greedy1 2768.39498293 1971.37322226 


radial 2729.72836259 2123.4876288 

greedy1 1971.37322226 

1971.37322226 0
0 2 11 66 0
0 23 40 14 4 0
0 67 13 28 9 0
0 8 21 64 32 0
0 24 33 6 46 0
0 72 10 31 56 20 0
0 30 15 59 38 50 0
0 45 5 7 53 58 0
0 75 48 34 17 16 0
0 26 52 47 69 43 1 0
0 12 39 44 62 27 54 0
0 19 57 37 61 41 18 25 0
0 51 3 49 63 42 22 36 60 29 0
0 68 73 74 71 70 35 65 55 0

vrp_76_9_1
Solving: data/vrp_76_9_1

greedy1 5442.34176044 2603.2273744 


radial 4404.49963725 2603.52192044 

greedy1 2603.2273744 

2603.2273744 0
0 75 47 44 0
0 17 62 10 0
0 1 18 51 0
0 64 21 64 43 0
0 3 60 37 45 0
0 11 73 49 19 22 0
0 74 28 48 42 69 7 0
0 2 5 31 4 40 26 15 31 36 0
0 68 54 55 57 56 59 61 58 63 66 52 53 29 32 20 24 34 27 30 16 23 33 25 46 41 50 12 6 13 39 70 8 14 71 9 72 67 35 0

